<?xml version="1.0" encoding="UTF-8"?>
<testsuites>
  <testsuite name="/home/adam/Documents/flare/phpunit.xml" tests="1364" assertions="3032" errors="0" failures="0" skipped="0" time="1279.700416">
    <testsuite name="Console" tests="61" assertions="147" errors="0" failures="0" skipped="0" time="297.372766">
      <testsuite name="Tests\Console\AddHolyStacksToItemsTest" file="/home/adam/Documents/flare/tests/Console/AddHolyStacksToItemsTest.php" tests="1" assertions="4" errors="0" failures="0" skipped="0" time="22.314816">
        <testcase name="testAddHolyStacks" file="/home/adam/Documents/flare/tests/Console/AddHolyStacksToItemsTest.php" line="14" class="Tests\Console\AddHolyStacksToItemsTest" classname="Tests.Console.AddHolyStacksToItemsTest" assertions="4" time="22.314816"/>
      </testsuite>
      <testsuite name="Tests\Console\Admin\CreateAdminAccountTest" file="/home/adam/Documents/flare/tests/Console/Admin/CreateAdminAccountTest.php" tests="3" assertions="8" errors="0" failures="0" skipped="0" time="0.425296">
        <testcase name="testFailToCreateAdmin" file="/home/adam/Documents/flare/tests/Console/Admin/CreateAdminAccountTest.php" line="33" class="Tests\Console\Admin\CreateAdminAccountTest" classname="Tests.Console.Admin.CreateAdminAccountTest" assertions="1" time="0.150101"/>
        <testcase name="testFailToCreateDuplicateAdmin" file="/home/adam/Documents/flare/tests/Console/Admin/CreateAdminAccountTest.php" line="49" class="Tests\Console\Admin\CreateAdminAccountTest" classname="Tests.Console.Admin.CreateAdminAccountTest" assertions="3" time="0.137102"/>
        <testcase name="testCreateAdmin" file="/home/adam/Documents/flare/tests/Console/Admin/CreateAdminAccountTest.php" line="18" class="Tests\Console\Admin\CreateAdminAccountTest" classname="Tests.Console.Admin.CreateAdminAccountTest" assertions="4" time="0.138092"/>
      </testsuite>
      <testsuite name="Tests\Console\Admin\GiveKingdomsToNpcsTest" file="/home/adam/Documents/flare/tests/Console/Admin/GiveKingdomsToNpcsTest.php" tests="1" assertions="2" errors="0" failures="0" skipped="0" time="0.287747">
        <testcase name="testGiveBannedPlayerKingdomsToNPC" file="/home/adam/Documents/flare/tests/Console/Admin/GiveKingdomsToNpcsTest.php" line="38" class="Tests\Console\Admin\GiveKingdomsToNpcsTest" classname="Tests.Console.Admin.GiveKingdomsToNpcsTest" assertions="2" time="0.287747"/>
      </testsuite>
      <testsuite name="Tests\Console\Battle\ClearCelestialsTest" file="/home/adam/Documents/flare/tests/Console/Battle/ClearCelestialsTest.php" tests="1" assertions="3" errors="0" failures="0" skipped="0" time="0.267118">
        <testcase name="testClearCelestials" file="/home/adam/Documents/flare/tests/Console/Battle/ClearCelestialsTest.php" line="32" class="Tests\Console\Battle\ClearCelestialsTest" classname="Tests.Console.Battle.ClearCelestialsTest" assertions="3" time="0.267118"/>
      </testsuite>
      <testsuite name="Tests\Console\Character\Console\Commands\AssignNewFactionsToCharactersTest" file="/home/adam/Documents/flare/tests/Console/Character/Console/Commands/AssignNewFactionsToCharactersTest.php" tests="2" assertions="2" errors="0" failures="0" skipped="0" time="0.486279">
        <testcase name="testDoNotAssignNewFaction" file="/home/adam/Documents/flare/tests/Console/Character/Console/Commands/AssignNewFactionsToCharactersTest.php" line="42" class="Tests\Console\Character\Console\Commands\AssignNewFactionsToCharactersTest" classname="Tests.Console.Character.Console.Commands.AssignNewFactionsToCharactersTest" assertions="1" time="0.234470"/>
        <testcase name="testAssignNewFaction" file="/home/adam/Documents/flare/tests/Console/Character/Console/Commands/AssignNewFactionsToCharactersTest.php" line="31" class="Tests\Console\Character\Console\Commands\AssignNewFactionsToCharactersTest" classname="Tests.Console.Character.Console.Commands.AssignNewFactionsToCharactersTest" assertions="1" time="0.251809"/>
      </testsuite>
      <testsuite name="Tests\Console\Character\Console\Commands\AssignNewSkillsToPlayersTest" file="/home/adam/Documents/flare/tests/Console/Character/Console/Commands/AssignNewSkillsToPlayersTest.php" tests="1" assertions="1" errors="0" failures="0" skipped="0" time="0.403723">
        <testcase name="testAssignNewSkillToPlayer" file="/home/adam/Documents/flare/tests/Console/Character/Console/Commands/AssignNewSkillsToPlayersTest.php" line="31" class="Tests\Console\Character\Console\Commands\AssignNewSkillsToPlayersTest" classname="Tests.Console.Character.Console.Commands.AssignNewSkillsToPlayersTest" assertions="1" time="0.403723"/>
      </testsuite>
      <testsuite name="Tests\Console\CleanMarketHistoryTest" file="/home/adam/Documents/flare/tests/Console/CleanMarketHistoryTest.php" tests="1" assertions="2" errors="0" failures="0" skipped="0" time="0.134257">
        <testcase name="testCleanMarketHistory" file="/home/adam/Documents/flare/tests/Console/CleanMarketHistoryTest.php" line="15" class="Tests\Console\CleanMarketHistoryTest" classname="Tests.Console.CleanMarketHistoryTest" assertions="2" time="0.134257"/>
      </testsuite>
      <testsuite name="Tests\Console\CreateCharacterAttackDataCacheTest" file="/home/adam/Documents/flare/tests/Console/CreateCharacterAttackDataCacheTest.php" tests="1" assertions="2" errors="0" failures="0" skipped="0" time="0.203135">
        <testcase name="testCreateAttackData" file="/home/adam/Documents/flare/tests/Console/CreateCharacterAttackDataCacheTest.php" line="15" class="Tests\Console\CreateCharacterAttackDataCacheTest" classname="Tests.Console.CreateCharacterAttackDataCacheTest" assertions="2" time="0.203135"/>
      </testsuite>
      <testsuite name="Tests\Console\DeleteFlaggedUsersTest" file="/home/adam/Documents/flare/tests/Console/DeleteFlaggedUsersTest.php" tests="2" assertions="4" errors="0" failures="0" skipped="0" time="23.111066">
        <testcase name="testDeleteInactiveFlaggedUsers" file="/home/adam/Documents/flare/tests/Console/DeleteFlaggedUsersTest.php" line="60" class="Tests\Console\DeleteFlaggedUsersTest" classname="Tests.Console.DeleteFlaggedUsersTest" assertions="2" time="0.408796"/>
        <testcase name="testDoNotDeletedNonFlaggedUsers" file="/home/adam/Documents/flare/tests/Console/DeleteFlaggedUsersTest.php" line="71" class="Tests\Console\DeleteFlaggedUsersTest" classname="Tests.Console.DeleteFlaggedUsersTest" assertions="2" time="22.702270"/>
      </testsuite>
      <testsuite name="Tests\Console\Events\EndScheduledEventTest" file="/home/adam/Documents/flare/tests/Console/Events/EndScheduledEventTest.php" tests="11" assertions="48" errors="0" failures="0" skipped="0" time="124.672690">
        <testcase name="testEndWeeklyCurrencyEvent" file="/home/adam/Documents/flare/tests/Console/Events/EndScheduledEventTest.php" line="154" class="Tests\Console\Events\EndScheduledEventTest" classname="Tests.Console.Events.EndScheduledEventTest" assertions="3" time="23.030076"/>
        <testcase name="testEndsEventsRunningWhenNoScheduledEventsAreRunning" file="/home/adam/Documents/flare/tests/Console/Events/EndScheduledEventTest.php" line="275" class="Tests\Console\Events\EndScheduledEventTest" classname="Tests.Console.Events.EndScheduledEventTest" assertions="2" time="0.147884"/>
        <testcase name="testEndWeeklyCelestialEvent" file="/home/adam/Documents/flare/tests/Console/Events/EndScheduledEventTest.php" line="181" class="Tests\Console\Events\EndScheduledEventTest" classname="Tests.Console.Events.EndScheduledEventTest" assertions="3" time="0.134805"/>
        <testcase name="testSetScheduledEventCurrentlyRunningAsFalseWhenNoEventExistsForIt" file="/home/adam/Documents/flare/tests/Console/Events/EndScheduledEventTest.php" line="59" class="Tests\Console\Events\EndScheduledEventTest" classname="Tests.Console.Events.EndScheduledEventTest" assertions="3" time="0.223220"/>
        <testcase name="testEndRaidEvent" file="/home/adam/Documents/flare/tests/Console/Events/EndScheduledEventTest.php" line="101" class="Tests\Console\Events\EndScheduledEventTest" classname="Tests.Console.Events.EndScheduledEventTest" assertions="3" time="0.270201"/>
        <testcase name="testEndWeeklyFactionLoyaltyEvent" file="/home/adam/Documents/flare/tests/Console/Events/EndScheduledEventTest.php" line="208" class="Tests\Console\Events\EndScheduledEventTest" classname="Tests.Console.Events.EndScheduledEventTest" assertions="3" time="0.139759"/>
        <testcase name="testEndFeedbackEventWithSubmittedSurveys" file="/home/adam/Documents/flare/tests/Console/Events/EndScheduledEventTest.php" line="235" class="Tests\Console\Events\EndScheduledEventTest" classname="Tests.Console.Events.EndScheduledEventTest" assertions="4" time="1.219101"/>
        <testcase name="testEndWinterEventWhilePledgedToFactionAndHelpingNPc" file="/home/adam/Documents/flare/tests/Console/Events/EndScheduledEventTest.php" line="434" class="Tests\Console\Events\EndScheduledEventTest" classname="Tests.Console.Events.EndScheduledEventTest" assertions="8" time="24.837194"/>
        <testcase name="testEndDelusionalMemoriesEvent" file="/home/adam/Documents/flare/tests/Console/Events/EndScheduledEventTest.php" line="368" class="Tests\Console\Events\EndScheduledEventTest" classname="Tests.Console.Events.EndScheduledEventTest" assertions="6" time="25.321576"/>
        <testcase name="testEndWinterEvent" file="/home/adam/Documents/flare/tests/Console/Events/EndScheduledEventTest.php" line="302" class="Tests\Console\Events\EndScheduledEventTest" classname="Tests.Console.Events.EndScheduledEventTest" assertions="6" time="24.646308"/>
        <testcase name="testEndWinterEventWhileNFactionLoayltyExists" file="/home/adam/Documents/flare/tests/Console/Events/EndScheduledEventTest.php" line="540" class="Tests\Console\Events\EndScheduledEventTest" classname="Tests.Console.Events.EndScheduledEventTest" assertions="7" time="24.702566"/>
      </testsuite>
      <testsuite name="Tests\Console\Events\ProcessScheduledEventsTest" file="/home/adam/Documents/flare/tests/Console/Events/ProcessScheduledEventsTest.php" tests="7" assertions="16" errors="0" failures="0" skipped="0" time="23.851721">
        <testcase name="testWeeklyFactionEvent" file="/home/adam/Documents/flare/tests/Console/Events/ProcessScheduledEventsTest.php" line="129" class="Tests\Console\Events\ProcessScheduledEventsTest" classname="Tests.Console.Events.ProcessScheduledEventsTest" assertions="2" time="22.981488"/>
        <testcase name="testWeeklyFeedBackEventEvent" file="/home/adam/Documents/flare/tests/Console/Events/ProcessScheduledEventsTest.php" line="143" class="Tests\Console\Events\ProcessScheduledEventsTest" classname="Tests.Console.Events.ProcessScheduledEventsTest" assertions="2" time="0.129125"/>
        <testcase name="testWeeklyCurrencyEventTriggers" file="/home/adam/Documents/flare/tests/Console/Events/ProcessScheduledEventsTest.php" line="67" class="Tests\Console\Events\ProcessScheduledEventsTest" classname="Tests.Console.Events.ProcessScheduledEventsTest" assertions="2" time="0.148520"/>
        <testcase name="testWinterEvent" file="/home/adam/Documents/flare/tests/Console/Events/ProcessScheduledEventsTest.php" line="93" class="Tests\Console\Events\ProcessScheduledEventsTest" classname="Tests.Console.Events.ProcessScheduledEventsTest" assertions="3" time="0.148599"/>
        <testcase name="testDelusionalMemoriesEvent" file="/home/adam/Documents/flare/tests/Console/Events/ProcessScheduledEventsTest.php" line="111" class="Tests\Console\Events\ProcessScheduledEventsTest" classname="Tests.Console.Events.ProcessScheduledEventsTest" assertions="3" time="0.140713"/>
        <testcase name="testRaidEventTriggers" file="/home/adam/Documents/flare/tests/Console/Events/ProcessScheduledEventsTest.php" line="33" class="Tests\Console\Events\ProcessScheduledEventsTest" classname="Tests.Console.Events.ProcessScheduledEventsTest" assertions="2" time="0.178961"/>
        <testcase name="testWeeklyCelestialEventTriggers" file="/home/adam/Documents/flare/tests/Console/Events/ProcessScheduledEventsTest.php" line="80" class="Tests\Console\Events\ProcessScheduledEventsTest" classname="Tests.Console.Events.ProcessScheduledEventsTest" assertions="2" time="0.124315"/>
      </testsuite>
      <testsuite name="Tests\Console\Events\RestartGlobalEventGoalTest" file="/home/adam/Documents/flare/tests/Console/Events/RestartGlobalEventGoalTest.php" tests="11" assertions="28" errors="0" failures="0" skipped="0" time="75.450918">
        <testcase name="testDoNotResetCraftingGoal" file="/home/adam/Documents/flare/tests/Console/Events/RestartGlobalEventGoalTest.php" line="184" class="Tests\Console\Events\RestartGlobalEventGoalTest" classname="Tests.Console.Events.RestartGlobalEventGoalTest" assertions="2" time="0.234295"/>
        <testcase name="testDoNotRestEventGoalWhenNoGlobalEventGoalExists" file="/home/adam/Documents/flare/tests/Console/Events/RestartGlobalEventGoalTest.php" line="134" class="Tests\Console\Events\RestartGlobalEventGoalTest" classname="Tests.Console.Events.RestartGlobalEventGoalTest" assertions="1" time="0.203414"/>
        <testcase name="testDoNotRestEventGoal" file="/home/adam/Documents/flare/tests/Console/Events/RestartGlobalEventGoalTest.php" line="146" class="Tests\Console\Events\RestartGlobalEventGoalTest" classname="Tests.Console.Events.RestartGlobalEventGoalTest" assertions="2" time="0.218901"/>
        <testcase name="testFailToMoveToNextStepWhenEventDoesNotExist" file="/home/adam/Documents/flare/tests/Console/Events/RestartGlobalEventGoalTest.php" line="260" class="Tests\Console\Events\RestartGlobalEventGoalTest" classname="Tests.Console.Events.RestartGlobalEventGoalTest" assertions="3" time="0.256957"/>
        <testcase name="testDoNotResetEnchantingGoal" file="/home/adam/Documents/flare/tests/Console/Events/RestartGlobalEventGoalTest.php" line="222" class="Tests\Console\Events\RestartGlobalEventGoalTest" classname="Tests.Console.Events.RestartGlobalEventGoalTest" assertions="2" time="0.230210"/>
        <testcase name="testCannotMoveToNextStepWhenNextStepIsNotAValidStep" file="/home/adam/Documents/flare/tests/Console/Events/RestartGlobalEventGoalTest.php" line="309" class="Tests\Console\Events\RestartGlobalEventGoalTest" classname="Tests.Console.Events.RestartGlobalEventGoalTest" assertions="4" time="0.218763"/>
        <testcase name="testDoNotResetEventGoalWhenMaxKillsDoMatchCurrentKills" file="/home/adam/Documents/flare/tests/Console/Events/RestartGlobalEventGoalTest.php" line="89" class="Tests\Console\Events\RestartGlobalEventGoalTest" classname="Tests.Console.Events.RestartGlobalEventGoalTest" assertions="2" time="0.357855"/>
        <testcase name="testHandleMovingFromCraftEventStepToEnchantingStep" file="/home/adam/Documents/flare/tests/Console/Events/RestartGlobalEventGoalTest.php" line="431" class="Tests\Console\Events\RestartGlobalEventGoalTest" classname="Tests.Console.Events.RestartGlobalEventGoalTest" assertions="4" time="1.750071"/>
        <testcase name="testHandleMovingToCraftingStepOfEventGoal" file="/home/adam/Documents/flare/tests/Console/Events/RestartGlobalEventGoalTest.php" line="493" class="Tests\Console\Events\RestartGlobalEventGoalTest" classname="Tests.Console.Events.RestartGlobalEventGoalTest" assertions="2" time="23.837783"/>
        <testcase name="testHandleMovingToTheNextStepFromEnchantingToBattling" file="/home/adam/Documents/flare/tests/Console/Events/RestartGlobalEventGoalTest.php" line="368" class="Tests\Console\Events\RestartGlobalEventGoalTest" classname="Tests.Console.Events.RestartGlobalEventGoalTest" assertions="4" time="24.276280"/>
        <testcase name="testResetEventGoal" file="/home/adam/Documents/flare/tests/Console/Events/RestartGlobalEventGoalTest.php" line="44" class="Tests\Console\Events\RestartGlobalEventGoalTest" classname="Tests.Console.Events.RestartGlobalEventGoalTest" assertions="2" time="23.866388"/>
      </testsuite>
      <testsuite name="Tests\Console\FlagUsersForDeletionTest" file="/home/adam/Documents/flare/tests/Console/FlagUsersForDeletionTest.php" tests="2" assertions="4" errors="0" failures="0" skipped="0" time="22.406398">
        <testcase name="testDoesNotFlagValidUsers" file="/home/adam/Documents/flare/tests/Console/FlagUsersForDeletionTest.php" line="31" class="Tests\Console\FlagUsersForDeletionTest" classname="Tests.Console.FlagUsersForDeletionTest" assertions="2" time="22.270074"/>
        <testcase name="testFlagsUsersForDeletion" file="/home/adam/Documents/flare/tests/Console/FlagUsersForDeletionTest.php" line="14" class="Tests\Console\FlagUsersForDeletionTest" classname="Tests.Console.FlagUsersForDeletionTest" assertions="2" time="0.136324"/>
      </testsuite>
      <testsuite name="Tests\Console\Flare\CreateAdminTest" file="/home/adam/Documents/flare/tests/Console/Flare/CreateAdminTest.php" tests="2" assertions="2" errors="0" failures="0" skipped="0" time="0.284405">
        <testcase name="testCreateAdminUserExists" file="/home/adam/Documents/flare/tests/Console/Flare/CreateAdminTest.php" line="23" class="Tests\Console\Flare\CreateAdminTest" classname="Tests.Console.Flare.CreateAdminTest" assertions="1" time="0.141879"/>
        <testcase name="testCreateAdmin" file="/home/adam/Documents/flare/tests/Console/Flare/CreateAdminTest.php" line="16" class="Tests\Console\Flare\CreateAdminTest" classname="Tests.Console.Flare.CreateAdminTest" assertions="1" time="0.142526"/>
      </testsuite>
      <testsuite name="Tests\Console\Kingdoms\DeleteKingdomLogsTest" file="/home/adam/Documents/flare/tests/Console/Kingdoms/DeleteKingdomLogsTest.php" tests="1" assertions="2" errors="0" failures="0" skipped="0" time="0.241972">
        <testcase name="testDeleteKingdomLogs" file="/home/adam/Documents/flare/tests/Console/Kingdoms/DeleteKingdomLogsTest.php" line="16" class="Tests\Console\Kingdoms\DeleteKingdomLogsTest" classname="Tests.Console.Kingdoms.DeleteKingdomLogsTest" assertions="2" time="0.241972"/>
      </testsuite>
      <testsuite name="Tests\Console\LevelCharacterTest" file="/home/adam/Documents/flare/tests/Console/LevelCharacterTest.php" tests="2" assertions="4" errors="0" failures="0" skipped="0" time="0.464740">
        <testcase name="testCannotLevelCharacter" file="/home/adam/Documents/flare/tests/Console/LevelCharacterTest.php" line="27" class="Tests\Console\LevelCharacterTest" classname="Tests.Console.LevelCharacterTest" assertions="2" time="0.234903"/>
        <testcase name="testLevelCharacter" file="/home/adam/Documents/flare/tests/Console/LevelCharacterTest.php" line="13" class="Tests\Console\LevelCharacterTest" classname="Tests.Console.LevelCharacterTest" assertions="2" time="0.229837"/>
      </testsuite>
      <testsuite name="Tests\Console\Maps\UpdateMapCountTest" file="/home/adam/Documents/flare/tests/Console/Maps/UpdateMapCountTest.php" tests="1" assertions="2" errors="0" failures="0" skipped="0" time="0.133458">
        <testcase name="testUpdateMapCount" file="/home/adam/Documents/flare/tests/Console/Maps/UpdateMapCountTest.php" line="15" class="Tests\Console\Maps\UpdateMapCountTest" classname="Tests.Console.Maps.UpdateMapCountTest" assertions="2" time="0.133458"/>
      </testsuite>
      <testsuite name="Tests\Console\Messages\CleanChatTest" file="/home/adam/Documents/flare/tests/Console/Messages/CleanChatTest.php" tests="1" assertions="2" errors="0" failures="0" skipped="0" time="0.124146">
        <testcase name="testClearChat" file="/home/adam/Documents/flare/tests/Console/Messages/CleanChatTest.php" line="16" class="Tests\Console\Messages\CleanChatTest" classname="Tests.Console.Messages.CleanChatTest" assertions="2" time="0.124146"/>
      </testsuite>
      <testsuite name="Tests\Console\Raids\ResetDailyRaidAttackLimitsTest" file="/home/adam/Documents/flare/tests/Console/Raids/ResetDailyRaidAttackLimitsTest.php" tests="3" assertions="3" errors="0" failures="0" skipped="0" time="0.575803">
        <testcase name="testDoNotResetRaidFightWhenNoEvent" file="/home/adam/Documents/flare/tests/Console/Raids/ResetDailyRaidAttackLimitsTest.php" line="63" class="Tests\Console\Raids\ResetDailyRaidAttackLimitsTest" classname="Tests.Console.Raids.ResetDailyRaidAttackLimitsTest" assertions="1" time="0.106682"/>
        <testcase name="testDoNotresetRaidFightWhenRaidBossIsDead" file="/home/adam/Documents/flare/tests/Console/Raids/ResetDailyRaidAttackLimitsTest.php" line="72" class="Tests\Console\Raids\ResetDailyRaidAttackLimitsTest" classname="Tests.Console.Raids.ResetDailyRaidAttackLimitsTest" assertions="1" time="0.250258"/>
        <testcase name="testResetRaidFight" file="/home/adam/Documents/flare/tests/Console/Raids/ResetDailyRaidAttackLimitsTest.php" line="24" class="Tests\Console\Raids\ResetDailyRaidAttackLimitsTest" classname="Tests.Console.Raids.ResetDailyRaidAttackLimitsTest" assertions="1" time="0.218863"/>
      </testsuite>
      <testsuite name="Tests\Console\Survey\StartSurveyTest" file="/home/adam/Documents/flare/tests/Console/Survey/StartSurveyTest.php" tests="6" assertions="6" errors="0" failures="0" skipped="0" time="1.325096">
        <testcase name="testCannotStartSurveyWhenNoScheduledEventIsRunning" file="/home/adam/Documents/flare/tests/Console/Survey/StartSurveyTest.php" line="40" class="Tests\Console\Survey\StartSurveyTest" classname="Tests.Console.Survey.StartSurveyTest" assertions="1" time="0.233028"/>
        <testcase name="testCannotStartSurveyWhenFlagIsAlreadyFlippedToShowTheSurvey" file="/home/adam/Documents/flare/tests/Console/Survey/StartSurveyTest.php" line="50" class="Tests\Console\Survey\StartSurveyTest" classname="Tests.Console.Survey.StartSurveyTest" assertions="1" time="0.219123"/>
        <testcase name="testCannotStartSurveyWhenUserLoginDurationIsBelowOneHour" file="/home/adam/Documents/flare/tests/Console/Survey/StartSurveyTest.php" line="83" class="Tests\Console\Survey\StartSurveyTest" classname="Tests.Console.Survey.StartSurveyTest" assertions="1" time="0.226777"/>
        <testcase name="testCanDoSurvey" file="/home/adam/Documents/flare/tests/Console/Survey/StartSurveyTest.php" line="142" class="Tests\Console\Survey\StartSurveyTest" classname="Tests.Console.Survey.StartSurveyTest" assertions="1" time="0.208661"/>
        <testcase name="testCannotStartSurveyWhenThereIsNoLoggedInDurationRecord" file="/home/adam/Documents/flare/tests/Console/Survey/StartSurveyTest.php" line="68" class="Tests\Console\Survey\StartSurveyTest" classname="Tests.Console.Survey.StartSurveyTest" assertions="1" time="0.205610"/>
        <testcase name="testCannotStartSurveyWhenYouSubmittedASurvey" file="/home/adam/Documents/flare/tests/Console/Survey/StartSurveyTest.php" line="110" class="Tests\Console\Survey\StartSurveyTest" classname="Tests.Console.Survey.StartSurveyTest" assertions="1" time="0.231898"/>
      </testsuite>
      <testsuite name="Tests\Console\UpdateKingdomTest" file="/home/adam/Documents/flare/tests/Console/UpdateKingdomTest.php" tests="1" assertions="2" errors="0" failures="0" skipped="0" time="0.207984">
        <testcase name="testIncreaseKingdomTreasury" file="/home/adam/Documents/flare/tests/Console/UpdateKingdomTest.php" line="15" class="Tests\Console\UpdateKingdomTest" classname="Tests.Console.UpdateKingdomTest" assertions="2" time="0.207984"/>
      </testsuite>
    </testsuite>
    <testsuite name="Feature" tests="129" assertions="305" errors="0" failures="0" skipped="0" time="102.115460">
      <testsuite name="Tests\Feature\AccountDeletionControllerTest" file="/home/adam/Documents/flare/tests/Feature/AccountDeletionControllerTest.php" tests="2" assertions="2" errors="0" failures="0" skipped="0" time="23.001525">
        <testcase name="testCanDeleteCharacter" file="/home/adam/Documents/flare/tests/Feature/AccountDeletionControllerTest.php" line="71" class="Tests\Feature\AccountDeletionControllerTest" classname="Tests.Feature.AccountDeletionControllerTest" assertions="1" time="0.394778"/>
        <testcase name="testCannotDeleteCharacter" file="/home/adam/Documents/flare/tests/Feature/AccountDeletionControllerTest.php" line="82" class="Tests\Feature\AccountDeletionControllerTest" classname="Tests.Feature.AccountDeletionControllerTest" assertions="1" time="22.606746"/>
      </testsuite>
      <testsuite name="Tests\Feature\Admin\LocationsControllerTest" file="/home/adam/Documents/flare/tests/Feature/Admin/LocationsControllerTest.php" tests="7" assertions="24" errors="0" failures="0" skipped="0" time="23.526835">
        <testcase name="testStoreUpdatesExistingLocation" file="/home/adam/Documents/flare/tests/Feature/Admin/LocationsControllerTest.php" line="99" class="Tests\Feature\Admin\LocationsControllerTest" classname="Tests.Feature.Admin.LocationsControllerTest" assertions="3" time="22.440685"/>
        <testcase name="testEditDisplaysManageViewWithLocation" file="/home/adam/Documents/flare/tests/Feature/Admin/LocationsControllerTest.php" line="59" class="Tests\Feature\Admin\LocationsControllerTest" classname="Tests.Feature.Admin.LocationsControllerTest" assertions="4" time="0.160024"/>
        <testcase name="testCreateDisplaysManageView" file="/home/adam/Documents/flare/tests/Feature/Admin/LocationsControllerTest.php" line="48" class="Tests\Feature\Admin\LocationsControllerTest" classname="Tests.Feature.Admin.LocationsControllerTest" assertions="3" time="0.172755"/>
        <testcase name="testShowWithQuestRewardItemUsesPrimaryQuest" file="/home/adam/Documents/flare/tests/Feature/Admin/LocationsControllerTest.php" line="143" class="Tests\Feature\Admin\LocationsControllerTest" classname="Tests.Feature.Admin.LocationsControllerTest" assertions="3" time="0.151426"/>
        <testcase name="testStoreCreatesNewLocationAndRedirects" file="/home/adam/Documents/flare/tests/Feature/Admin/LocationsControllerTest.php" line="73" class="Tests\Feature\Admin\LocationsControllerTest" classname="Tests.Feature.Admin.LocationsControllerTest" assertions="3" time="0.154695"/>
        <testcase name="testShowDefaultViewData" file="/home/adam/Documents/flare/tests/Feature/Admin/LocationsControllerTest.php" line="121" class="Tests\Feature\Admin\LocationsControllerTest" classname="Tests.Feature.Admin.LocationsControllerTest" assertions="5" time="0.143019"/>
        <testcase name="testIndexDisplaysAllLocations" file="/home/adam/Documents/flare/tests/Feature/Admin/LocationsControllerTest.php" line="35" class="Tests\Feature\Admin\LocationsControllerTest" classname="Tests.Feature.Admin.LocationsControllerTest" assertions="3" time="0.304230"/>
      </testsuite>
      <testsuite name="Tests\Feature\Auth\RegistrationControllerTest" file="/home/adam/Documents/flare/tests/Feature/Auth/RegistrationControllerTest.php" tests="6" assertions="40" errors="0" failures="0" skipped="0" time="23.632238">
        <testcase name="testCannotRegisterWhenNoMap" file="/home/adam/Documents/flare/tests/Feature/Auth/RegistrationControllerTest.php" line="135" class="Tests\Feature\Auth\RegistrationControllerTest" classname="Tests.Feature.Auth.RegistrationControllerTest" assertions="5" time="0.231397"/>
        <testcase name="testCannotRegisterWhenBanned" file="/home/adam/Documents/flare/tests/Feature/Auth/RegistrationControllerTest.php" line="103" class="Tests\Feature\Auth\RegistrationControllerTest" classname="Tests.Feature.Auth.RegistrationControllerTest" assertions="5" time="0.240562"/>
        <testcase name="testCanSeeRegistration" file="/home/adam/Documents/flare/tests/Feature/Auth/RegistrationControllerTest.php" line="52" class="Tests\Feature\Auth\RegistrationControllerTest" classname="Tests.Feature.Auth.RegistrationControllerTest" assertions="11" time="0.210193"/>
        <testcase name="testCannotRegisterWhenCharacterExists" file="/home/adam/Documents/flare/tests/Feature/Auth/RegistrationControllerTest.php" line="159" class="Tests\Feature\Auth\RegistrationControllerTest" classname="Tests.Feature.Auth.RegistrationControllerTest" assertions="5" time="0.337373"/>
        <testcase name="testCanRegister" file="/home/adam/Documents/flare/tests/Feature/Auth/RegistrationControllerTest.php" line="67" class="Tests\Feature\Auth\RegistrationControllerTest" classname="Tests.Feature.Auth.RegistrationControllerTest" assertions="9" time="0.455321"/>
        <testcase name="testCannotRegisterAnyMore" file="/home/adam/Documents/flare/tests/Feature/Auth/RegistrationControllerTest.php" line="191" class="Tests\Feature\Auth\RegistrationControllerTest" classname="Tests.Feature.Auth.RegistrationControllerTest" assertions="5" time="22.157392"/>
      </testsuite>
      <testsuite name="Tests\Feature\Auth\ResetPasswordControllerTest" file="/home/adam/Documents/flare/tests/Feature/Auth/ResetPasswordControllerTest.php" tests="1" assertions="2" errors="0" failures="0" skipped="0" time="0.512326">
        <testcase name="testCanSeeResetPasswordPage" file="/home/adam/Documents/flare/tests/Feature/Auth/ResetPasswordControllerTest.php" line="16" class="Tests\Feature\Auth\ResetPasswordControllerTest" classname="Tests.Feature.Auth.ResetPasswordControllerTest" assertions="2" time="0.512326"/>
      </testsuite>
      <testsuite name="Tests\Feature\ForgotPasswordControllerTest" file="/home/adam/Documents/flare/tests/Feature/ForgotPasswordControllerTest.php" tests="4" assertions="21" errors="0" failures="0" skipped="0" time="1.187439">
        <testcase name="testCanSeeResetPasswordPage" file="/home/adam/Documents/flare/tests/Feature/ForgotPasswordControllerTest.php" line="18" class="Tests\Feature\ForgotPasswordControllerTest" classname="Tests.Feature.ForgotPasswordControllerTest" assertions="3" time="0.155515"/>
        <testcase name="testFailWithUnknownEmail" file="/home/adam/Documents/flare/tests/Feature/ForgotPasswordControllerTest.php" line="57" class="Tests\Feature\ForgotPasswordControllerTest" classname="Tests.Feature.ForgotPasswordControllerTest" assertions="6" time="0.181621"/>
        <testcase name="testUserGoesThroughSecurityQuestions" file="/home/adam/Documents/flare/tests/Feature/ForgotPasswordControllerTest.php" line="44" class="Tests\Feature\ForgotPasswordControllerTest" classname="Tests.Feature.ForgotPasswordControllerTest" assertions="6" time="0.327179"/>
        <testcase name="testAdminCanResetNoSecurityQuestions" file="/home/adam/Documents/flare/tests/Feature/ForgotPasswordControllerTest.php" line="26" class="Tests\Feature\ForgotPasswordControllerTest" classname="Tests.Feature.ForgotPasswordControllerTest" assertions="6" time="0.523124"/>
      </testsuite>
      <testsuite name="Tests\Feature\Game\Character\CharacterInventory\Controllers\Api\CharacterGemBagControllerTest" file="/home/adam/Documents/flare/tests/Feature/Game/Character/CharacterInventory/Controllers/Api/CharacterGemBagControllerTest.php" tests="2" assertions="2" errors="0" failures="0" skipped="0" time="0.479612">
        <testcase name="testGetGemSlot" file="/home/adam/Documents/flare/tests/Feature/Game/Character/CharacterInventory/Controllers/Api/CharacterGemBagControllerTest.php" line="30" class="Tests\Feature\Game\Character\CharacterInventory\Controllers\Api\CharacterGemBagControllerTest" classname="Tests.Feature.Game.Character.CharacterInventory.Controllers.Api.CharacterGemBagControllerTest" assertions="1" time="0.249223"/>
        <testcase name="testGetGem" file="/home/adam/Documents/flare/tests/Feature/Game/Character/CharacterInventory/Controllers/Api/CharacterGemBagControllerTest.php" line="47" class="Tests\Feature\Game\Character\CharacterInventory\Controllers\Api\CharacterGemBagControllerTest" classname="Tests.Feature.Game.Character.CharacterInventory.Controllers.Api.CharacterGemBagControllerTest" assertions="1" time="0.230389"/>
      </testsuite>
      <testsuite name="Tests\Feature\Game\Character\CharacterInventory\Controllers\Api\CharacterInventoryControllerTest" file="/home/adam/Documents/flare/tests/Feature/Game/Character/CharacterInventory/Controllers/Api/CharacterInventoryControllerTest.php" tests="22" assertions="24" errors="0" failures="0" skipped="0" time="7.097714">
        <testcase name="testGetItemDetails" file="/home/adam/Documents/flare/tests/Feature/Game/Character/CharacterInventory/Controllers/Api/CharacterInventoryControllerTest.php" line="66" class="Tests\Feature\Game\Character\CharacterInventory\Controllers\Api\CharacterInventoryControllerTest" classname="Tests.Feature.Game.Character.CharacterInventory.Controllers.Api.CharacterInventoryControllerTest" assertions="1" time="0.292120"/>
        <testcase name="testRenameSet" file="/home/adam/Documents/flare/tests/Feature/Game/Character/CharacterInventory/Controllers/Api/CharacterInventoryControllerTest.php" line="154" class="Tests\Feature\Game\Character\CharacterInventory\Controllers\Api\CharacterInventoryControllerTest" classname="Tests.Feature.Game.Character.CharacterInventory.Controllers.Api.CharacterInventoryControllerTest" assertions="1" time="0.232940"/>
        <testcase name="testCannotEquipItem" file="/home/adam/Documents/flare/tests/Feature/Game/Character/CharacterInventory/Controllers/Api/CharacterInventoryControllerTest.php" line="241" class="Tests\Feature\Game\Character\CharacterInventory\Controllers\Api\CharacterInventoryControllerTest" classname="Tests.Feature.Game.Character.CharacterInventory.Controllers.Api.CharacterInventoryControllerTest" assertions="1" time="0.240776"/>
        <testcase name="testDestroyAllItems" file="/home/adam/Documents/flare/tests/Feature/Game/Character/CharacterInventory/Controllers/Api/CharacterInventoryControllerTest.php" line="98" class="Tests\Feature\Game\Character\CharacterInventory\Controllers\Api\CharacterInventoryControllerTest" classname="Tests.Feature.Game.Character.CharacterInventory.Controllers.Api.CharacterInventoryControllerTest" assertions="1" time="0.257508"/>
        <testcase name="testDestroyItem" file="/home/adam/Documents/flare/tests/Feature/Game/Character/CharacterInventory/Controllers/Api/CharacterInventoryControllerTest.php" line="82" class="Tests\Feature\Game\Character\CharacterInventory\Controllers\Api\CharacterInventoryControllerTest" classname="Tests.Feature.Game.Character.CharacterInventory.Controllers.Api.CharacterInventoryControllerTest" assertions="1" time="0.212552"/>
        <testcase name="testFailToGetApiItemDetails" file="/home/adam/Documents/flare/tests/Feature/Game/Character/CharacterInventory/Controllers/Api/CharacterInventoryControllerTest.php" line="52" class="Tests\Feature\Game\Character\CharacterInventory\Controllers\Api\CharacterInventoryControllerTest" classname="Tests.Feature.Game.Character.CharacterInventory.Controllers.Api.CharacterInventoryControllerTest" assertions="1" time="0.249606"/>
        <testcase name="testGetCharacterInventoryApiRequest" file="/home/adam/Documents/flare/tests/Feature/Game/Character/CharacterInventory/Controllers/Api/CharacterInventoryControllerTest.php" line="35" class="Tests\Feature\Game\Character\CharacterInventory\Controllers\Api\CharacterInventoryControllerTest" classname="Tests.Feature.Game.Character.CharacterInventory.Controllers.Api.CharacterInventoryControllerTest" assertions="1" time="0.240233"/>
        <testcase name="testUnequipAllNonSetItems" file="/home/adam/Documents/flare/tests/Feature/Game/Character/CharacterInventory/Controllers/Api/CharacterInventoryControllerTest.php" line="354" class="Tests\Feature\Game\Character\CharacterInventory\Controllers\Api\CharacterInventoryControllerTest" classname="Tests.Feature.Game.Character.CharacterInventory.Controllers.Api.CharacterInventoryControllerTest" assertions="1" time="0.336271"/>
        <testcase name="testRemoveItemFromSet" file="/home/adam/Documents/flare/tests/Feature/Game/Character/CharacterInventory/Controllers/Api/CharacterInventoryControllerTest.php" line="191" class="Tests\Feature\Game\Character\CharacterInventory\Controllers\Api\CharacterInventoryControllerTest" classname="Tests.Feature.Game.Character.CharacterInventory.Controllers.Api.CharacterInventoryControllerTest" assertions="1" time="0.299784"/>
        <testcase name="testUnequipSet" file="/home/adam/Documents/flare/tests/Feature/Game/Character/CharacterInventory/Controllers/Api/CharacterInventoryControllerTest.php" line="299" class="Tests\Feature\Game\Character\CharacterInventory\Controllers\Api\CharacterInventoryControllerTest" classname="Tests.Feature.Game.Character.CharacterInventory.Controllers.Api.CharacterInventoryControllerTest" assertions="1" time="0.311864"/>
        <testcase name="testMoveItemToSet" file="/home/adam/Documents/flare/tests/Feature/Game/Character/CharacterInventory/Controllers/Api/CharacterInventoryControllerTest.php" line="134" class="Tests\Feature\Game\Character\CharacterInventory\Controllers\Api\CharacterInventoryControllerTest" classname="Tests.Feature.Game.Character.CharacterInventory.Controllers.Api.CharacterInventoryControllerTest" assertions="2" time="0.317235"/>
        <testcase name="testEmptySet" file="/home/adam/Documents/flare/tests/Feature/Game/Character/CharacterInventory/Controllers/Api/CharacterInventoryControllerTest.php" line="217" class="Tests\Feature\Game\Character\CharacterInventory\Controllers\Api\CharacterInventoryControllerTest" classname="Tests.Feature.Game.Character.CharacterInventory.Controllers.Api.CharacterInventoryControllerTest" assertions="1" time="0.297106"/>
        <testcase name="testWhenUnequipAllUnequipTheSet" file="/home/adam/Documents/flare/tests/Feature/Game/Character/CharacterInventory/Controllers/Api/CharacterInventoryControllerTest.php" line="337" class="Tests\Feature\Game\Character\CharacterInventory\Controllers\Api\CharacterInventoryControllerTest" classname="Tests.Feature.Game.Character.CharacterInventory.Controllers.Api.CharacterInventoryControllerTest" assertions="1" time="0.326196"/>
        <testcase name="testDisenchantAllItems" file="/home/adam/Documents/flare/tests/Feature/Game/Character/CharacterInventory/Controllers/Api/CharacterInventoryControllerTest.php" line="112" class="Tests\Feature\Game\Character\CharacterInventory\Controllers\Api\CharacterInventoryControllerTest" classname="Tests.Feature.Game.Character.CharacterInventory.Controllers.Api.CharacterInventoryControllerTest" assertions="2" time="0.324599"/>
        <testcase name="testSaveEquippedAsSet" file="/home/adam/Documents/flare/tests/Feature/Game/Character/CharacterInventory/Controllers/Api/CharacterInventoryControllerTest.php" line="175" class="Tests\Feature\Game\Character\CharacterInventory\Controllers\Api\CharacterInventoryControllerTest" classname="Tests.Feature.Game.Character.CharacterInventory.Controllers.Api.CharacterInventoryControllerTest" assertions="1" time="0.334865"/>
        <testcase name="testDestroyAlchemyItem" file="/home/adam/Documents/flare/tests/Feature/Game/Character/CharacterInventory/Controllers/Api/CharacterInventoryControllerTest.php" line="441" class="Tests\Feature\Game\Character\CharacterInventory\Controllers\Api\CharacterInventoryControllerTest" classname="Tests.Feature.Game.Character.CharacterInventory.Controllers.Api.CharacterInventoryControllerTest" assertions="1" time="0.346992"/>
        <testcase name="testUnequipItem" file="/home/adam/Documents/flare/tests/Feature/Game/Character/CharacterInventory/Controllers/Api/CharacterInventoryControllerTest.php" line="318" class="Tests\Feature\Game\Character\CharacterInventory\Controllers\Api\CharacterInventoryControllerTest" classname="Tests.Feature.Game.Character.CharacterInventory.Controllers.Api.CharacterInventoryControllerTest" assertions="1" time="0.326841"/>
        <testcase name="testDestroyAllAlchemyItems" file="/home/adam/Documents/flare/tests/Feature/Game/Character/CharacterInventory/Controllers/Api/CharacterInventoryControllerTest.php" line="466" class="Tests\Feature\Game\Character\CharacterInventory\Controllers\Api\CharacterInventoryControllerTest" classname="Tests.Feature.Game.Character.CharacterInventory.Controllers.Api.CharacterInventoryControllerTest" assertions="1" time="0.376441"/>
        <testcase name="testUseManyItems" file="/home/adam/Documents/flare/tests/Feature/Game/Character/CharacterInventory/Controllers/Api/CharacterInventoryControllerTest.php" line="386" class="Tests\Feature\Game\Character\CharacterInventory\Controllers\Api\CharacterInventoryControllerTest" classname="Tests.Feature.Game.Character.CharacterInventory.Controllers.Api.CharacterInventoryControllerTest" assertions="1" time="0.394438"/>
        <testcase name="testUseSingleAlchemyItem" file="/home/adam/Documents/flare/tests/Feature/Game/Character/CharacterInventory/Controllers/Api/CharacterInventoryControllerTest.php" line="416" class="Tests\Feature\Game\Character\CharacterInventory\Controllers\Api\CharacterInventoryControllerTest" classname="Tests.Feature.Game.Character.CharacterInventory.Controllers.Api.CharacterInventoryControllerTest" assertions="1" time="0.485138"/>
        <testcase name="testEquipAndItemSet" file="/home/adam/Documents/flare/tests/Feature/Game/Character/CharacterInventory/Controllers/Api/CharacterInventoryControllerTest.php" line="369" class="Tests\Feature\Game\Character\CharacterInventory\Controllers\Api\CharacterInventoryControllerTest" classname="Tests.Feature.Game.Character.CharacterInventory.Controllers.Api.CharacterInventoryControllerTest" assertions="1" time="0.432370"/>
        <testcase name="testEquipItem" file="/home/adam/Documents/flare/tests/Feature/Game/Character/CharacterInventory/Controllers/Api/CharacterInventoryControllerTest.php" line="270" class="Tests\Feature\Game\Character\CharacterInventory\Controllers\Api\CharacterInventoryControllerTest" classname="Tests.Feature.Game.Character.CharacterInventory.Controllers.Api.CharacterInventoryControllerTest" assertions="1" time="0.461838"/>
      </testsuite>
      <testsuite name="Tests\Feature\Game\Character\CharacterInventory\Controllers\Api\ItemComparisonControllerTest" file="/home/adam/Documents/flare/tests/Feature/Game/Character/CharacterInventory/Controllers/Api/ItemComparisonControllerTest.php" tests="6" assertions="7" errors="0" failures="0" skipped="0" time="1.592718">
        <testcase name="testFailToCompareItemFromChatWhenDoesNotExist" file="/home/adam/Documents/flare/tests/Feature/Game/Character/CharacterInventory/Controllers/Api/ItemComparisonControllerTest.php" line="111" class="Tests\Feature\Game\Character\CharacterInventory\Controllers\Api\ItemComparisonControllerTest" classname="Tests.Feature.Game.Character.CharacterInventory.Controllers.Api.ItemComparisonControllerTest" assertions="1" time="0.231496"/>
        <testcase name="testFailToCompareItemFromChatWhenEquipped" file="/home/adam/Documents/flare/tests/Feature/Game/Character/CharacterInventory/Controllers/Api/ItemComparisonControllerTest.php" line="79" class="Tests\Feature\Game\Character\CharacterInventory\Controllers\Api\ItemComparisonControllerTest" classname="Tests.Feature.Game.Character.CharacterInventory.Controllers.Api.ItemComparisonControllerTest" assertions="1" time="0.262158"/>
        <testcase name="testCompareTwoGems" file="/home/adam/Documents/flare/tests/Feature/Game/Character/CharacterInventory/Controllers/Api/ItemComparisonControllerTest.php" line="175" class="Tests\Feature\Game\Character\CharacterInventory\Controllers\Api\ItemComparisonControllerTest" classname="Tests.Feature.Game.Character.CharacterInventory.Controllers.Api.ItemComparisonControllerTest" assertions="2" time="0.231604"/>
        <testcase name="testGetChatComparisonDataForItemInInventory" file="/home/adam/Documents/flare/tests/Feature/Game/Character/CharacterInventory/Controllers/Api/ItemComparisonControllerTest.php" line="143" class="Tests\Feature\Game\Character\CharacterInventory\Controllers\Api\ItemComparisonControllerTest" classname="Tests.Feature.Game.Character.CharacterInventory.Controllers.Api.ItemComparisonControllerTest" assertions="1" time="0.344160"/>
        <testcase name="testGetComparisonForSpellDamageForSetEquippedItem" file="/home/adam/Documents/flare/tests/Feature/Game/Character/CharacterInventory/Controllers/Api/ItemComparisonControllerTest.php" line="46" class="Tests\Feature\Game\Character\CharacterInventory\Controllers\Api\ItemComparisonControllerTest" classname="Tests.Feature.Game.Character.CharacterInventory.Controllers.Api.ItemComparisonControllerTest" assertions="1" time="0.280238"/>
        <testcase name="testGetErrorForTryingToCompareItemYouDoNotHave" file="/home/adam/Documents/flare/tests/Feature/Game/Character/CharacterInventory/Controllers/Api/ItemComparisonControllerTest.php" line="31" class="Tests\Feature\Game\Character\CharacterInventory\Controllers\Api\ItemComparisonControllerTest" classname="Tests.Feature.Game.Character.CharacterInventory.Controllers.Api.ItemComparisonControllerTest" assertions="1" time="0.243062"/>
      </testsuite>
      <testsuite name="Tests\Feature\Game\ClassRanks\Controllers\Api\ClassRanksControllerTest" file="/home/adam/Documents/flare/tests/Feature/Game/ClassRanks/Controllers/Api/ClassRanksControllerTest.php" tests="4" assertions="7" errors="0" failures="0" skipped="0" time="1.108467">
        <testcase name="testGetCharacterClassSpecials" file="/home/adam/Documents/flare/tests/Feature/Game/ClassRanks/Controllers/Api/ClassRanksControllerTest.php" line="43" class="Tests\Feature\Game\ClassRanks\Controllers\Api\ClassRanksControllerTest" classname="Tests.Feature.Game.ClassRanks.Controllers.Api.ClassRanksControllerTest" assertions="4" time="0.215725"/>
        <testcase name="testGetCharacterClassRanks" file="/home/adam/Documents/flare/tests/Feature/Game/ClassRanks/Controllers/Api/ClassRanksControllerTest.php" line="30" class="Tests\Feature\Game\ClassRanks\Controllers\Api\ClassRanksControllerTest" classname="Tests.Feature.Game.ClassRanks.Controllers.Api.ClassRanksControllerTest" assertions="1" time="0.272218"/>
        <testcase name="testUnequipSpecial" file="/home/adam/Documents/flare/tests/Feature/Game/ClassRanks/Controllers/Api/ClassRanksControllerTest.php" line="82" class="Tests\Feature\Game\ClassRanks\Controllers\Api\ClassRanksControllerTest" classname="Tests.Feature.Game.ClassRanks.Controllers.Api.ClassRanksControllerTest" assertions="1" time="0.273946"/>
        <testcase name="testEquipSpecial" file="/home/adam/Documents/flare/tests/Feature/Game/ClassRanks/Controllers/Api/ClassRanksControllerTest.php" line="63" class="Tests\Feature\Game\ClassRanks\Controllers\Api\ClassRanksControllerTest" classname="Tests.Feature.Game.ClassRanks.Controllers.Api.ClassRanksControllerTest" assertions="1" time="0.346578"/>
      </testsuite>
      <testsuite name="Tests\Feature\Game\ClassRanks\Controllers\Api\ManageClassControllerTest" file="/home/adam/Documents/flare/tests/Feature/Game/ClassRanks/Controllers/Api/ManageClassControllerTest.php" tests="1" assertions="2" errors="0" failures="0" skipped="0" time="0.343871">
        <testcase name="testSwitchClass" file="/home/adam/Documents/flare/tests/Feature/Game/ClassRanks/Controllers/Api/ManageClassControllerTest.php" line="36" class="Tests\Feature\Game\ClassRanks\Controllers\Api\ManageClassControllerTest" classname="Tests.Feature.Game.ClassRanks.Controllers.Api.ManageClassControllerTest" assertions="2" time="0.343871"/>
      </testsuite>
      <testsuite name="Tests\Feature\Game\Core\Controllers\Api\UpdateCharacterFlagsControllerTest" file="/home/adam/Documents/flare/tests/Feature/Game/Core/Controllers/Api/UpdateCharacterFlagsControllerTest.php" tests="3" assertions="5" errors="0" failures="0" skipped="0" time="0.715928">
        <testcase name="testTurnOffIntroSlides" file="/home/adam/Documents/flare/tests/Feature/Game/Core/Controllers/Api/UpdateCharacterFlagsControllerTest.php" line="33" class="Tests\Feature\Game\Core\Controllers\Api\UpdateCharacterFlagsControllerTest" classname="Tests.Feature.Game.Core.Controllers.Api.UpdateCharacterFlagsControllerTest" assertions="2" time="0.233211"/>
        <testcase name="testTurnOffIntroSlidesWhenWeHaveAGuideQuestAndDoNotFakeEvent" file="/home/adam/Documents/flare/tests/Feature/Game/Core/Controllers/Api/UpdateCharacterFlagsControllerTest.php" line="77" class="Tests\Feature\Game\Core\Controllers\Api\UpdateCharacterFlagsControllerTest" classname="Tests.Feature.Game.Core.Controllers.Api.UpdateCharacterFlagsControllerTest" assertions="1" time="0.237369"/>
        <testcase name="testTurnOffIntroSlidesWhenWeHaveAGuideQuest" file="/home/adam/Documents/flare/tests/Feature/Game/Core/Controllers/Api/UpdateCharacterFlagsControllerTest.php" line="53" class="Tests\Feature\Game\Core\Controllers\Api\UpdateCharacterFlagsControllerTest" classname="Tests.Feature.Game.Core.Controllers.Api.UpdateCharacterFlagsControllerTest" assertions="2" time="0.245348"/>
      </testsuite>
      <testsuite name="Tests\Feature\Game\Events\Controllers\Api\EventGoalsControllerTest" file="/home/adam/Documents/flare/tests/Feature/Game/Events/Controllers/Api/EventGoalsControllerTest.php" tests="1" assertions="1" errors="0" failures="0" skipped="0" time="0.227020">
        <testcase name="testGetGlobalEventGoal" file="/home/adam/Documents/flare/tests/Feature/Game/Events/Controllers/Api/EventGoalsControllerTest.php" line="62" class="Tests\Feature\Game\Events\Controllers\Api\EventGoalsControllerTest" classname="Tests.Feature.Game.Events.Controllers.Api.EventGoalsControllerTest" assertions="1" time="0.227020"/>
      </testsuite>
      <testsuite name="Tests\Feature\Game\Factions\FactionLoyalty\Controllers\Api\FactionLoyaltyControllerTest" file="/home/adam/Documents/flare/tests/Feature/Game/Factions/FactionLoyalty/Controllers/Api/FactionLoyaltyControllerTest.php" tests="5" assertions="7" errors="0" failures="0" skipped="0" time="1.276758">
        <testcase name="testRemovePledgedLoyalty" file="/home/adam/Documents/flare/tests/Feature/Game/Factions/FactionLoyalty/Controllers/Api/FactionLoyaltyControllerTest.php" line="157" class="Tests\Feature\Game\Factions\FactionLoyalty\Controllers\Api\FactionLoyaltyControllerTest" classname="Tests.Feature.Game.Factions.FactionLoyalty.Controllers.Api.FactionLoyaltyControllerTest" assertions="1" time="0.248066"/>
        <testcase name="testStopAssistingNpc" file="/home/adam/Documents/flare/tests/Feature/Game/Factions/FactionLoyalty/Controllers/Api/FactionLoyaltyControllerTest.php" line="253" class="Tests\Feature\Game\Factions\FactionLoyalty\Controllers\Api\FactionLoyaltyControllerTest" classname="Tests.Feature.Game.Factions.FactionLoyalty.Controllers.Api.FactionLoyaltyControllerTest" assertions="1" time="0.223885"/>
        <testcase name="testAssistNpcWithTasks" file="/home/adam/Documents/flare/tests/Feature/Game/Factions/FactionLoyalty/Controllers/Api/FactionLoyaltyControllerTest.php" line="215" class="Tests\Feature\Game\Factions\FactionLoyalty\Controllers\Api\FactionLoyaltyControllerTest" classname="Tests.Feature.Game.Factions.FactionLoyalty.Controllers.Api.FactionLoyaltyControllerTest" assertions="1" time="0.251266"/>
        <testcase name="testGetFactionLoyalties" file="/home/adam/Documents/flare/tests/Feature/Game/Factions/FactionLoyalty/Controllers/Api/FactionLoyaltyControllerTest.php" line="34" class="Tests\Feature\Game\Factions\FactionLoyalty\Controllers\Api\FactionLoyaltyControllerTest" classname="Tests.Feature.Game.Factions.FactionLoyalty.Controllers.Api.FactionLoyaltyControllerTest" assertions="3" time="0.260155"/>
        <testcase name="testPledgeLoyaltyControllerAction" file="/home/adam/Documents/flare/tests/Feature/Game/Factions/FactionLoyalty/Controllers/Api/FactionLoyaltyControllerTest.php" line="99" class="Tests\Feature\Game\Factions\FactionLoyalty\Controllers\Api\FactionLoyaltyControllerTest" classname="Tests.Feature.Game.Factions.FactionLoyalty.Controllers.Api.FactionLoyaltyControllerTest" assertions="1" time="0.293386"/>
      </testsuite>
      <testsuite name="Tests\Feature\Game\Gambler\Controllers\Api\GamblerControllerTest" file="/home/adam/Documents/flare/tests/Feature/Game/Gambler/Controllers/Api/GamblerControllerTest.php" tests="2" assertions="3" errors="0" failures="0" skipped="0" time="0.481969">
        <testcase name="testGetSlots" file="/home/adam/Documents/flare/tests/Feature/Game/Gambler/Controllers/Api/GamblerControllerTest.php" line="32" class="Tests\Feature\Game\Gambler\Controllers\Api\GamblerControllerTest" classname="Tests.Feature.Game.Gambler.Controllers.Api.GamblerControllerTest" assertions="1" time="0.218055"/>
        <testcase name="testRollSlots" file="/home/adam/Documents/flare/tests/Feature/Game/Gambler/Controllers/Api/GamblerControllerTest.php" line="44" class="Tests\Feature\Game\Gambler\Controllers\Api\GamblerControllerTest" classname="Tests.Feature.Game.Gambler.Controllers.Api.GamblerControllerTest" assertions="2" time="0.263914"/>
      </testsuite>
      <testsuite name="Tests\Feature\Game\Gems\Controllers\Api\AttachedGemsControllerTest" file="/home/adam/Documents/flare/tests/Feature/Game/Gems/Controllers/Api/AttachedGemsControllerTest.php" tests="1" assertions="2" errors="0" failures="0" skipped="0" time="0.271686">
        <testcase name="testGetGemsFromItem" file="/home/adam/Documents/flare/tests/Feature/Game/Gems/Controllers/Api/AttachedGemsControllerTest.php" line="60" class="Tests\Feature\Game\Gems\Controllers\Api\AttachedGemsControllerTest" classname="Tests.Feature.Game.Gems.Controllers.Api.AttachedGemsControllerTest" assertions="2" time="0.271686"/>
      </testsuite>
      <testsuite name="Tests\Feature\Game\Gems\Controllers\Api\GemComparisonControllerTest" file="/home/adam/Documents/flare/tests/Feature/Game/Gems/Controllers/Api/GemComparisonControllerTest.php" tests="1" assertions="3" errors="0" failures="0" skipped="0" time="0.269302">
        <testcase name="testCompareGems" file="/home/adam/Documents/flare/tests/Feature/Game/Gems/Controllers/Api/GemComparisonControllerTest.php" line="61" class="Tests\Feature\Game\Gems\Controllers\Api\GemComparisonControllerTest" classname="Tests.Feature.Game.Gems.Controllers.Api.GemComparisonControllerTest" assertions="3" time="0.269302"/>
      </testsuite>
      <testsuite name="Tests\Feature\Game\GuideQuest\Controllers\Api\GuideQuestControllerApiTest" file="/home/adam/Documents/flare/tests/Feature/Game/GuideQuest/Controllers/Api/GuideQuestControllerApiTest.php" tests="3" assertions="7" errors="0" failures="0" skipped="0" time="0.781344">
        <testcase name="testGetCurrentQuest" file="/home/adam/Documents/flare/tests/Feature/Game/GuideQuest/Controllers/Api/GuideQuestControllerApiTest.php" line="70" class="Tests\Feature\Game\GuideQuest\Controllers\Api\GuideQuestControllerApiTest" classname="Tests.Feature.Game.GuideQuest.Controllers.Api.GuideQuestControllerApiTest" assertions="3" time="0.234660"/>
        <testcase name="testFailToHandInGuideQuest" file="/home/adam/Documents/flare/tests/Feature/Game/GuideQuest/Controllers/Api/GuideQuestControllerApiTest.php" line="94" class="Tests\Feature\Game\GuideQuest\Controllers\Api\GuideQuestControllerApiTest" classname="Tests.Feature.Game.GuideQuest.Controllers.Api.GuideQuestControllerApiTest" assertions="1" time="0.252997"/>
        <testcase name="testNextGuideQuestHasOneOfTheRequirementsWhenCompletingThePreviousQuest" file="/home/adam/Documents/flare/tests/Feature/Game/GuideQuest/Controllers/Api/GuideQuestControllerApiTest.php" line="37" class="Tests\Feature\Game\GuideQuest\Controllers\Api\GuideQuestControllerApiTest" classname="Tests.Feature.Game.GuideQuest.Controllers.Api.GuideQuestControllerApiTest" assertions="3" time="0.293687"/>
      </testsuite>
      <testsuite name="Tests\Feature\Game\GuideQuest\Controllers\GuideQuestsControllerTest" file="/home/adam/Documents/flare/tests/Feature/Game/GuideQuest/Controllers/GuideQuestsControllerTest.php" tests="2" assertions="4" errors="0" failures="0" skipped="0" time="0.729585">
        <testcase name="testShouldBeableToSeeSingleGuidequest" file="/home/adam/Documents/flare/tests/Feature/Game/GuideQuest/Controllers/GuideQuestsControllerTest.php" line="51" class="Tests\Feature\Game\GuideQuest\Controllers\GuideQuestsControllerTest" classname="Tests.Feature.Game.GuideQuest.Controllers.GuideQuestsControllerTest" assertions="2" time="0.333005"/>
        <testcase name="testShouldSeeCompletedGuideQuest" file="/home/adam/Documents/flare/tests/Feature/Game/GuideQuest/Controllers/GuideQuestsControllerTest.php" line="35" class="Tests\Feature\Game\GuideQuest\Controllers\GuideQuestsControllerTest" classname="Tests.Feature.Game.GuideQuest.Controllers.GuideQuestsControllerTest" assertions="2" time="0.396580"/>
      </testsuite>
      <testsuite name="Tests\Feature\Game\Messages\Controllers\Api\CommandsControllerTest" file="/home/adam/Documents/flare/tests/Feature/Game/Messages/Controllers/Api/CommandsControllerTest.php" tests="3" assertions="6" errors="0" failures="0" skipped="0" time="0.699036">
        <testcase name="testUsePcCommand" file="/home/adam/Documents/flare/tests/Feature/Game/Messages/Controllers/Api/CommandsControllerTest.php" line="37" class="Tests\Feature\Game\Messages\Controllers\Api\CommandsControllerTest" classname="Tests.Feature.Game.Messages.Controllers.Api.CommandsControllerTest" assertions="2" time="0.239868"/>
        <testcase name="testUsePctCommand" file="/home/adam/Documents/flare/tests/Feature/Game/Messages/Controllers/Api/CommandsControllerTest.php" line="70" class="Tests\Feature\Game\Messages\Controllers\Api\CommandsControllerTest" classname="Tests.Feature.Game.Messages.Controllers.Api.CommandsControllerTest" assertions="2" time="0.215371"/>
        <testcase name="testUsePctCommandWhenDead" file="/home/adam/Documents/flare/tests/Feature/Game/Messages/Controllers/Api/CommandsControllerTest.php" line="104" class="Tests\Feature\Game\Messages\Controllers\Api\CommandsControllerTest" classname="Tests.Feature.Game.Messages.Controllers.Api.CommandsControllerTest" assertions="2" time="0.243797"/>
      </testsuite>
      <testsuite name="Tests\Feature\Game\Messages\Controllers\Api\FetchMessagesControllerTest" file="/home/adam/Documents/flare/tests/Feature/Game/Messages/Controllers/Api/FetchMessagesControllerTest.php" tests="1" assertions="3" errors="0" failures="0" skipped="0" time="0.214064">
        <testcase name="testGetLastMessages" file="/home/adam/Documents/flare/tests/Feature/Game/Messages/Controllers/Api/FetchMessagesControllerTest.php" line="31" class="Tests\Feature\Game\Messages\Controllers\Api\FetchMessagesControllerTest" classname="Tests.Feature.Game.Messages.Controllers.Api.FetchMessagesControllerTest" assertions="3" time="0.214064"/>
      </testsuite>
      <testsuite name="Tests\Feature\Game\Messages\Controllers\Api\PostMessagesControllerTest" file="/home/adam/Documents/flare/tests/Feature/Game/Messages/Controllers/Api/PostMessagesControllerTest.php" tests="2" assertions="6" errors="0" failures="0" skipped="0" time="0.537598">
        <testcase name="testPostPublicMessage" file="/home/adam/Documents/flare/tests/Feature/Game/Messages/Controllers/Api/PostMessagesControllerTest.php" line="32" class="Tests\Feature\Game\Messages\Controllers\Api\PostMessagesControllerTest" classname="Tests.Feature.Game.Messages.Controllers.Api.PostMessagesControllerTest" assertions="2" time="0.237387"/>
        <testcase name="testPostPrivateMessage" file="/home/adam/Documents/flare/tests/Feature/Game/Messages/Controllers/Api/PostMessagesControllerTest.php" line="51" class="Tests\Feature\Game\Messages\Controllers\Api\PostMessagesControllerTest" classname="Tests.Feature.Game.Messages.Controllers.Api.PostMessagesControllerTest" assertions="4" time="0.300211"/>
      </testsuite>
      <testsuite name="Tests\Feature\Game\Messages\Controllers\Api\ServerMessageControllerTest" file="/home/adam/Documents/flare/tests/Feature/Game/Messages/Controllers/Api/ServerMessageControllerTest.php" tests="4" assertions="10" errors="0" failures="0" skipped="0" time="0.916515">
        <testcase name="testGenerateServerMessageWithCustomMessage" file="/home/adam/Documents/flare/tests/Feature/Game/Messages/Controllers/Api/ServerMessageControllerTest.php" line="32" class="Tests\Feature\Game\Messages\Controllers\Api\ServerMessageControllerTest" classname="Tests.Feature.Game.Messages.Controllers.Api.ServerMessageControllerTest" assertions="2" time="0.249171"/>
        <testcase name="testGenerateServerMessageWithType" file="/home/adam/Documents/flare/tests/Feature/Game/Messages/Controllers/Api/ServerMessageControllerTest.php" line="75" class="Tests\Feature\Game\Messages\Controllers\Api\ServerMessageControllerTest" classname="Tests.Feature.Game.Messages.Controllers.Api.ServerMessageControllerTest" assertions="2" time="0.220262"/>
        <testcase name="testFailToGenerateServerMessage" file="/home/adam/Documents/flare/tests/Feature/Game/Messages/Controllers/Api/ServerMessageControllerTest.php" line="55" class="Tests\Feature\Game\Messages\Controllers\Api\ServerMessageControllerTest" classname="Tests.Feature.Game.Messages.Controllers.Api.ServerMessageControllerTest" assertions="3" time="0.235337"/>
        <testcase name="testFailToGenerateServerMessageForInvalidType" file="/home/adam/Documents/flare/tests/Feature/Game/Messages/Controllers/Api/ServerMessageControllerTest.php" line="92" class="Tests\Feature\Game\Messages\Controllers\Api\ServerMessageControllerTest" classname="Tests.Feature.Game.Messages.Controllers.Api.ServerMessageControllerTest" assertions="3" time="0.211744"/>
      </testsuite>
      <testsuite name="Tests\Feature\Game\NpcActions\LabyrinthOracle\Controllers\Api\LabyrinthOracleControllerTest" file="/home/adam/Documents/flare/tests/Feature/Game/NpcActions/LabyrinthOracle/Controllers/Api/LabyrinthOracleControllerTest.php" tests="3" assertions="4" errors="0" failures="0" skipped="0" time="0.805075">
        <testcase name="testInventoryItems" file="/home/adam/Documents/flare/tests/Feature/Game/NpcActions/LabyrinthOracle/Controllers/Api/LabyrinthOracleControllerTest.php" line="35" class="Tests\Feature\Game\NpcActions\LabyrinthOracle\Controllers\Api\LabyrinthOracleControllerTest" classname="Tests.Feature.Game.NpcActions.LabyrinthOracle.Controllers.Api.LabyrinthOracleControllerTest" assertions="1" time="0.245430"/>
        <testcase name="testInventoryItemsWithOneOfEach" file="/home/adam/Documents/flare/tests/Feature/Game/NpcActions/LabyrinthOracle/Controllers/Api/LabyrinthOracleControllerTest.php" line="71" class="Tests\Feature\Game\NpcActions\LabyrinthOracle\Controllers\Api\LabyrinthOracleControllerTest" classname="Tests.Feature.Game.NpcActions.LabyrinthOracle.Controllers.Api.LabyrinthOracleControllerTest" assertions="1" time="0.255405"/>
        <testcase name="testUseLabyrinthOracleToTransferItem" file="/home/adam/Documents/flare/tests/Feature/Game/NpcActions/LabyrinthOracle/Controllers/Api/LabyrinthOracleControllerTest.php" line="133" class="Tests\Feature\Game\NpcActions\LabyrinthOracle\Controllers\Api\LabyrinthOracleControllerTest" classname="Tests.Feature.Game.NpcActions.LabyrinthOracle.Controllers.Api.LabyrinthOracleControllerTest" assertions="2" time="0.304240"/>
      </testsuite>
      <testsuite name="Tests\Feature\Game\NpcActions\QueenOfHearts\Controllers\Api\QueenOfHeartsControllerTest" file="/home/adam/Documents/flare/tests/Feature/Game/NpcActions/QueenOfHearts/Controllers/Api/QueenOfHeartsControllerTest.php" tests="3" assertions="5" errors="0" failures="0" skipped="0" time="0.959430">
        <testcase name="testReRoll" file="/home/adam/Documents/flare/tests/Feature/Game/NpcActions/QueenOfHearts/Controllers/Api/QueenOfHeartsControllerTest.php" line="58" class="Tests\Feature\Game\NpcActions\QueenOfHearts\Controllers\Api\QueenOfHeartsControllerTest" classname="Tests.Feature.Game.NpcActions.QueenOfHearts.Controllers.Api.QueenOfHeartsControllerTest" assertions="2" time="0.325475"/>
        <testcase name="testUniquesOnly" file="/home/adam/Documents/flare/tests/Feature/Game/NpcActions/QueenOfHearts/Controllers/Api/QueenOfHeartsControllerTest.php" line="37" class="Tests\Feature\Game\NpcActions\QueenOfHearts\Controllers\Api\QueenOfHeartsControllerTest" classname="Tests.Feature.Game.NpcActions.QueenOfHearts.Controllers.Api.QueenOfHeartsControllerTest" assertions="2" time="0.269005"/>
        <testcase name="testMoveAffixes" file="/home/adam/Documents/flare/tests/Feature/Game/NpcActions/QueenOfHearts/Controllers/Api/QueenOfHeartsControllerTest.php" line="95" class="Tests\Feature\Game\NpcActions\QueenOfHearts\Controllers\Api\QueenOfHeartsControllerTest" classname="Tests.Feature.Game.NpcActions.QueenOfHearts.Controllers.Api.QueenOfHeartsControllerTest" assertions="1" time="0.364949"/>
      </testsuite>
      <testsuite name="Tests\Feature\Game\NpcActions\SeerActions\Controllers\Api\SeerCampControllerTest" file="/home/adam/Documents/flare/tests/Feature/Game/NpcActions/SeerActions/Controllers/Api/SeerCampControllerTest.php" tests="7" assertions="9" errors="0" failures="0" skipped="0" time="1.830643">
        <testcase name="testRollSockets" file="/home/adam/Documents/flare/tests/Feature/Game/NpcActions/SeerActions/Controllers/Api/SeerCampControllerTest.php" line="65" class="Tests\Feature\Game\NpcActions\SeerActions\Controllers\Api\SeerCampControllerTest" classname="Tests.Feature.Game.NpcActions.SeerActions.Controllers.Api.SeerCampControllerTest" assertions="1" time="0.272968"/>
        <testcase name="testVisitCamp" file="/home/adam/Documents/flare/tests/Feature/Game/NpcActions/SeerActions/Controllers/Api/SeerCampControllerTest.php" line="33" class="Tests\Feature\Game\NpcActions\SeerActions\Controllers\Api\SeerCampControllerTest" classname="Tests.Feature.Game.NpcActions.SeerActions.Controllers.Api.SeerCampControllerTest" assertions="2" time="0.222635"/>
        <testcase name="testRemoveGemFromItem" file="/home/adam/Documents/flare/tests/Feature/Game/NpcActions/SeerActions/Controllers/Api/SeerCampControllerTest.php" line="214" class="Tests\Feature\Game\NpcActions\SeerActions\Controllers\Api\SeerCampControllerTest" classname="Tests.Feature.Game.NpcActions.SeerActions.Controllers.Api.SeerCampControllerTest" assertions="1" time="0.289033"/>
        <testcase name="testAttachGemToItem" file="/home/adam/Documents/flare/tests/Feature/Game/NpcActions/SeerActions/Controllers/Api/SeerCampControllerTest.php" line="98" class="Tests\Feature\Game\NpcActions\SeerActions\Controllers\Api\SeerCampControllerTest" classname="Tests.Feature.Game.NpcActions.SeerActions.Controllers.Api.SeerCampControllerTest" assertions="1" time="0.247482"/>
        <testcase name="testRemoveAllGemsFromItem" file="/home/adam/Documents/flare/tests/Feature/Game/NpcActions/SeerActions/Controllers/Api/SeerCampControllerTest.php" line="258" class="Tests\Feature\Game\NpcActions\SeerActions\Controllers\Api\SeerCampControllerTest" classname="Tests.Feature.Game.NpcActions.SeerActions.Controllers.Api.SeerCampControllerTest" assertions="1" time="0.278771"/>
        <testcase name="testFetchItemsWithGems" file="/home/adam/Documents/flare/tests/Feature/Game/NpcActions/SeerActions/Controllers/Api/SeerCampControllerTest.php" line="191" class="Tests\Feature\Game\NpcActions\SeerActions\Controllers\Api\SeerCampControllerTest" classname="Tests.Feature.Game.NpcActions.SeerActions.Controllers.Api.SeerCampControllerTest" assertions="2" time="0.252267"/>
        <testcase name="testReplaceGemOnItem" file="/home/adam/Documents/flare/tests/Feature/Game/NpcActions/SeerActions/Controllers/Api/SeerCampControllerTest.php" line="138" class="Tests\Feature\Game\NpcActions\SeerActions\Controllers\Api\SeerCampControllerTest" classname="Tests.Feature.Game.NpcActions.SeerActions.Controllers.Api.SeerCampControllerTest" assertions="1" time="0.267487"/>
      </testsuite>
      <testsuite name="Tests\Feature\Game\NpcActions\Workbench\Controllers\Api\HolyItemsControllerTest" file="/home/adam/Documents/flare/tests/Feature/Game/NpcActions/Workbench/Controllers/Api/HolyItemsControllerTest.php" tests="2" assertions="5" errors="0" failures="0" skipped="0" time="0.546194">
        <testcase name="testGetSmithingItems" file="/home/adam/Documents/flare/tests/Feature/Game/NpcActions/Workbench/Controllers/Api/HolyItemsControllerTest.php" line="31" class="Tests\Feature\Game\NpcActions\Workbench\Controllers\Api\HolyItemsControllerTest" classname="Tests.Feature.Game.NpcActions.Workbench.Controllers.Api.HolyItemsControllerTest" assertions="2" time="0.251761"/>
        <testcase name="testApplyOil" file="/home/adam/Documents/flare/tests/Feature/Game/NpcActions/Workbench/Controllers/Api/HolyItemsControllerTest.php" line="58" class="Tests\Feature\Game\NpcActions\Workbench\Controllers\Api\HolyItemsControllerTest" classname="Tests.Feature.Game.NpcActions.Workbench.Controllers.Api.HolyItemsControllerTest" assertions="3" time="0.294433"/>
      </testsuite>
      <testsuite name="Tests\Feature\Game\Reincarnation\Controllers\Api\ReincarnateControllerTest" file="/home/adam/Documents/flare/tests/Feature/Game/Reincarnation/Controllers/Api/ReincarnateControllerTest.php" tests="1" assertions="1" errors="0" failures="0" skipped="0" time="0.344277">
        <testcase name="testReincarnate" file="/home/adam/Documents/flare/tests/Feature/Game/Reincarnation/Controllers/Api/ReincarnateControllerTest.php" line="35" class="Tests\Feature\Game\Reincarnation\Controllers\Api\ReincarnateControllerTest" classname="Tests.Feature.Game.Reincarnation.Controllers.Api.ReincarnateControllerTest" assertions="1" time="0.344277"/>
      </testsuite>
      <testsuite name="Tests\Feature\Game\Skills\Controllers\Api\AlchemyControllerTest" file="/home/adam/Documents/flare/tests/Feature/Game/Skills/Controllers/Api/AlchemyControllerTest.php" tests="3" assertions="12" errors="0" failures="0" skipped="0" time="0.780956">
        <testcase name="testCannotTransmute" file="/home/adam/Documents/flare/tests/Feature/Game/Skills/Controllers/Api/AlchemyControllerTest.php" line="69" class="Tests\Feature\Game\Skills\Controllers\Api\AlchemyControllerTest" classname="Tests.Feature.Game.Skills.Controllers.Api.AlchemyControllerTest" assertions="2" time="0.248520"/>
        <testcase name="testGetAlchemyItems" file="/home/adam/Documents/flare/tests/Feature/Game/Skills/Controllers/Api/AlchemyControllerTest.php" line="49" class="Tests\Feature\Game\Skills\Controllers\Api\AlchemyControllerTest" classname="Tests.Feature.Game.Skills.Controllers.Api.AlchemyControllerTest" assertions="2" time="0.255047"/>
        <testcase name="testTransumteItem" file="/home/adam/Documents/flare/tests/Feature/Game/Skills/Controllers/Api/AlchemyControllerTest.php" line="98" class="Tests\Feature\Game\Skills\Controllers\Api\AlchemyControllerTest" classname="Tests.Feature.Game.Skills.Controllers.Api.AlchemyControllerTest" assertions="8" time="0.277389"/>
      </testsuite>
      <testsuite name="Tests\Feature\Game\Skills\Controllers\Api\CraftingControllerTest" file="/home/adam/Documents/flare/tests/Feature/Game/Skills/Controllers/Api/CraftingControllerTest.php" tests="5" assertions="19" errors="0" failures="0" skipped="0" time="1.364604">
        <testcase name="testCannotCraft" file="/home/adam/Documents/flare/tests/Feature/Game/Skills/Controllers/Api/CraftingControllerTest.php" line="179" class="Tests\Feature\Game\Skills\Controllers\Api\CraftingControllerTest" classname="Tests.Feature.Game.Skills.Controllers.Api.CraftingControllerTest" assertions="2" time="0.274757"/>
        <testcase name="testGetCraftingItems" file="/home/adam/Documents/flare/tests/Feature/Game/Skills/Controllers/Api/CraftingControllerTest.php" line="158" class="Tests\Feature\Game\Skills\Controllers\Api\CraftingControllerTest" classname="Tests.Feature.Game.Skills.Controllers.Api.CraftingControllerTest" assertions="3" time="0.252460"/>
        <testcase name="testFetchItemsToCraftWithTheAbilityToShowCraftForNpc" file="/home/adam/Documents/flare/tests/Feature/Game/Skills/Controllers/Api/CraftingControllerTest.php" line="52" class="Tests\Feature\Game\Skills\Controllers\Api\CraftingControllerTest" classname="Tests.Feature.Game.Skills.Controllers.Api.CraftingControllerTest" assertions="3" time="0.272500"/>
        <testcase name="testFetchItemsToCraftWhileNotShowingCraftForNPCDueToNotHelpingThatNPC" file="/home/adam/Documents/flare/tests/Feature/Game/Skills/Controllers/Api/CraftingControllerTest.php" line="105" class="Tests\Feature\Game\Skills\Controllers\Api\CraftingControllerTest" classname="Tests.Feature.Game.Skills.Controllers.Api.CraftingControllerTest" assertions="3" time="0.259270"/>
        <testcase name="testCraftItem" file="/home/adam/Documents/flare/tests/Feature/Game/Skills/Controllers/Api/CraftingControllerTest.php" line="208" class="Tests\Feature\Game\Skills\Controllers\Api\CraftingControllerTest" classname="Tests.Feature.Game.Skills.Controllers.Api.CraftingControllerTest" assertions="8" time="0.305617"/>
      </testsuite>
      <testsuite name="Tests\Feature\Game\Skills\Controllers\Api\DisenchantingControllerTest" file="/home/adam/Documents/flare/tests/Feature/Game/Skills/Controllers/Api/DisenchantingControllerTest.php" tests="1" assertions="5" errors="0" failures="0" skipped="0" time="0.372561">
        <testcase name="testDisenchantItem" file="/home/adam/Documents/flare/tests/Feature/Game/Skills/Controllers/Api/DisenchantingControllerTest.php" line="49" class="Tests\Feature\Game\Skills\Controllers\Api\DisenchantingControllerTest" classname="Tests.Feature.Game.Skills.Controllers.Api.DisenchantingControllerTest" assertions="5" time="0.372561"/>
      </testsuite>
      <testsuite name="Tests\Feature\Game\Skills\Controllers\Api\EnchantingControllerTest" file="/home/adam/Documents/flare/tests/Feature/Game/Skills/Controllers/Api/EnchantingControllerTest.php" tests="6" assertions="16" errors="0" failures="0" skipped="0" time="1.534407">
        <testcase name="testCannotEnchantWhenInventorySlotDoesNotExist" file="/home/adam/Documents/flare/tests/Feature/Game/Skills/Controllers/Api/EnchantingControllerTest.php" line="90" class="Tests\Feature\Game\Skills\Controllers\Api\EnchantingControllerTest" classname="Tests.Feature.Game.Skills.Controllers.Api.EnchantingControllerTest" assertions="2" time="0.237782"/>
        <testcase name="testCannotEnchantQuestItems" file="/home/adam/Documents/flare/tests/Feature/Game/Skills/Controllers/Api/EnchantingControllerTest.php" line="106" class="Tests\Feature\Game\Skills\Controllers\Api\EnchantingControllerTest" classname="Tests.Feature.Game.Skills.Controllers.Api.EnchantingControllerTest" assertions="2" time="0.237038"/>
        <testcase name="testCannotEnchantWhenCanEnchantIsFalse" file="/home/adam/Documents/flare/tests/Feature/Game/Skills/Controllers/Api/EnchantingControllerTest.php" line="69" class="Tests\Feature\Game\Skills\Controllers\Api\EnchantingControllerTest" classname="Tests.Feature.Game.Skills.Controllers.Api.EnchantingControllerTest" assertions="2" time="0.253384"/>
        <testcase name="testGetEnchantingItems" file="/home/adam/Documents/flare/tests/Feature/Game/Skills/Controllers/Api/EnchantingControllerTest.php" line="52" class="Tests\Feature\Game\Skills\Controllers\Api\EnchantingControllerTest" classname="Tests.Feature.Game.Skills.Controllers.Api.EnchantingControllerTest" assertions="2" time="0.235152"/>
        <testcase name="testCannotEnchantItemNotEnoughGold" file="/home/adam/Documents/flare/tests/Feature/Game/Skills/Controllers/Api/EnchantingControllerTest.php" line="139" class="Tests\Feature\Game\Skills\Controllers\Api\EnchantingControllerTest" classname="Tests.Feature.Game.Skills.Controllers.Api.EnchantingControllerTest" assertions="3" time="0.262927"/>
        <testcase name="testEnchantItem" file="/home/adam/Documents/flare/tests/Feature/Game/Skills/Controllers/Api/EnchantingControllerTest.php" line="177" class="Tests\Feature\Game\Skills\Controllers\Api\EnchantingControllerTest" classname="Tests.Feature.Game.Skills.Controllers.Api.EnchantingControllerTest" assertions="5" time="0.308124"/>
      </testsuite>
      <testsuite name="Tests\Feature\Game\Skills\Controllers\Api\GemCraftingControllerTest" file="/home/adam/Documents/flare/tests/Feature/Game/Skills/Controllers/Api/GemCraftingControllerTest.php" tests="2" assertions="9" errors="0" failures="0" skipped="0" time="0.586529">
        <testcase name="testGetCraftableGems" file="/home/adam/Documents/flare/tests/Feature/Game/Skills/Controllers/Api/GemCraftingControllerTest.php" line="51" class="Tests\Feature\Game\Skills\Controllers\Api\GemCraftingControllerTest" classname="Tests.Feature.Game.Skills.Controllers.Api.GemCraftingControllerTest" assertions="2" time="0.265704"/>
        <testcase name="testCraftGem" file="/home/adam/Documents/flare/tests/Feature/Game/Skills/Controllers/Api/GemCraftingControllerTest.php" line="62" class="Tests\Feature\Game\Skills\Controllers\Api\GemCraftingControllerTest" classname="Tests.Feature.Game.Skills.Controllers.Api.GemCraftingControllerTest" assertions="7" time="0.320825"/>
      </testsuite>
      <testsuite name="Tests\Feature\Game\Skills\Controllers\Api\ItemSkillControllerTest" file="/home/adam/Documents/flare/tests/Feature/Game/Skills/Controllers/Api/ItemSkillControllerTest.php" tests="2" assertions="6" errors="0" failures="0" skipped="0" time="0.495996">
        <testcase name="testTrainItemSkill" file="/home/adam/Documents/flare/tests/Feature/Game/Skills/Controllers/Api/ItemSkillControllerTest.php" line="33" class="Tests\Feature\Game\Skills\Controllers\Api\ItemSkillControllerTest" classname="Tests.Feature.Game.Skills.Controllers.Api.ItemSkillControllerTest" assertions="3" time="0.263822"/>
        <testcase name="testStopTrainingItemSkill" file="/home/adam/Documents/flare/tests/Feature/Game/Skills/Controllers/Api/ItemSkillControllerTest.php" line="89" class="Tests\Feature\Game\Skills\Controllers\Api\ItemSkillControllerTest" classname="Tests.Feature.Game.Skills.Controllers.Api.ItemSkillControllerTest" assertions="3" time="0.232174"/>
      </testsuite>
      <testsuite name="Tests\Feature\Game\Skills\Controllers\Api\SkillsControllerTest" file="/home/adam/Documents/flare/tests/Feature/Game/Skills/Controllers/Api/SkillsControllerTest.php" tests="6" assertions="13" errors="0" failures="0" skipped="0" time="1.699204">
        <testcase name="testGetSkillsForPlayer" file="/home/adam/Documents/flare/tests/Feature/Game/Skills/Controllers/Api/SkillsControllerTest.php" line="32" class="Tests\Feature\Game\Skills\Controllers\Api\SkillsControllerTest" classname="Tests.Feature.Game.Skills.Controllers.Api.SkillsControllerTest" assertions="2" time="0.258622"/>
        <testcase name="testGetSkillInformation" file="/home/adam/Documents/flare/tests/Feature/Game/Skills/Controllers/Api/SkillsControllerTest.php" line="80" class="Tests\Feature\Game\Skills\Controllers\Api\SkillsControllerTest" classname="Tests.Feature.Game.Skills.Controllers.Api.SkillsControllerTest" assertions="1" time="0.234114"/>
        <testcase name="testStopTrainingSkill" file="/home/adam/Documents/flare/tests/Feature/Game/Skills/Controllers/Api/SkillsControllerTest.php" line="150" class="Tests\Feature\Game\Skills\Controllers\Api\SkillsControllerTest" classname="Tests.Feature.Game.Skills.Controllers.Api.SkillsControllerTest" assertions="3" time="0.258306"/>
        <testcase name="testTrainSkill" file="/home/adam/Documents/flare/tests/Feature/Game/Skills/Controllers/Api/SkillsControllerTest.php" line="99" class="Tests\Feature\Game\Skills\Controllers\Api\SkillsControllerTest" classname="Tests.Feature.Game.Skills.Controllers.Api.SkillsControllerTest" assertions="3" time="0.260695"/>
        <testcase name="testFailToGetSkillInformation" file="/home/adam/Documents/flare/tests/Feature/Game/Skills/Controllers/Api/SkillsControllerTest.php" line="57" class="Tests\Feature\Game\Skills\Controllers\Api\SkillsControllerTest" classname="Tests.Feature.Game.Skills.Controllers.Api.SkillsControllerTest" assertions="2" time="0.413742"/>
[...]
        <testcase name="testGetSpecificSkill" file="/home/adam/Documents/flare/tests/Unit/Game/Skills/Services/SkillServiceTest.php" line="62" class="Tests\Unit\Game\Skills\Services\SkillServiceTest" classname="Tests.Unit.Game.Skills.Services.SkillServiceTest" assertions="1" time="0.215040"/>
        <testcase name="testDoNotAssignXpToMaxLevelSkill" file="/home/adam/Documents/flare/tests/Unit/Game/Skills/Services/SkillServiceTest.php" line="135" class="Tests\Unit\Game\Skills\Services\SkillServiceTest" classname="Tests.Unit.Game.Skills.Services.SkillServiceTest" assertions="1" time="0.256003"/>
        <testcase name="testAssignXpToSkillWhenEventIsRunning" file="/home/adam/Documents/flare/tests/Unit/Game/Skills/Services/SkillServiceTest.php" line="173" class="Tests\Unit\Game\Skills\Services\SkillServiceTest" classname="Tests.Unit.Game.Skills.Services.SkillServiceTest" assertions="1" time="0.220696"/>
        <testcase name="testTrainSkill" file="/home/adam/Documents/flare/tests/Unit/Game/Skills/Services/SkillServiceTest.php" line="77" class="Tests\Unit\Game\Skills\Services\SkillServiceTest" classname="Tests.Unit.Game.Skills.Services.SkillServiceTest" assertions="4" time="0.246731"/>
        <testcase name="testCraftSkillDoesNotGetXpBecauseItsMaxLevel" file="/home/adam/Documents/flare/tests/Unit/Game/Skills/Services/SkillServiceTest.php" line="248" class="Tests\Unit\Game\Skills\Services\SkillServiceTest" classname="Tests.Unit.Game.Skills.Services.SkillServiceTest" assertions="1" time="0.340053"/>
        <testcase name="testSwitchTrainingSkills" file="/home/adam/Documents/flare/tests/Unit/Game/Skills/Services/SkillServiceTest.php" line="93" class="Tests\Unit\Game\Skills\Services\SkillServiceTest" classname="Tests.Unit.Game.Skills.Services.SkillServiceTest" assertions="6" time="0.217461"/>
        <testcase name="testAssignXpToSkill" file="/home/adam/Documents/flare/tests/Unit/Game/Skills/Services/SkillServiceTest.php" line="153" class="Tests\Unit\Game\Skills\Services\SkillServiceTest" classname="Tests.Unit.Game.Skills.Services.SkillServiceTest" assertions="1" time="0.223241"/>
        <testcase name="testLevelSkillWhereSkillBonusWillNotGoAboveOne" file="/home/adam/Documents/flare/tests/Unit/Game/Skills/Services/SkillServiceTest.php" line="223" class="Tests\Unit\Game\Skills\Services\SkillServiceTest" classname="Tests.Unit.Game.Skills.Services.SkillServiceTest" assertions="3" time="0.285113"/>
        <testcase name="testLevelSkill" file="/home/adam/Documents/flare/tests/Unit/Game/Skills/Services/SkillServiceTest.php" line="199" class="Tests\Unit\Game\Skills\Services\SkillServiceTest" classname="Tests.Unit.Game.Skills.Services.SkillServiceTest" assertions="2" time="0.288515"/>
        <testcase name="testAssignXpToRegularSkillAndDoNotLevelItBeyondLevel400" file="/home/adam/Documents/flare/tests/Unit/Game/Skills/Services/SkillServiceTest.php" line="340" class="Tests\Unit\Game\Skills\Services\SkillServiceTest" classname="Tests.Unit.Game.Skills.Services.SkillServiceTest" assertions="2" time="0.323537"/>
        <testcase name="testAssignXpToRegularSkillWhenFeedBackEventIsRunning" file="/home/adam/Documents/flare/tests/Unit/Game/Skills/Services/SkillServiceTest.php" line="284" class="Tests\Unit\Game\Skills\Services\SkillServiceTest" classname="Tests.Unit.Game.Skills.Services.SkillServiceTest" assertions="1" time="0.472158"/>
        <testcase name="testAssignXpToCraftingSkillWhenFeedBackEventIsRunning" file="/home/adam/Documents/flare/tests/Unit/Game/Skills/Services/SkillServiceTest.php" line="263" class="Tests\Unit\Game\Skills\Services\SkillServiceTest" classname="Tests.Unit.Game.Skills.Services.SkillServiceTest" assertions="1" time="0.569164"/>
        <testcase name="testAssignXpToRegularSkillAndLevelItUp" file="/home/adam/Documents/flare/tests/Unit/Game/Skills/Services/SkillServiceTest.php" line="305" class="Tests\Unit\Game\Skills\Services\SkillServiceTest" classname="Tests.Unit.Game.Skills.Services.SkillServiceTest" assertions="1" time="1.337051"/>
      </testsuite>
      <testsuite name="Tests\Unit\Game\Skills\Services\TrinketCraftingServiceTest" file="/home/adam/Documents/flare/tests/Unit/Game/Skills/Services/TrinketCraftingServiceTest.php" tests="12" assertions="30" errors="0" failures="0" skipped="0" time="3.133756">
        <testcase name="testCannotAffordToCraftTrinket" file="/home/adam/Documents/flare/tests/Unit/Game/Skills/Services/TrinketCraftingServiceTest.php" line="102" class="Tests\Unit\Game\Skills\Services\TrinketCraftingServiceTest" classname="Tests.Unit.Game.Skills.Services.TrinketCraftingServiceTest" assertions="1" time="0.311130"/>
        <testcase name="testCannotAffordToCraftTrinketNotEnoughnCopperCoins" file="/home/adam/Documents/flare/tests/Unit/Game/Skills/Services/TrinketCraftingServiceTest.php" line="115" class="Tests\Unit\Game\Skills\Services\TrinketCraftingServiceTest" classname="Tests.Unit.Game.Skills.Services.TrinketCraftingServiceTest" assertions="1" time="0.207025"/>
        <testcase name="testGetTrinketsToCraft" file="/home/adam/Documents/flare/tests/Unit/Game/Skills/Services/TrinketCraftingServiceTest.php" line="74" class="Tests\Unit\Game\Skills\Services\TrinketCraftingServiceTest" classname="Tests.Unit.Game.Skills.Services.TrinketCraftingServiceTest" assertions="1" time="0.214180"/>
        <testcase name="testCannotCraftTrinketWhenTooHard" file="/home/adam/Documents/flare/tests/Unit/Game/Skills/Services/TrinketCraftingServiceTest.php" line="132" class="Tests\Unit\Game\Skills\Services\TrinketCraftingServiceTest" classname="Tests.Unit.Game.Skills.Services.TrinketCraftingServiceTest" assertions="1" time="0.221193"/>
        <testcase name="testFailToCraftTheTrinket" file="/home/adam/Documents/flare/tests/Unit/Game/Skills/Services/TrinketCraftingServiceTest.php" line="184" class="Tests\Unit\Game\Skills\Services\TrinketCraftingServiceTest" classname="Tests.Unit.Game.Skills.Services.TrinketCraftingServiceTest" assertions="4" time="0.262738"/>
        <testcase name="testFetchCharacterTrinketCraftingXP" file="/home/adam/Documents/flare/tests/Unit/Game/Skills/Services/TrinketCraftingServiceTest.php" line="340" class="Tests\Unit\Game\Skills\Services\TrinketCraftingServiceTest" classname="Tests.Unit.Game.Skills.Services.TrinketCraftingServiceTest" assertions="1" time="0.214990"/>
        <testcase name="testCraftTheItemButInventoryIsFull" file="/home/adam/Documents/flare/tests/Unit/Game/Skills/Services/TrinketCraftingServiceTest.php" line="303" class="Tests\Unit\Game\Skills\Services\TrinketCraftingServiceTest" classname="Tests.Unit.Game.Skills.Services.TrinketCraftingServiceTest" assertions="5" time="0.241762"/>
        <testcase name="testCraftTheItem" file="/home/adam/Documents/flare/tests/Unit/Game/Skills/Services/TrinketCraftingServiceTest.php" line="219" class="Tests\Unit\Game\Skills\Services\TrinketCraftingServiceTest" classname="Tests.Unit.Game.Skills.Services.TrinketCraftingServiceTest" assertions="2" time="0.286893"/>
        <testcase name="testCraftTheItemAndGiveitem" file="/home/adam/Documents/flare/tests/Unit/Game/Skills/Services/TrinketCraftingServiceTest.php" line="238" class="Tests\Unit\Game\Skills\Services\TrinketCraftingServiceTest" classname="Tests.Unit.Game.Skills.Services.TrinketCraftingServiceTest" assertions="4" time="0.267473"/>
        <testcase name="testGetTrinketsToCraftAsMerchant" file="/home/adam/Documents/flare/tests/Unit/Game/Skills/Services/TrinketCraftingServiceTest.php" line="83" class="Tests\Unit\Game\Skills\Services\TrinketCraftingServiceTest" classname="Tests.Unit.Game.Skills.Services.TrinketCraftingServiceTest" assertions="4" time="0.292078"/>
        <testcase name="testCraftTrinketWhenTooEasy" file="/home/adam/Documents/flare/tests/Unit/Game/Skills/Services/TrinketCraftingServiceTest.php" line="156" class="Tests\Unit\Game\Skills\Services\TrinketCraftingServiceTest" classname="Tests.Unit.Game.Skills.Services.TrinketCraftingServiceTest" assertions="2" time="0.288561"/>
        <testcase name="testCraftTheItemAsMerchant" file="/home/adam/Documents/flare/tests/Unit/Game/Skills/Services/TrinketCraftingServiceTest.php" line="268" class="Tests\Unit\Game\Skills\Services\TrinketCraftingServiceTest" classname="Tests.Unit.Game.Skills.Services.TrinketCraftingServiceTest" assertions="4" time="0.325732"/>
      </testsuite>
      <testsuite name="Tests\Unit\Game\Skills\Services\UpdateCharacterSkillsServiceTest" file="/home/adam/Documents/flare/tests/Unit/Game/Skills/Services/UpdateCharacterSkillsServiceTest.php" tests="2" assertions="2" errors="0" failures="0" skipped="0" time="0.470999">
        <testcase name="testUpdateCharactercraftingSkills" file="/home/adam/Documents/flare/tests/Unit/Game/Skills/Services/UpdateCharacterSkillsServiceTest.php" line="62" class="Tests\Unit\Game\Skills\Services\UpdateCharacterSkillsServiceTest" classname="Tests.Unit.Game.Skills.Services.UpdateCharacterSkillsServiceTest" assertions="1" time="0.210718"/>
        <testcase name="testUpdateCharacterTrainingSkills" file="/home/adam/Documents/flare/tests/Unit/Game/Skills/Services/UpdateCharacterSkillsServiceTest.php" line="51" class="Tests\Unit\Game\Skills\Services\UpdateCharacterSkillsServiceTest" classname="Tests.Unit.Game.Skills.Services.UpdateCharacterSkillsServiceTest" assertions="1" time="0.260282"/>
      </testsuite>
      <testsuite name="Tests\Unit\Game\Skills\Values\SkillTypeValueTest" file="/home/adam/Documents/flare/tests/Unit/Game/Skills/Values/SkillTypeValueTest.php" tests="16" assertions="16" errors="0" failures="0" skipped="0" time="1.792960">
        <testcase name="testIsDirectionalTimer" file="/home/adam/Documents/flare/tests/Unit/Game/Skills/Values/SkillTypeValueTest.php" line="45" class="Tests\Unit\Game\Skills\Values\SkillTypeValueTest" classname="Tests.Unit.Game.Skills.Values.SkillTypeValueTest" assertions="1" time="0.103945"/>
        <testcase name="testIsKingdomBuildingTimer" file="/home/adam/Documents/flare/tests/Unit/Game/Skills/Values/SkillTypeValueTest.php" line="50" class="Tests\Unit\Game\Skills\Values\SkillTypeValueTest" classname="Tests.Unit.Game.Skills.Values.SkillTypeValueTest" assertions="1" time="0.101062"/>
        <testcase name="testIsUnitMovementTimer" file="/home/adam/Documents/flare/tests/Unit/Game/Skills/Values/SkillTypeValueTest.php" line="60" class="Tests\Unit\Game\Skills\Values\SkillTypeValueTest" classname="Tests.Unit.Game.Skills.Values.SkillTypeValueTest" assertions="1" time="0.100898"/>
        <testcase name="testIsTraining" file="/home/adam/Documents/flare/tests/Unit/Game/Skills/Values/SkillTypeValueTest.php" line="10" class="Tests\Unit\Game\Skills\Values\SkillTypeValueTest" classname="Tests.Unit.Game.Skills.Values.SkillTypeValueTest" assertions="1" time="0.158479"/>
        <testcase name="testIsCrafting" file="/home/adam/Documents/flare/tests/Unit/Game/Skills/Values/SkillTypeValueTest.php" line="15" class="Tests\Unit\Game\Skills\Values\SkillTypeValueTest" classname="Tests.Unit.Game.Skills.Values.SkillTypeValueTest" assertions="1" time="0.100091"/>
        <testcase name="testIsMovementTimer" file="/home/adam/Documents/flare/tests/Unit/Game/Skills/Values/SkillTypeValueTest.php" line="40" class="Tests\Unit\Game\Skills\Values\SkillTypeValueTest" classname="Tests.Unit.Game.Skills.Values.SkillTypeValueTest" assertions="1" time="0.098526"/>
        <testcase name="testIsSpellEvasion" file="/home/adam/Documents/flare/tests/Unit/Game/Skills/Values/SkillTypeValueTest.php" line="65" class="Tests\Unit\Game\Skills\Values\SkillTypeValueTest" classname="Tests.Unit.Game.Skills.Values.SkillTypeValueTest" assertions="1" time="0.102769"/>
        <testcase name="testIsDisenchanting" file="/home/adam/Documents/flare/tests/Unit/Game/Skills/Values/SkillTypeValueTest.php" line="25" class="Tests\Unit\Game\Skills\Values\SkillTypeValueTest" classname="Tests.Unit.Game.Skills.Values.SkillTypeValueTest" assertions="1" time="0.104653"/>
        <testcase name="testIsUnitRecruitmentTimer" file="/home/adam/Documents/flare/tests/Unit/Game/Skills/Values/SkillTypeValueTest.php" line="55" class="Tests\Unit\Game\Skills\Values\SkillTypeValueTest" classname="Tests.Unit.Game.Skills.Values.SkillTypeValueTest" assertions="1" time="0.156631"/>
        <testcase name="testIsAlchemy" file="/home/adam/Documents/flare/tests/Unit/Game/Skills/Values/SkillTypeValueTest.php" line="30" class="Tests\Unit\Game\Skills\Values\SkillTypeValueTest" classname="Tests.Unit.Game.Skills.Values.SkillTypeValueTest" assertions="1" time="0.106055"/>
        <testcase name="testIsBattleTimer" file="/home/adam/Documents/flare/tests/Unit/Game/Skills/Values/SkillTypeValueTest.php" line="35" class="Tests\Unit\Game\Skills\Values\SkillTypeValueTest" classname="Tests.Unit.Game.Skills.Values.SkillTypeValueTest" assertions="1" time="0.099029"/>
        <testcase name="testGetNamedValue" file="/home/adam/Documents/flare/tests/Unit/Game/Skills/Values/SkillTypeValueTest.php" line="85" class="Tests\Unit\Game\Skills\Values\SkillTypeValueTest" classname="Tests.Unit.Game.Skills.Values.SkillTypeValueTest" assertions="1" time="0.112638"/>
        <testcase name="testIsKingdom" file="/home/adam/Documents/flare/tests/Unit/Game/Skills/Values/SkillTypeValueTest.php" line="70" class="Tests\Unit\Game\Skills\Values\SkillTypeValueTest" classname="Tests.Unit.Game.Skills.Values.SkillTypeValueTest" assertions="1" time="0.147629"/>
        <testcase name="testEffectsClass" file="/home/adam/Documents/flare/tests/Unit/Game/Skills/Values/SkillTypeValueTest.php" line="75" class="Tests\Unit\Game\Skills\Values\SkillTypeValueTest" classname="Tests.Unit.Game.Skills.Values.SkillTypeValueTest" assertions="1" time="0.101459"/>
        <testcase name="testIsGemCrafting" file="/home/adam/Documents/flare/tests/Unit/Game/Skills/Values/SkillTypeValueTest.php" line="80" class="Tests\Unit\Game\Skills\Values\SkillTypeValueTest" classname="Tests.Unit.Game.Skills.Values.SkillTypeValueTest" assertions="1" time="0.099683"/>
        <testcase name="testIsEnchanting" file="/home/adam/Documents/flare/tests/Unit/Game/Skills/Values/SkillTypeValueTest.php" line="20" class="Tests\Unit\Game\Skills\Values\SkillTypeValueTest" classname="Tests.Unit.Game.Skills.Values.SkillTypeValueTest" assertions="1" time="0.099413"/>
      </testsuite>
      <testsuite name="Tests\Unit\Game\SpecialtyShops\Services\SpecialtyShopTest" file="/home/adam/Documents/flare/tests/Unit/Game/SpecialtyShops/Services/SpecialtyShopTest.php" tests="8" assertions="26" errors="0" failures="0" skipped="0" time="2.034410">
        <testcase name="testCannotFindItemToPurchase" file="/home/adam/Documents/flare/tests/Unit/Game/SpecialtyShops/Services/SpecialtyShopTest.php" line="40" class="Tests\Unit\Game\SpecialtyShops\Services\SpecialtyShopTest" classname="Tests.Unit.Game.SpecialtyShops.Services.SpecialtyShopTest" assertions="2" time="0.257338"/>
        <testcase name="testDoesNotHaveTheCurrencyRequired" file="/home/adam/Documents/flare/tests/Unit/Game/SpecialtyShops/Services/SpecialtyShopTest.php" line="50" class="Tests\Unit\Game\SpecialtyShops\Services\SpecialtyShopTest" classname="Tests.Unit.Game.SpecialtyShops.Services.SpecialtyShopTest" assertions="2" time="0.201791"/>
        <testcase name="testMissingPurgatoryChainGearToUpgrade" file="/home/adam/Documents/flare/tests/Unit/Game/SpecialtyShops/Services/SpecialtyShopTest.php" line="89" class="Tests\Unit\Game\SpecialtyShops\Services\SpecialtyShopTest" classname="Tests.Unit.Game.SpecialtyShops.Services.SpecialtyShopTest" assertions="2" time="0.204411"/>
        <testcase name="testDoesNotHaveTheBaseItemRequiredForUpgrade" file="/home/adam/Documents/flare/tests/Unit/Game/SpecialtyShops/Services/SpecialtyShopTest.php" line="68" class="Tests\Unit\Game\SpecialtyShops\Services\SpecialtyShopTest" classname="Tests.Unit.Game.SpecialtyShops.Services.SpecialtyShopTest" assertions="2" time="0.282291"/>
        <testcase name="testPurchaseHellForgedItem" file="/home/adam/Documents/flare/tests/Unit/Game/SpecialtyShops/Services/SpecialtyShopTest.php" line="110" class="Tests\Unit\Game\SpecialtyShops\Services\SpecialtyShopTest" classname="Tests.Unit.Game.SpecialtyShops.Services.SpecialtyShopTest" assertions="4" time="0.245148"/>
        <testcase name="testPurchasePurgatoryChainItem" file="/home/adam/Documents/flare/tests/Unit/Game/SpecialtyShops/Services/SpecialtyShopTest.php" line="178" class="Tests\Unit\Game\SpecialtyShops\Services\SpecialtyShopTest" classname="Tests.Unit.Game.SpecialtyShops.Services.SpecialtyShopTest" assertions="4" time="0.234692"/>
        <testcase name="testPurchaseHellForgedItemAsMerchant" file="/home/adam/Documents/flare/tests/Unit/Game/SpecialtyShops/Services/SpecialtyShopTest.php" line="141" class="Tests\Unit\Game\SpecialtyShops\Services\SpecialtyShopTest" classname="Tests.Unit.Game.SpecialtyShops.Services.SpecialtyShopTest" assertions="4" time="0.260672"/>
        <testcase name="testMovesAffixesAndHolyOver" file="/home/adam/Documents/flare/tests/Unit/Game/SpecialtyShops/Services/SpecialtyShopTest.php" line="210" class="Tests\Unit\Game\SpecialtyShops\Services\SpecialtyShopTest" classname="Tests.Unit.Game.SpecialtyShops.Services.SpecialtyShopTest" assertions="6" time="0.348065"/>
      </testsuite>
      <testsuite name="Tests\Unit\Game\Survey\Services\SurveyServiceTest" file="/home/adam/Documents/flare/tests/Unit/Game/Survey/Services/SurveyServiceTest.php" tests="2" assertions="5" errors="0" failures="0" skipped="0" time="0.430500">
        <testcase name="testSurveyIsMissingFields" file="/home/adam/Documents/flare/tests/Unit/Game/Survey/Services/SurveyServiceTest.php" line="28" class="Tests\Unit\Game\Survey\Services\SurveyServiceTest" classname="Tests.Unit.Game.Survey.Services.SurveyServiceTest" assertions="2" time="0.210042"/>
        <testcase name="testSurveyIsSubmitted" file="/home/adam/Documents/flare/tests/Unit/Game/Survey/Services/SurveyServiceTest.php" line="39" class="Tests\Unit\Game\Survey\Services\SurveyServiceTest" classname="Tests.Unit.Game.Survey.Services.SurveyServiceTest" assertions="3" time="0.220458"/>
      </testsuite>
      <testsuite name="Tests\Unit\Game\Survey\Validator\SurveyValidatorTest" file="/home/adam/Documents/flare/tests/Unit/Game/Survey/Validator/SurveyValidatorTest.php" tests="4" assertions="4" errors="0" failures="0" skipped="0" time="0.509769">
        <testcase name="testSectionsAreValid" file="/home/adam/Documents/flare/tests/Unit/Game/Survey/Validator/SurveyValidatorTest.php" line="103" class="Tests\Unit\Game\Survey\Validator\SurveyValidatorTest" classname="Tests.Unit.Game.Survey.Validator.SurveyValidatorTest" assertions="1" time="0.153160"/>
        <testcase name="testSectionLabelDoesNotHaveAValue" file="/home/adam/Documents/flare/tests/Unit/Game/Survey/Validator/SurveyValidatorTest.php" line="37" class="Tests\Unit\Game\Survey\Validator\SurveyValidatorTest" classname="Tests.Unit.Game.Survey.Validator.SurveyValidatorTest" assertions="1" time="0.116925"/>
        <testcase name="testSectionIsInvalidWhenCheckBoxOptionIsNotAValidSelection" file="/home/adam/Documents/flare/tests/Unit/Game/Survey/Validator/SurveyValidatorTest.php" line="76" class="Tests\Unit\Game\Survey\Validator\SurveyValidatorTest" classname="Tests.Unit.Game.Survey.Validator.SurveyValidatorTest" assertions="1" time="0.127062"/>
        <testcase name="testSectionIsInvalidWhenUsingInvalidType" file="/home/adam/Documents/flare/tests/Unit/Game/Survey/Validator/SurveyValidatorTest.php" line="48" class="Tests\Unit\Game\Survey\Validator\SurveyValidatorTest" classname="Tests.Unit.Game.Survey.Validator.SurveyValidatorTest" assertions="1" time="0.112622"/>
      </testsuite>
    </testsuite>
  </testsuite>
</testsuites>
