<?xml version="1.0" encoding="UTF-8"?>
<testsuites>
  <testsuite name="/home/adam/Documents/flare/phpunit.xml" tests="1453" assertions="3523" errors="0" failures="1" skipped="0" time="804.796579">
    <testsuite name="Console" tests="53" assertions="104" errors="0" failures="0" skipped="0" time="91.743033">
      <testsuite name="Tests\Console\AddHolyStacksToItemsTest" file="/home/adam/Documents/flare/tests/Console/AddHolyStacksToItemsTest.php" tests="1" assertions="4" errors="0" failures="0" skipped="0" time="23.896612">
        <testcase name="testAddHolyStacks" file="/home/adam/Documents/flare/tests/Console/AddHolyStacksToItemsTest.php" line="14" class="Tests\Console\AddHolyStacksToItemsTest" classname="Tests.Console.AddHolyStacksToItemsTest" assertions="4" time="23.896612"/>
      </testsuite>
      <testsuite name="Tests\Console\Admin\CreateAdminAccountTest" file="/home/adam/Documents/flare/tests/Console/Admin/CreateAdminAccountTest.php" tests="3" assertions="8" errors="0" failures="0" skipped="0" time="0.446877">
        <testcase name="testFailToCreateDuplicateAdmin" file="/home/adam/Documents/flare/tests/Console/Admin/CreateAdminAccountTest.php" line="49" class="Tests\Console\Admin\CreateAdminAccountTest" classname="Tests.Console.Admin.CreateAdminAccountTest" assertions="3" time="0.174594"/>
        <testcase name="testFailToCreateAdmin" file="/home/adam/Documents/flare/tests/Console/Admin/CreateAdminAccountTest.php" line="33" class="Tests\Console\Admin\CreateAdminAccountTest" classname="Tests.Console.Admin.CreateAdminAccountTest" assertions="1" time="0.122254"/>
        <testcase name="testCreateAdmin" file="/home/adam/Documents/flare/tests/Console/Admin/CreateAdminAccountTest.php" line="18" class="Tests\Console\Admin\CreateAdminAccountTest" classname="Tests.Console.Admin.CreateAdminAccountTest" assertions="4" time="0.150029"/>
      </testsuite>
      <testsuite name="Tests\Console\Admin\GiveKingdomsToNpcsTest" file="/home/adam/Documents/flare/tests/Console/Admin/GiveKingdomsToNpcsTest.php" tests="1" assertions="2" errors="0" failures="0" skipped="0" time="0.267775">
        <testcase name="testGiveBannedPlayerKingdomsToNPC" file="/home/adam/Documents/flare/tests/Console/Admin/GiveKingdomsToNpcsTest.php" line="38" class="Tests\Console\Admin\GiveKingdomsToNpcsTest" classname="Tests.Console.Admin.GiveKingdomsToNpcsTest" assertions="2" time="0.267775"/>
      </testsuite>
      <testsuite name="Tests\Console\Battle\ClearCelestialsTest" file="/home/adam/Documents/flare/tests/Console/Battle/ClearCelestialsTest.php" tests="1" assertions="3" errors="0" failures="0" skipped="0" time="0.282379">
        <testcase name="testClearCelestials" file="/home/adam/Documents/flare/tests/Console/Battle/ClearCelestialsTest.php" line="32" class="Tests\Console\Battle\ClearCelestialsTest" classname="Tests.Console.Battle.ClearCelestialsTest" assertions="3" time="0.282379"/>
      </testsuite>
      <testsuite name="Tests\Console\Character\Console\Commands\AssignNewFactionsToCharactersTest" file="/home/adam/Documents/flare/tests/Console/Character/Console/Commands/AssignNewFactionsToCharactersTest.php" tests="2" assertions="2" errors="0" failures="0" skipped="0" time="0.819804">
        <testcase name="testAssignNewFaction" file="/home/adam/Documents/flare/tests/Console/Character/Console/Commands/AssignNewFactionsToCharactersTest.php" line="31" class="Tests\Console\Character\Console\Commands\AssignNewFactionsToCharactersTest" classname="Tests.Console.Character.Console.Commands.AssignNewFactionsToCharactersTest" assertions="1" time="0.583481"/>
        <testcase name="testDoNotAssignNewFaction" file="/home/adam/Documents/flare/tests/Console/Character/Console/Commands/AssignNewFactionsToCharactersTest.php" line="42" class="Tests\Console\Character\Console\Commands\AssignNewFactionsToCharactersTest" classname="Tests.Console.Character.Console.Commands.AssignNewFactionsToCharactersTest" assertions="1" time="0.236322"/>
      </testsuite>
      <testsuite name="Tests\Console\Character\Console\Commands\AssignNewSkillsToPlayersTest" file="/home/adam/Documents/flare/tests/Console/Character/Console/Commands/AssignNewSkillsToPlayersTest.php" tests="1" assertions="1" errors="0" failures="0" skipped="0" time="0.249210">
        <testcase name="testAssignNewSkillToPlayer" file="/home/adam/Documents/flare/tests/Console/Character/Console/Commands/AssignNewSkillsToPlayersTest.php" line="31" class="Tests\Console\Character\Console\Commands\AssignNewSkillsToPlayersTest" classname="Tests.Console.Character.Console.Commands.AssignNewSkillsToPlayersTest" assertions="1" time="0.249210"/>
      </testsuite>
      <testsuite name="Tests\Console\CleanMarketHistoryTest" file="/home/adam/Documents/flare/tests/Console/CleanMarketHistoryTest.php" tests="1" assertions="2" errors="0" failures="0" skipped="0" time="0.137745">
        <testcase name="testCleanMarketHistory" file="/home/adam/Documents/flare/tests/Console/CleanMarketHistoryTest.php" line="15" class="Tests\Console\CleanMarketHistoryTest" classname="Tests.Console.CleanMarketHistoryTest" assertions="2" time="0.137745"/>
      </testsuite>
      <testsuite name="Tests\Console\CreateCharacterAttackDataCacheTest" file="/home/adam/Documents/flare/tests/Console/CreateCharacterAttackDataCacheTest.php" tests="1" assertions="2" errors="0" failures="0" skipped="0" time="0.207822">
        <testcase name="testCreateAttackData" file="/home/adam/Documents/flare/tests/Console/CreateCharacterAttackDataCacheTest.php" line="15" class="Tests\Console\CreateCharacterAttackDataCacheTest" classname="Tests.Console.CreateCharacterAttackDataCacheTest" assertions="2" time="0.207822"/>
      </testsuite>
      <testsuite name="Tests\Console\DeleteFlaggedUsersTest" file="/home/adam/Documents/flare/tests/Console/DeleteFlaggedUsersTest.php" tests="2" assertions="4" errors="0" failures="0" skipped="0" time="27.932395">
        <testcase name="testDoNotDeletedNonFlaggedUsers" file="/home/adam/Documents/flare/tests/Console/DeleteFlaggedUsersTest.php" line="71" class="Tests\Console\DeleteFlaggedUsersTest" classname="Tests.Console.DeleteFlaggedUsersTest" assertions="2" time="0.484369"/>
        <testcase name="testDeleteInactiveFlaggedUsers" file="/home/adam/Documents/flare/tests/Console/DeleteFlaggedUsersTest.php" line="60" class="Tests\Console\DeleteFlaggedUsersTest" classname="Tests.Console.DeleteFlaggedUsersTest" assertions="2" time="27.448026"/>
      </testsuite>
      <testsuite name="Tests\Console\Events\EndScheduledEventTest" file="/home/adam/Documents/flare/tests/Console/Events/EndScheduledEventTest.php" tests="3" assertions="5" errors="0" failures="0" skipped="0" time="29.931901">
        <testcase name="testReturnsEarlyWhenNoScheduledEvents" file="/home/adam/Documents/flare/tests/Console/Events/EndScheduledEventTest.php" line="32" class="Tests\Console\Events\EndScheduledEventTest" classname="Tests.Console.Events.EndScheduledEventTest" assertions="1" time="29.651122"/>
        <testcase name="testEndsViaRegistryThenFinalizes" file="/home/adam/Documents/flare/tests/Console/Events/EndScheduledEventTest.php" line="71" class="Tests\Console\Events\EndScheduledEventTest" classname="Tests.Console.Events.EndScheduledEventTest" assertions="2" time="0.149860"/>
        <testcase name="testFinalizesWhenNoCurrentEvent" file="/home/adam/Documents/flare/tests/Console/Events/EndScheduledEventTest.php" line="46" class="Tests\Console\Events\EndScheduledEventTest" classname="Tests.Console.Events.EndScheduledEventTest" assertions="2" time="0.130919"/>
      </testsuite>
      <testsuite name="Tests\Console\Events\ProcessScheduledEventsTest" file="/home/adam/Documents/flare/tests/Console/Events/ProcessScheduledEventsTest.php" tests="7" assertions="16" errors="0" failures="0" skipped="0" time="1.132237">
        <testcase name="testWeeklyCurrencyEventTriggers" file="/home/adam/Documents/flare/tests/Console/Events/ProcessScheduledEventsTest.php" line="67" class="Tests\Console\Events\ProcessScheduledEventsTest" classname="Tests.Console.Events.ProcessScheduledEventsTest" assertions="2" time="0.144612"/>
        <testcase name="testWeeklyCelestialEventTriggers" file="/home/adam/Documents/flare/tests/Console/Events/ProcessScheduledEventsTest.php" line="80" class="Tests\Console\Events\ProcessScheduledEventsTest" classname="Tests.Console.Events.ProcessScheduledEventsTest" assertions="2" time="0.171106"/>
        <testcase name="testWeeklyFactionEvent" file="/home/adam/Documents/flare/tests/Console/Events/ProcessScheduledEventsTest.php" line="129" class="Tests\Console\Events\ProcessScheduledEventsTest" classname="Tests.Console.Events.ProcessScheduledEventsTest" assertions="2" time="0.125838"/>
        <testcase name="testDelusionalMemoriesEvent" file="/home/adam/Documents/flare/tests/Console/Events/ProcessScheduledEventsTest.php" line="111" class="Tests\Console\Events\ProcessScheduledEventsTest" classname="Tests.Console.Events.ProcessScheduledEventsTest" assertions="3" time="0.161242"/>
        <testcase name="testWinterEvent" file="/home/adam/Documents/flare/tests/Console/Events/ProcessScheduledEventsTest.php" line="93" class="Tests\Console\Events\ProcessScheduledEventsTest" classname="Tests.Console.Events.ProcessScheduledEventsTest" assertions="3" time="0.142553"/>
        <testcase name="testWeeklyFeedBackEventEvent" file="/home/adam/Documents/flare/tests/Console/Events/ProcessScheduledEventsTest.php" line="143" class="Tests\Console\Events\ProcessScheduledEventsTest" classname="Tests.Console.Events.ProcessScheduledEventsTest" assertions="2" time="0.151946"/>
        <testcase name="testRaidEventTriggers" file="/home/adam/Documents/flare/tests/Console/Events/ProcessScheduledEventsTest.php" line="33" class="Tests\Console\Events\ProcessScheduledEventsTest" classname="Tests.Console.Events.ProcessScheduledEventsTest" assertions="2" time="0.234940"/>
      </testsuite>
      <testsuite name="Tests\Console\Events\RestartGlobalEventGoalTest" file="/home/adam/Documents/flare/tests/Console/Events/RestartGlobalEventGoalTest.php" tests="11" assertions="28" errors="0" failures="0" skipped="0" time="2.793635">
        <testcase name="testDoNotResetEnchantingGoal" file="/home/adam/Documents/flare/tests/Console/Events/RestartGlobalEventGoalTest.php" line="222" class="Tests\Console\Events\RestartGlobalEventGoalTest" classname="Tests.Console.Events.RestartGlobalEventGoalTest" assertions="2" time="0.241270"/>
        <testcase name="testFailToMoveToNextStepWhenEventDoesNotExist" file="/home/adam/Documents/flare/tests/Console/Events/RestartGlobalEventGoalTest.php" line="260" class="Tests\Console\Events\RestartGlobalEventGoalTest" classname="Tests.Console.Events.RestartGlobalEventGoalTest" assertions="3" time="0.244135"/>
        <testcase name="testHandleMovingToTheNextStepFromEnchantingToBattling" file="/home/adam/Documents/flare/tests/Console/Events/RestartGlobalEventGoalTest.php" line="368" class="Tests\Console\Events\RestartGlobalEventGoalTest" classname="Tests.Console.Events.RestartGlobalEventGoalTest" assertions="4" time="0.234023"/>
        <testcase name="testDoNotResetCraftingGoal" file="/home/adam/Documents/flare/tests/Console/Events/RestartGlobalEventGoalTest.php" line="184" class="Tests\Console\Events\RestartGlobalEventGoalTest" classname="Tests.Console.Events.RestartGlobalEventGoalTest" assertions="2" time="0.257828"/>
        <testcase name="testDoNotRestEventGoalWhenNoGlobalEventGoalExists" file="/home/adam/Documents/flare/tests/Console/Events/RestartGlobalEventGoalTest.php" line="134" class="Tests\Console\Events\RestartGlobalEventGoalTest" classname="Tests.Console.Events.RestartGlobalEventGoalTest" assertions="1" time="0.214685"/>
        <testcase name="testHandleMovingToCraftingStepOfEventGoal" file="/home/adam/Documents/flare/tests/Console/Events/RestartGlobalEventGoalTest.php" line="493" class="Tests\Console\Events\RestartGlobalEventGoalTest" classname="Tests.Console.Events.RestartGlobalEventGoalTest" assertions="2" time="0.239819"/>
        <testcase name="testDoNotRestEventGoal" file="/home/adam/Documents/flare/tests/Console/Events/RestartGlobalEventGoalTest.php" line="146" class="Tests\Console\Events\RestartGlobalEventGoalTest" classname="Tests.Console.Events.RestartGlobalEventGoalTest" assertions="2" time="0.270586"/>
        <testcase name="testHandleMovingFromCraftEventStepToEnchantingStep" file="/home/adam/Documents/flare/tests/Console/Events/RestartGlobalEventGoalTest.php" line="431" class="Tests\Console\Events\RestartGlobalEventGoalTest" classname="Tests.Console.Events.RestartGlobalEventGoalTest" assertions="4" time="0.260735"/>
        <testcase name="testCannotMoveToNextStepWhenNextStepIsNotAValidStep" file="/home/adam/Documents/flare/tests/Console/Events/RestartGlobalEventGoalTest.php" line="309" class="Tests\Console\Events\RestartGlobalEventGoalTest" classname="Tests.Console.Events.RestartGlobalEventGoalTest" assertions="4" time="0.238892"/>
        <testcase name="testResetEventGoal" file="/home/adam/Documents/flare/tests/Console/Events/RestartGlobalEventGoalTest.php" line="44" class="Tests\Console\Events\RestartGlobalEventGoalTest" classname="Tests.Console.Events.RestartGlobalEventGoalTest" assertions="2" time="0.301539"/>
        <testcase name="testDoNotResetEventGoalWhenMaxKillsDoMatchCurrentKills" file="/home/adam/Documents/flare/tests/Console/Events/RestartGlobalEventGoalTest.php" line="89" class="Tests\Console\Events\RestartGlobalEventGoalTest" classname="Tests.Console.Events.RestartGlobalEventGoalTest" assertions="2" time="0.290125"/>
      </testsuite>
      <testsuite name="Tests\Console\FlagUsersForDeletionTest" file="/home/adam/Documents/flare/tests/Console/FlagUsersForDeletionTest.php" tests="2" assertions="4" errors="0" failures="0" skipped="0" time="0.257079">
        <testcase name="testFlagsUsersForDeletion" file="/home/adam/Documents/flare/tests/Console/FlagUsersForDeletionTest.php" line="14" class="Tests\Console\FlagUsersForDeletionTest" classname="Tests.Console.FlagUsersForDeletionTest" assertions="2" time="0.115466"/>
        <testcase name="testDoesNotFlagValidUsers" file="/home/adam/Documents/flare/tests/Console/FlagUsersForDeletionTest.php" line="31" class="Tests\Console\FlagUsersForDeletionTest" classname="Tests.Console.FlagUsersForDeletionTest" assertions="2" time="0.141613"/>
      </testsuite>
      <testsuite name="Tests\Console\Flare\CreateAdminTest" file="/home/adam/Documents/flare/tests/Console/Flare/CreateAdminTest.php" tests="2" assertions="2" errors="0" failures="0" skipped="0" time="0.270593">
        <testcase name="testCreateAdmin" file="/home/adam/Documents/flare/tests/Console/Flare/CreateAdminTest.php" line="16" class="Tests\Console\Flare\CreateAdminTest" classname="Tests.Console.Flare.CreateAdminTest" assertions="1" time="0.144827"/>
        <testcase name="testCreateAdminUserExists" file="/home/adam/Documents/flare/tests/Console/Flare/CreateAdminTest.php" line="23" class="Tests\Console\Flare\CreateAdminTest" classname="Tests.Console.Flare.CreateAdminTest" assertions="1" time="0.125766"/>
      </testsuite>
      <testsuite name="Tests\Console\Kingdoms\DeleteKingdomLogsTest" file="/home/adam/Documents/flare/tests/Console/Kingdoms/DeleteKingdomLogsTest.php" tests="1" assertions="2" errors="0" failures="0" skipped="0" time="0.275709">
        <testcase name="testDeleteKingdomLogs" file="/home/adam/Documents/flare/tests/Console/Kingdoms/DeleteKingdomLogsTest.php" line="16" class="Tests\Console\Kingdoms\DeleteKingdomLogsTest" classname="Tests.Console.Kingdoms.DeleteKingdomLogsTest" assertions="2" time="0.275709"/>
      </testsuite>
      <testsuite name="Tests\Console\LevelCharacterTest" file="/home/adam/Documents/flare/tests/Console/LevelCharacterTest.php" tests="2" assertions="4" errors="0" failures="0" skipped="0" time="0.444119">
        <testcase name="testCannotLevelCharacter" file="/home/adam/Documents/flare/tests/Console/LevelCharacterTest.php" line="27" class="Tests\Console\LevelCharacterTest" classname="Tests.Console.LevelCharacterTest" assertions="2" time="0.209078"/>
        <testcase name="testLevelCharacter" file="/home/adam/Documents/flare/tests/Console/LevelCharacterTest.php" line="13" class="Tests\Console\LevelCharacterTest" classname="Tests.Console.LevelCharacterTest" assertions="2" time="0.235041"/>
      </testsuite>
      <testsuite name="Tests\Console\Maps\UpdateMapCountTest" file="/home/adam/Documents/flare/tests/Console/Maps/UpdateMapCountTest.php" tests="1" assertions="2" errors="0" failures="0" skipped="0" time="0.111237">
        <testcase name="testUpdateMapCount" file="/home/adam/Documents/flare/tests/Console/Maps/UpdateMapCountTest.php" line="15" class="Tests\Console\Maps\UpdateMapCountTest" classname="Tests.Console.Maps.UpdateMapCountTest" assertions="2" time="0.111237"/>
      </testsuite>
      <testsuite name="Tests\Console\Messages\CleanChatTest" file="/home/adam/Documents/flare/tests/Console/Messages/CleanChatTest.php" tests="1" assertions="2" errors="0" failures="0" skipped="0" time="0.123887">
        <testcase name="testClearChat" file="/home/adam/Documents/flare/tests/Console/Messages/CleanChatTest.php" line="16" class="Tests\Console\Messages\CleanChatTest" classname="Tests.Console.Messages.CleanChatTest" assertions="2" time="0.123887"/>
      </testsuite>
      <testsuite name="Tests\Console\Raids\ResetDailyRaidAttackLimitsTest" file="/home/adam/Documents/flare/tests/Console/Raids/ResetDailyRaidAttackLimitsTest.php" tests="3" assertions="3" errors="0" failures="0" skipped="0" time="0.599005">
        <testcase name="testDoNotResetRaidFightWhenNoEvent" file="/home/adam/Documents/flare/tests/Console/Raids/ResetDailyRaidAttackLimitsTest.php" line="63" class="Tests\Console\Raids\ResetDailyRaidAttackLimitsTest" classname="Tests.Console.Raids.ResetDailyRaidAttackLimitsTest" assertions="1" time="0.128015"/>
        <testcase name="testDoNotresetRaidFightWhenRaidBossIsDead" file="/home/adam/Documents/flare/tests/Console/Raids/ResetDailyRaidAttackLimitsTest.php" line="72" class="Tests\Console\Raids\ResetDailyRaidAttackLimitsTest" classname="Tests.Console.Raids.ResetDailyRaidAttackLimitsTest" assertions="1" time="0.221324"/>
        <testcase name="testResetRaidFight" file="/home/adam/Documents/flare/tests/Console/Raids/ResetDailyRaidAttackLimitsTest.php" line="24" class="Tests\Console\Raids\ResetDailyRaidAttackLimitsTest" classname="Tests.Console.Raids.ResetDailyRaidAttackLimitsTest" assertions="1" time="0.249666"/>
      </testsuite>
      <testsuite name="Tests\Console\Survey\StartSurveyTest" file="/home/adam/Documents/flare/tests/Console/Survey/StartSurveyTest.php" tests="6" assertions="6" errors="0" failures="0" skipped="0" time="1.323938">
        <testcase name="testCannotStartSurveyWhenNoScheduledEventIsRunning" file="/home/adam/Documents/flare/tests/Console/Survey/StartSurveyTest.php" line="40" class="Tests\Console\Survey\StartSurveyTest" classname="Tests.Console.Survey.StartSurveyTest" assertions="1" time="0.213886"/>
        <testcase name="testCannotStartSurveyWhenFlagIsAlreadyFlippedToShowTheSurvey" file="/home/adam/Documents/flare/tests/Console/Survey/StartSurveyTest.php" line="50" class="Tests\Console\Survey\StartSurveyTest" classname="Tests.Console.Survey.StartSurveyTest" assertions="1" time="0.245881"/>
        <testcase name="testCannotStartSurveyWhenUserLoginDurationIsBelowOneHour" file="/home/adam/Documents/flare/tests/Console/Survey/StartSurveyTest.php" line="83" class="Tests\Console\Survey\StartSurveyTest" classname="Tests.Console.Survey.StartSurveyTest" assertions="1" time="0.217851"/>
        <testcase name="testCannotStartSurveyWhenThereIsNoLoggedInDurationRecord" file="/home/adam/Documents/flare/tests/Console/Survey/StartSurveyTest.php" line="68" class="Tests\Console\Survey\StartSurveyTest" classname="Tests.Console.Survey.StartSurveyTest" assertions="1" time="0.202817"/>
        <testcase name="testCanDoSurvey" file="/home/adam/Documents/flare/tests/Console/Survey/StartSurveyTest.php" line="142" class="Tests\Console\Survey\StartSurveyTest" classname="Tests.Console.Survey.StartSurveyTest" assertions="1" time="0.220492"/>
        <testcase name="testCannotStartSurveyWhenYouSubmittedASurvey" file="/home/adam/Documents/flare/tests/Console/Survey/StartSurveyTest.php" line="110" class="Tests\Console\Survey\StartSurveyTest" classname="Tests.Console.Survey.StartSurveyTest" assertions="1" time="0.223011"/>
      </testsuite>
      <testsuite name="Tests\Console\UpdateKingdomTest" file="/home/adam/Documents/flare/tests/Console/UpdateKingdomTest.php" tests="1" assertions="2" errors="0" failures="0" skipped="0" time="0.239072">
        <testcase name="testIncreaseKingdomTreasury" file="/home/adam/Documents/flare/tests/Console/UpdateKingdomTest.php" line="15" class="Tests\Console\UpdateKingdomTest" classname="Tests.Console.UpdateKingdomTest" assertions="2" time="0.239072"/>
      </testsuite>
    </testsuite>
    <testsuite name="Feature" tests="129" assertions="307" errors="0" failures="0" skipped="0" time="91.182688">
      <testsuite name="Tests\Feature\AccountDeletionControllerTest" file="/home/adam/Documents/flare/tests/Feature/AccountDeletionControllerTest.php" tests="2" assertions="2" errors="0" failures="0" skipped="0" time="24.178483">
        <testcase name="testCannotDeleteCharacter" file="/home/adam/Documents/flare/tests/Feature/AccountDeletionControllerTest.php" line="82" class="Tests\Feature\AccountDeletionControllerTest" classname="Tests.Feature.AccountDeletionControllerTest" assertions="1" time="0.411863"/>
        <testcase name="testCanDeleteCharacter" file="/home/adam/Documents/flare/tests/Feature/AccountDeletionControllerTest.php" line="71" class="Tests\Feature\AccountDeletionControllerTest" classname="Tests.Feature.AccountDeletionControllerTest" assertions="1" time="23.766620"/>
      </testsuite>
      <testsuite name="Tests\Feature\Admin\LocationsControllerTest" file="/home/adam/Documents/flare/tests/Feature/Admin/LocationsControllerTest.php" tests="7" assertions="24" errors="0" failures="0" skipped="0" time="28.094340">
        <testcase name="testStoreCreatesNewLocationAndRedirects" file="/home/adam/Documents/flare/tests/Feature/Admin/LocationsControllerTest.php" line="73" class="Tests\Feature\Admin\LocationsControllerTest" classname="Tests.Feature.Admin.LocationsControllerTest" assertions="3" time="26.966504"/>
        <testcase name="testCreateDisplaysManageView" file="/home/adam/Documents/flare/tests/Feature/Admin/LocationsControllerTest.php" line="48" class="Tests\Feature\Admin\LocationsControllerTest" classname="Tests.Feature.Admin.LocationsControllerTest" assertions="3" time="0.180656"/>
        <testcase name="testEditDisplaysManageViewWithLocation" file="/home/adam/Documents/flare/tests/Feature/Admin/LocationsControllerTest.php" line="59" class="Tests\Feature\Admin\LocationsControllerTest" classname="Tests.Feature.Admin.LocationsControllerTest" assertions="4" time="0.154698"/>
        <testcase name="testShowDefaultViewData" file="/home/adam/Documents/flare/tests/Feature/Admin/LocationsControllerTest.php" line="121" class="Tests\Feature\Admin\LocationsControllerTest" classname="Tests.Feature.Admin.LocationsControllerTest" assertions="5" time="0.150743"/>
        <testcase name="testShowWithQuestRewardItemUsesPrimaryQuest" file="/home/adam/Documents/flare/tests/Feature/Admin/LocationsControllerTest.php" line="143" class="Tests\Feature\Admin\LocationsControllerTest" classname="Tests.Feature.Admin.LocationsControllerTest" assertions="3" time="0.184943"/>
        <testcase name="testStoreUpdatesExistingLocation" file="/home/adam/Documents/flare/tests/Feature/Admin/LocationsControllerTest.php" line="99" class="Tests\Feature\Admin\LocationsControllerTest" classname="Tests.Feature.Admin.LocationsControllerTest" assertions="3" time="0.139176"/>
        <testcase name="testIndexDisplaysAllLocations" file="/home/adam/Documents/flare/tests/Feature/Admin/LocationsControllerTest.php" line="35" class="Tests\Feature\Admin\LocationsControllerTest" classname="Tests.Feature.Admin.LocationsControllerTest" assertions="3" time="0.317620"/>
      </testsuite>
      <testsuite name="Tests\Feature\Auth\RegistrationControllerTest" file="/home/adam/Documents/flare/tests/Feature/Auth/RegistrationControllerTest.php" tests="6" assertions="42" errors="0" failures="0" skipped="0" time="1.593810">
        <testcase name="testCanSeeRegistration" file="/home/adam/Documents/flare/tests/Feature/Auth/RegistrationControllerTest.php" line="78" class="Tests\Feature\Auth\RegistrationControllerTest" classname="Tests.Feature.Auth.RegistrationControllerTest" assertions="11" time="0.252877"/>
        <testcase name="testCannotRegisterWhenNoMap" file="/home/adam/Documents/flare/tests/Feature/Auth/RegistrationControllerTest.php" line="162" class="Tests\Feature\Auth\RegistrationControllerTest" classname="Tests.Feature.Auth.RegistrationControllerTest" assertions="5" time="0.214260"/>
        <testcase name="testCannotRegisterAnyMore" file="/home/adam/Documents/flare/tests/Feature/Auth/RegistrationControllerTest.php" line="217" class="Tests\Feature\Auth\RegistrationControllerTest" classname="Tests.Feature.Auth.RegistrationControllerTest" assertions="5" time="0.270503"/>
        <testcase name="testCannotRegisterWhenBanned" file="/home/adam/Documents/flare/tests/Feature/Auth/RegistrationControllerTest.php" line="130" class="Tests\Feature\Auth\RegistrationControllerTest" classname="Tests.Feature.Auth.RegistrationControllerTest" assertions="5" time="0.218442"/>
        <testcase name="testCanRegister" file="/home/adam/Documents/flare/tests/Feature/Auth/RegistrationControllerTest.php" line="93" class="Tests\Feature\Auth\RegistrationControllerTest" classname="Tests.Feature.Auth.RegistrationControllerTest" assertions="11" time="0.331950"/>
        <testcase name="testCannotRegisterWhenCharacterExists" file="/home/adam/Documents/flare/tests/Feature/Auth/RegistrationControllerTest.php" line="185" class="Tests\Feature\Auth\RegistrationControllerTest" classname="Tests.Feature.Auth.RegistrationControllerTest" assertions="5" time="0.305778"/>
      </testsuite>
      <testsuite name="Tests\Feature\Auth\ResetPasswordControllerTest" file="/home/adam/Documents/flare/tests/Feature/Auth/ResetPasswordControllerTest.php" tests="1" assertions="2" errors="0" failures="0" skipped="0" time="0.174278">
        <testcase name="testCanSeeResetPasswordPage" file="/home/adam/Documents/flare/tests/Feature/Auth/ResetPasswordControllerTest.php" line="16" class="Tests\Feature\Auth\ResetPasswordControllerTest" classname="Tests.Feature.Auth.ResetPasswordControllerTest" assertions="2" time="0.174278"/>
      </testsuite>
      <testsuite name="Tests\Feature\ForgotPasswordControllerTest" file="/home/adam/Documents/flare/tests/Feature/ForgotPasswordControllerTest.php" tests="4" assertions="21" errors="0" failures="0" skipped="0" time="1.186647">
        <testcase name="testCanSeeResetPasswordPage" file="/home/adam/Documents/flare/tests/Feature/ForgotPasswordControllerTest.php" line="18" class="Tests\Feature\ForgotPasswordControllerTest" classname="Tests.Feature.ForgotPasswordControllerTest" assertions="3" time="0.145710"/>
        <testcase name="testFailWithUnknownEmail" file="/home/adam/Documents/flare/tests/Feature/ForgotPasswordControllerTest.php" line="57" class="Tests\Feature\ForgotPasswordControllerTest" classname="Tests.Feature.ForgotPasswordControllerTest" assertions="6" time="0.190068"/>
        <testcase name="testUserGoesThroughSecurityQuestions" file="/home/adam/Documents/flare/tests/Feature/ForgotPasswordControllerTest.php" line="44" class="Tests\Feature\ForgotPasswordControllerTest" classname="Tests.Feature.ForgotPasswordControllerTest" assertions="6" time="0.342301"/>
        <testcase name="testAdminCanResetNoSecurityQuestions" file="/home/adam/Documents/flare/tests/Feature/ForgotPasswordControllerTest.php" line="26" class="Tests\Feature\ForgotPasswordControllerTest" classname="Tests.Feature.ForgotPasswordControllerTest" assertions="6" time="0.508568"/>
      </testsuite>
      <testsuite name="Tests\Feature\Game\Character\CharacterInventory\Controllers\Api\CharacterGemBagControllerTest" file="/home/adam/Documents/flare/tests/Feature/Game/Character/CharacterInventory/Controllers/Api/CharacterGemBagControllerTest.php" tests="2" assertions="2" errors="0" failures="0" skipped="0" time="0.453690">
        <testcase name="testGetGemSlot" file="/home/adam/Documents/flare/tests/Feature/Game/Character/CharacterInventory/Controllers/Api/CharacterGemBagControllerTest.php" line="30" class="Tests\Feature\Game\Character\CharacterInventory\Controllers\Api\CharacterGemBagControllerTest" classname="Tests.Feature.Game.Character.CharacterInventory.Controllers.Api.CharacterGemBagControllerTest" assertions="1" time="0.239834"/>
        <testcase name="testGetGem" file="/home/adam/Documents/flare/tests/Feature/Game/Character/CharacterInventory/Controllers/Api/CharacterGemBagControllerTest.php" line="47" class="Tests\Feature\Game\Character\CharacterInventory\Controllers\Api\CharacterGemBagControllerTest" classname="Tests.Feature.Game.Character.CharacterInventory.Controllers.Api.CharacterGemBagControllerTest" assertions="1" time="0.213856"/>
      </testsuite>
      <testsuite name="Tests\Feature\Game\Character\CharacterInventory\Controllers\Api\CharacterInventoryControllerTest" file="/home/adam/Documents/flare/tests/Feature/Game/Character/CharacterInventory/Controllers/Api/CharacterInventoryControllerTest.php" tests="22" assertions="24" errors="0" failures="0" skipped="0" time="8.187045">
        <testcase name="testGetCharacterInventoryApiRequest" file="/home/adam/Documents/flare/tests/Feature/Game/Character/CharacterInventory/Controllers/Api/CharacterInventoryControllerTest.php" line="35" class="Tests\Feature\Game\Character\CharacterInventory\Controllers\Api\CharacterInventoryControllerTest" classname="Tests.Feature.Game.Character.CharacterInventory.Controllers.Api.CharacterInventoryControllerTest" assertions="1" time="0.299163"/>
        <testcase name="testGetItemDetails" file="/home/adam/Documents/flare/tests/Feature/Game/Character/CharacterInventory/Controllers/Api/CharacterInventoryControllerTest.php" line="65" class="Tests\Feature\Game\Character\CharacterInventory\Controllers\Api\CharacterInventoryControllerTest" classname="Tests.Feature.Game.Character.CharacterInventory.Controllers.Api.CharacterInventoryControllerTest" assertions="1" time="0.241700"/>
        <testcase name="testDestroyItem" file="/home/adam/Documents/flare/tests/Feature/Game/Character/CharacterInventory/Controllers/Api/CharacterInventoryControllerTest.php" line="85" class="Tests\Feature\Game\Character\CharacterInventory\Controllers\Api\CharacterInventoryControllerTest" classname="Tests.Feature.Game.Character.CharacterInventory.Controllers.Api.CharacterInventoryControllerTest" assertions="1" time="0.253451"/>
        <testcase name="testDestroyAllItems" file="/home/adam/Documents/flare/tests/Feature/Game/Character/CharacterInventory/Controllers/Api/CharacterInventoryControllerTest.php" line="101" class="Tests\Feature\Game\Character\CharacterInventory\Controllers\Api\CharacterInventoryControllerTest" classname="Tests.Feature.Game.Character.CharacterInventory.Controllers.Api.CharacterInventoryControllerTest" assertions="1" time="0.253992"/>
        <testcase name="testFailToGetApiItemDetails" file="/home/adam/Documents/flare/tests/Feature/Game/Character/CharacterInventory/Controllers/Api/CharacterInventoryControllerTest.php" line="51" class="Tests\Feature\Game\Character\CharacterInventory\Controllers\Api\CharacterInventoryControllerTest" classname="Tests.Feature.Game.Character.CharacterInventory.Controllers.Api.CharacterInventoryControllerTest" assertions="1" time="0.253300"/>
        <testcase name="testCannotEquipItem" file="/home/adam/Documents/flare/tests/Feature/Game/Character/CharacterInventory/Controllers/Api/CharacterInventoryControllerTest.php" line="244" class="Tests\Feature\Game\Character\CharacterInventory\Controllers\Api\CharacterInventoryControllerTest" classname="Tests.Feature.Game.Character.CharacterInventory.Controllers.Api.CharacterInventoryControllerTest" assertions="1" time="0.263757"/>
        <testcase name="testRemoveItemFromSet" file="/home/adam/Documents/flare/tests/Feature/Game/Character/CharacterInventory/Controllers/Api/CharacterInventoryControllerTest.php" line="194" class="Tests\Feature\Game\Character\CharacterInventory\Controllers\Api\CharacterInventoryControllerTest" classname="Tests.Feature.Game.Character.CharacterInventory.Controllers.Api.CharacterInventoryControllerTest" assertions="1" time="0.300201"/>
        <testcase name="testMoveItemToSet" file="/home/adam/Documents/flare/tests/Feature/Game/Character/CharacterInventory/Controllers/Api/CharacterInventoryControllerTest.php" line="137" class="Tests\Feature\Game\Character\CharacterInventory\Controllers\Api\CharacterInventoryControllerTest" classname="Tests.Feature.Game.Character.CharacterInventory.Controllers.Api.CharacterInventoryControllerTest" assertions="2" time="0.338463"/>
        <testcase name="testUnequipAllNonSetItems" file="/home/adam/Documents/flare/tests/Feature/Game/Character/CharacterInventory/Controllers/Api/CharacterInventoryControllerTest.php" line="355" class="Tests\Feature\Game\Character\CharacterInventory\Controllers\Api\CharacterInventoryControllerTest" classname="Tests.Feature.Game.Character.CharacterInventory.Controllers.Api.CharacterInventoryControllerTest" assertions="1" time="0.304257"/>
        <testcase name="testRenameSet" file="/home/adam/Documents/flare/tests/Feature/Game/Character/CharacterInventory/Controllers/Api/CharacterInventoryControllerTest.php" line="157" class="Tests\Feature\Game\Character\CharacterInventory\Controllers\Api\CharacterInventoryControllerTest" classname="Tests.Feature.Game.Character.CharacterInventory.Controllers.Api.CharacterInventoryControllerTest" assertions="1" time="0.235075"/>
        <testcase name="testDisenchantAllItems" file="/home/adam/Documents/flare/tests/Feature/Game/Character/CharacterInventory/Controllers/Api/CharacterInventoryControllerTest.php" line="115" class="Tests\Feature\Game\Character\CharacterInventory\Controllers\Api\CharacterInventoryControllerTest" classname="Tests.Feature.Game.Character.CharacterInventory.Controllers.Api.CharacterInventoryControllerTest" assertions="2" time="0.303144"/>
        <testcase name="testEmptySet" file="/home/adam/Documents/flare/tests/Feature/Game/Character/CharacterInventory/Controllers/Api/CharacterInventoryControllerTest.php" line="220" class="Tests\Feature\Game\Character\CharacterInventory\Controllers\Api\CharacterInventoryControllerTest" classname="Tests.Feature.Game.Character.CharacterInventory.Controllers.Api.CharacterInventoryControllerTest" assertions="1" time="0.316039"/>
        <testcase name="testDestroyAllAlchemyItems" file="/home/adam/Documents/flare/tests/Feature/Game/Character/CharacterInventory/Controllers/Api/CharacterInventoryControllerTest.php" line="466" class="Tests\Feature\Game\Character\CharacterInventory\Controllers\Api\CharacterInventoryControllerTest" classname="Tests.Feature.Game.Character.CharacterInventory.Controllers.Api.CharacterInventoryControllerTest" assertions="1" time="0.322804"/>
        <testcase name="testUnequipSet" file="/home/adam/Documents/flare/tests/Feature/Game/Character/CharacterInventory/Controllers/Api/CharacterInventoryControllerTest.php" line="302" class="Tests\Feature\Game\Character\CharacterInventory\Controllers\Api\CharacterInventoryControllerTest" classname="Tests.Feature.Game.Character.CharacterInventory.Controllers.Api.CharacterInventoryControllerTest" assertions="1" time="0.337516"/>
        <testcase name="testWhenUnequipAllUnequipTheSet" file="/home/adam/Documents/flare/tests/Feature/Game/Character/CharacterInventory/Controllers/Api/CharacterInventoryControllerTest.php" line="338" class="Tests\Feature\Game\Character\CharacterInventory\Controllers\Api\CharacterInventoryControllerTest" classname="Tests.Feature.Game.Character.CharacterInventory.Controllers.Api.CharacterInventoryControllerTest" assertions="1" time="0.326758"/>
        <testcase name="testDestroyAlchemyItem" file="/home/adam/Documents/flare/tests/Feature/Game/Character/CharacterInventory/Controllers/Api/CharacterInventoryControllerTest.php" line="441" class="Tests\Feature\Game\Character\CharacterInventory\Controllers\Api\CharacterInventoryControllerTest" classname="Tests.Feature.Game.Character.CharacterInventory.Controllers.Api.CharacterInventoryControllerTest" assertions="1" time="0.369202"/>
        <testcase name="testSaveEquippedAsSet" file="/home/adam/Documents/flare/tests/Feature/Game/Character/CharacterInventory/Controllers/Api/CharacterInventoryControllerTest.php" line="178" class="Tests\Feature\Game\Character\CharacterInventory\Controllers\Api\CharacterInventoryControllerTest" classname="Tests.Feature.Game.Character.CharacterInventory.Controllers.Api.CharacterInventoryControllerTest" assertions="1" time="0.389276"/>
        <testcase name="testUseManyItems" file="/home/adam/Documents/flare/tests/Feature/Game/Character/CharacterInventory/Controllers/Api/CharacterInventoryControllerTest.php" line="387" class="Tests\Feature\Game\Character\CharacterInventory\Controllers\Api\CharacterInventoryControllerTest" classname="Tests.Feature.Game.Character.CharacterInventory.Controllers.Api.CharacterInventoryControllerTest" assertions="1" time="0.829524"/>
        <testcase name="testUnequipItem" file="/home/adam/Documents/flare/tests/Feature/Game/Character/CharacterInventory/Controllers/Api/CharacterInventoryControllerTest.php" line="320" class="Tests\Feature\Game\Character\CharacterInventory\Controllers\Api\CharacterInventoryControllerTest" classname="Tests.Feature.Game.Character.CharacterInventory.Controllers.Api.CharacterInventoryControllerTest" assertions="1" time="0.641564"/>
        <testcase name="testUseSingleAlchemyItem" file="/home/adam/Documents/flare/tests/Feature/Game/Character/CharacterInventory/Controllers/Api/CharacterInventoryControllerTest.php" line="416" class="Tests\Feature\Game\Character\CharacterInventory\Controllers\Api\CharacterInventoryControllerTest" classname="Tests.Feature.Game.Character.CharacterInventory.Controllers.Api.CharacterInventoryControllerTest" assertions="1" time="0.498849"/>
        <testcase name="testEquipAndItemSet" file="/home/adam/Documents/flare/tests/Feature/Game/Character/CharacterInventory/Controllers/Api/CharacterInventoryControllerTest.php" line="370" class="Tests\Feature\Game\Character\CharacterInventory\Controllers\Api\CharacterInventoryControllerTest" classname="Tests.Feature.Game.Character.CharacterInventory.Controllers.Api.CharacterInventoryControllerTest" assertions="1" time="0.562876"/>
        <testcase name="testEquipItem" file="/home/adam/Documents/flare/tests/Feature/Game/Character/CharacterInventory/Controllers/Api/CharacterInventoryControllerTest.php" line="273" class="Tests\Feature\Game\Character\CharacterInventory\Controllers\Api\CharacterInventoryControllerTest" classname="Tests.Feature.Game.Character.CharacterInventory.Controllers.Api.CharacterInventoryControllerTest" assertions="1" time="0.546134"/>
      </testsuite>
      <testsuite name="Tests\Feature\Game\Character\CharacterInventory\Controllers\Api\ItemComparisonControllerTest" file="/home/adam/Documents/flare/tests/Feature/Game/Character/CharacterInventory/Controllers/Api/ItemComparisonControllerTest.php" tests="6" assertions="7" errors="0" failures="0" skipped="0" time="2.324081">
        <testcase name="testGetErrorForTryingToCompareItemYouDoNotHave" file="/home/adam/Documents/flare/tests/Feature/Game/Character/CharacterInventory/Controllers/Api/ItemComparisonControllerTest.php" line="31" class="Tests\Feature\Game\Character\CharacterInventory\Controllers\Api\ItemComparisonControllerTest" classname="Tests.Feature.Game.Character.CharacterInventory.Controllers.Api.ItemComparisonControllerTest" assertions="1" time="0.273488"/>
        <testcase name="testFailToCompareItemFromChatWhenEquipped" file="/home/adam/Documents/flare/tests/Feature/Game/Character/CharacterInventory/Controllers/Api/ItemComparisonControllerTest.php" line="79" class="Tests\Feature\Game\Character\CharacterInventory\Controllers\Api\ItemComparisonControllerTest" classname="Tests.Feature.Game.Character.CharacterInventory.Controllers.Api.ItemComparisonControllerTest" assertions="1" time="0.664498"/>
        <testcase name="testCompareTwoGems" file="/home/adam/Documents/flare/tests/Feature/Game/Character/CharacterInventory/Controllers/Api/ItemComparisonControllerTest.php" line="175" class="Tests\Feature\Game\Character\CharacterInventory\Controllers\Api\ItemComparisonControllerTest" classname="Tests.Feature.Game.Character.CharacterInventory.Controllers.Api.ItemComparisonControllerTest" assertions="2" time="0.296727"/>
        <testcase name="testFailToCompareItemFromChatWhenDoesNotExist" file="/home/adam/Documents/flare/tests/Feature/Game/Character/CharacterInventory/Controllers/Api/ItemComparisonControllerTest.php" line="111" class="Tests\Feature\Game\Character\CharacterInventory\Controllers\Api\ItemComparisonControllerTest" classname="Tests.Feature.Game.Character.CharacterInventory.Controllers.Api.ItemComparisonControllerTest" assertions="1" time="0.423451"/>
        <testcase name="testGetComparisonForSpellDamageForSetEquippedItem" file="/home/adam/Documents/flare/tests/Feature/Game/Character/CharacterInventory/Controllers/Api/ItemComparisonControllerTest.php" line="46" class="Tests\Feature\Game\Character\CharacterInventory\Controllers\Api\ItemComparisonControllerTest" classname="Tests.Feature.Game.Character.CharacterInventory.Controllers.Api.ItemComparisonControllerTest" assertions="1" time="0.337828"/>
        <testcase name="testGetChatComparisonDataForItemInInventory" file="/home/adam/Documents/flare/tests/Feature/Game/Character/CharacterInventory/Controllers/Api/ItemComparisonControllerTest.php" line="143" class="Tests\Feature\Game\Character\CharacterInventory\Controllers\Api\ItemComparisonControllerTest" classname="Tests.Feature.Game.Character.CharacterInventory.Controllers.Api.ItemComparisonControllerTest" assertions="1" time="0.328090"/>
      </testsuite>
      <testsuite name="Tests\Feature\Game\ClassRanks\Controllers\Api\ClassRanksControllerTest" file="/home/adam/Documents/flare/tests/Feature/Game/ClassRanks/Controllers/Api/ClassRanksControllerTest.php" tests="4" assertions="7" errors="0" failures="0" skipped="0" time="1.151653">
        <testcase name="testGetCharacterClassRanks" file="/home/adam/Documents/flare/tests/Feature/Game/ClassRanks/Controllers/Api/ClassRanksControllerTest.php" line="30" class="Tests\Feature\Game\ClassRanks\Controllers\Api\ClassRanksControllerTest" classname="Tests.Feature.Game.ClassRanks.Controllers.Api.ClassRanksControllerTest" assertions="1" time="0.246336"/>
        <testcase name="testGetCharacterClassSpecials" file="/home/adam/Documents/flare/tests/Feature/Game/ClassRanks/Controllers/Api/ClassRanksControllerTest.php" line="43" class="Tests\Feature\Game\ClassRanks\Controllers\Api\ClassRanksControllerTest" classname="Tests.Feature.Game.ClassRanks.Controllers.Api.ClassRanksControllerTest" assertions="4" time="0.251526"/>
        <testcase name="testUnequipSpecial" file="/home/adam/Documents/flare/tests/Feature/Game/ClassRanks/Controllers/Api/ClassRanksControllerTest.php" line="82" class="Tests\Feature\Game\ClassRanks\Controllers\Api\ClassRanksControllerTest" classname="Tests.Feature.Game.ClassRanks.Controllers.Api.ClassRanksControllerTest" assertions="1" time="0.305331"/>
        <testcase name="testEquipSpecial" file="/home/adam/Documents/flare/tests/Feature/Game/ClassRanks/Controllers/Api/ClassRanksControllerTest.php" line="63" class="Tests\Feature\Game\ClassRanks\Controllers\Api\ClassRanksControllerTest" classname="Tests.Feature.Game.ClassRanks.Controllers.Api.ClassRanksControllerTest" assertions="1" time="0.348459"/>
      </testsuite>
      <testsuite name="Tests\Feature\Game\ClassRanks\Controllers\Api\ManageClassControllerTest" file="/home/adam/Documents/flare/tests/Feature/Game/ClassRanks/Controllers/Api/ManageClassControllerTest.php" tests="1" assertions="2" errors="0" failures="0" skipped="0" time="0.315168">
        <testcase name="testSwitchClass" file="/home/adam/Documents/flare/tests/Feature/Game/ClassRanks/Controllers/Api/ManageClassControllerTest.php" line="36" class="Tests\Feature\Game\ClassRanks\Controllers\Api\ManageClassControllerTest" classname="Tests.Feature.Game.ClassRanks.Controllers.Api.ManageClassControllerTest" assertions="2" time="0.315168"/>
      </testsuite>
      <testsuite name="Tests\Feature\Game\Core\Controllers\Api\UpdateCharacterFlagsControllerTest" file="/home/adam/Documents/flare/tests/Feature/Game/Core/Controllers/Api/UpdateCharacterFlagsControllerTest.php" tests="3" assertions="5" errors="0" failures="0" skipped="0" time="0.728231">
        <testcase name="testTurnOffIntroSlidesWhenWeHaveAGuideQuest" file="/home/adam/Documents/flare/tests/Feature/Game/Core/Controllers/Api/UpdateCharacterFlagsControllerTest.php" line="53" class="Tests\Feature\Game\Core\Controllers\Api\UpdateCharacterFlagsControllerTest" classname="Tests.Feature.Game.Core.Controllers.Api.UpdateCharacterFlagsControllerTest" assertions="2" time="0.252029"/>
        <testcase name="testTurnOffIntroSlidesWhenWeHaveAGuideQuestAndDoNotFakeEvent" file="/home/adam/Documents/flare/tests/Feature/Game/Core/Controllers/Api/UpdateCharacterFlagsControllerTest.php" line="77" class="Tests\Feature\Game\Core\Controllers\Api\UpdateCharacterFlagsControllerTest" classname="Tests.Feature.Game.Core.Controllers.Api.UpdateCharacterFlagsControllerTest" assertions="1" time="0.216007"/>
        <testcase name="testTurnOffIntroSlides" file="/home/adam/Documents/flare/tests/Feature/Game/Core/Controllers/Api/UpdateCharacterFlagsControllerTest.php" line="33" class="Tests\Feature\Game\Core\Controllers\Api\UpdateCharacterFlagsControllerTest" classname="Tests.Feature.Game.Core.Controllers.Api.UpdateCharacterFlagsControllerTest" assertions="2" time="0.260195"/>
      </testsuite>
      <testsuite name="Tests\Feature\Game\Events\Controllers\Api\EventGoalsControllerTest" file="/home/adam/Documents/flare/tests/Feature/Game/Events/Controllers/Api/EventGoalsControllerTest.php" tests="1" assertions="1" errors="0" failures="0" skipped="0" time="0.225588">
        <testcase name="testGetGlobalEventGoal" file="/home/adam/Documents/flare/tests/Feature/Game/Events/Controllers/Api/EventGoalsControllerTest.php" line="62" class="Tests\Feature\Game\Events\Controllers\Api\EventGoalsControllerTest" classname="Tests.Feature.Game.Events.Controllers.Api.EventGoalsControllerTest" assertions="1" time="0.225588"/>
      </testsuite>
      <testsuite name="Tests\Feature\Game\Factions\FactionLoyalty\Controllers\Api\FactionLoyaltyControllerTest" file="/home/adam/Documents/flare/tests/Feature/Game/Factions/FactionLoyalty/Controllers/Api/FactionLoyaltyControllerTest.php" tests="5" assertions="7" errors="0" failures="0" skipped="0" time="1.366795">
        <testcase name="testRemovePledgedLoyalty" file="/home/adam/Documents/flare/tests/Feature/Game/Factions/FactionLoyalty/Controllers/Api/FactionLoyaltyControllerTest.php" line="157" class="Tests\Feature\Game\Factions\FactionLoyalty\Controllers\Api\FactionLoyaltyControllerTest" classname="Tests.Feature.Game.Factions.FactionLoyalty.Controllers.Api.FactionLoyaltyControllerTest" assertions="1" time="0.279881"/>
        <testcase name="testAssistNpcWithTasks" file="/home/adam/Documents/flare/tests/Feature/Game/Factions/FactionLoyalty/Controllers/Api/FactionLoyaltyControllerTest.php" line="215" class="Tests\Feature\Game\Factions\FactionLoyalty\Controllers\Api\FactionLoyaltyControllerTest" classname="Tests.Feature.Game.Factions.FactionLoyalty.Controllers.Api.FactionLoyaltyControllerTest" assertions="1" time="0.247219"/>
        <testcase name="testGetFactionLoyalties" file="/home/adam/Documents/flare/tests/Feature/Game/Factions/FactionLoyalty/Controllers/Api/FactionLoyaltyControllerTest.php" line="34" class="Tests\Feature\Game\Factions\FactionLoyalty\Controllers\Api\FactionLoyaltyControllerTest" classname="Tests.Feature.Game.Factions.FactionLoyalty.Controllers.Api.FactionLoyaltyControllerTest" assertions="3" time="0.286073"/>
        <testcase name="testStopAssistingNpc" file="/home/adam/Documents/flare/tests/Feature/Game/Factions/FactionLoyalty/Controllers/Api/FactionLoyaltyControllerTest.php" line="253" class="Tests\Feature\Game\Factions\FactionLoyalty\Controllers\Api\FactionLoyaltyControllerTest" classname="Tests.Feature.Game.Factions.FactionLoyalty.Controllers.Api.FactionLoyaltyControllerTest" assertions="1" time="0.244284"/>
        <testcase name="testPledgeLoyaltyControllerAction" file="/home/adam/Documents/flare/tests/Feature/Game/Factions/FactionLoyalty/Controllers/Api/FactionLoyaltyControllerTest.php" line="99" class="Tests\Feature\Game\Factions\FactionLoyalty\Controllers\Api\FactionLoyaltyControllerTest" classname="Tests.Feature.Game.Factions.FactionLoyalty.Controllers.Api.FactionLoyaltyControllerTest" assertions="1" time="0.309338"/>
      </testsuite>
      <testsuite name="Tests\Feature\Game\Gambler\Controllers\Api\GamblerControllerTest" file="/home/adam/Documents/flare/tests/Feature/Game/Gambler/Controllers/Api/GamblerControllerTest.php" tests="2" assertions="3" errors="0" failures="0" skipped="0" time="0.504553">
        <testcase name="testGetSlots" file="/home/adam/Documents/flare/tests/Feature/Game/Gambler/Controllers/Api/GamblerControllerTest.php" line="32" class="Tests\Feature\Game\Gambler\Controllers\Api\GamblerControllerTest" classname="Tests.Feature.Game.Gambler.Controllers.Api.GamblerControllerTest" assertions="1" time="0.229487"/>
        <testcase name="testRollSlots" file="/home/adam/Documents/flare/tests/Feature/Game/Gambler/Controllers/Api/GamblerControllerTest.php" line="44" class="Tests\Feature\Game\Gambler\Controllers\Api\GamblerControllerTest" classname="Tests.Feature.Game.Gambler.Controllers.Api.GamblerControllerTest" assertions="2" time="0.275066"/>
      </testsuite>
      <testsuite name="Tests\Feature\Game\Gems\Controllers\Api\AttachedGemsControllerTest" file="/home/adam/Documents/flare/tests/Feature/Game/Gems/Controllers/Api/AttachedGemsControllerTest.php" tests="1" assertions="2" errors="0" failures="0" skipped="0" time="0.231492">
        <testcase name="testGetGemsFromItem" file="/home/adam/Documents/flare/tests/Feature/Game/Gems/Controllers/Api/AttachedGemsControllerTest.php" line="60" class="Tests\Feature\Game\Gems\Controllers\Api\AttachedGemsControllerTest" classname="Tests.Feature.Game.Gems.Controllers.Api.AttachedGemsControllerTest" assertions="2" time="0.231492"/>
      </testsuite>
      <testsuite name="Tests\Feature\Game\Gems\Controllers\Api\GemComparisonControllerTest" file="/home/adam/Documents/flare/tests/Feature/Game/Gems/Controllers/Api/GemComparisonControllerTest.php" tests="1" assertions="3" errors="0" failures="0" skipped="0" time="0.271376">
        <testcase name="testCompareGems" file="/home/adam/Documents/flare/tests/Feature/Game/Gems/Controllers/Api/GemComparisonControllerTest.php" line="61" class="Tests\Feature\Game\Gems\Controllers\Api\GemComparisonControllerTest" classname="Tests.Feature.Game.Gems.Controllers.Api.GemComparisonControllerTest" assertions="3" time="0.271376"/>
      </testsuite>
      <testsuite name="Tests\Feature\Game\GuideQuest\Controllers\Api\GuideQuestControllerApiTest" file="/home/adam/Documents/flare/tests/Feature/Game/GuideQuest/Controllers/Api/GuideQuestControllerApiTest.php" tests="3" assertions="7" errors="0" failures="0" skipped="0" time="0.772884">
        <testcase name="testFailToHandInGuideQuest" file="/home/adam/Documents/flare/tests/Feature/Game/GuideQuest/Controllers/Api/GuideQuestControllerApiTest.php" line="94" class="Tests\Feature\Game\GuideQuest\Controllers\Api\GuideQuestControllerApiTest" classname="Tests.Feature.Game.GuideQuest.Controllers.Api.GuideQuestControllerApiTest" assertions="1" time="0.220809"/>
        <testcase name="testGetCurrentQuest" file="/home/adam/Documents/flare/tests/Feature/Game/GuideQuest/Controllers/Api/GuideQuestControllerApiTest.php" line="70" class="Tests\Feature\Game\GuideQuest\Controllers\Api\GuideQuestControllerApiTest" classname="Tests.Feature.Game.GuideQuest.Controllers.Api.GuideQuestControllerApiTest" assertions="3" time="0.260733"/>
        <testcase name="testNextGuideQuestHasOneOfTheRequirementsWhenCompletingThePreviousQuest" file="/home/adam/Documents/flare/tests/Feature/Game/GuideQuest/Controllers/Api/GuideQuestControllerApiTest.php" line="37" class="Tests\Feature\Game\GuideQuest\Controllers\Api\GuideQuestControllerApiTest" classname="Tests.Feature.Game.GuideQuest.Controllers.Api.GuideQuestControllerApiTest" assertions="3" time="0.291342"/>
      </testsuite>
      <testsuite name="Tests\Feature\Game\GuideQuest\Controllers\GuideQuestsControllerTest" file="/home/adam/Documents/flare/tests/Feature/Game/GuideQuest/Controllers/GuideQuestsControllerTest.php" tests="2" assertions="4" errors="0" failures="0" skipped="0" time="0.737737">
        <testcase name="testShouldBeableToSeeSingleGuidequest" file="/home/adam/Documents/flare/tests/Feature/Game/GuideQuest/Controllers/GuideQuestsControllerTest.php" line="51" class="Tests\Feature\Game\GuideQuest\Controllers\GuideQuestsControllerTest" classname="Tests.Feature.Game.GuideQuest.Controllers.GuideQuestsControllerTest" assertions="2" time="0.317341"/>
        <testcase name="testShouldSeeCompletedGuideQuest" file="/home/adam/Documents/flare/tests/Feature/Game/GuideQuest/Controllers/GuideQuestsControllerTest.php" line="35" class="Tests\Feature\Game\GuideQuest\Controllers\GuideQuestsControllerTest" classname="Tests.Feature.Game.GuideQuest.Controllers.GuideQuestsControllerTest" assertions="2" time="0.420396"/>
      </testsuite>
      <testsuite name="Tests\Feature\Game\Messages\Controllers\Api\CommandsControllerTest" file="/home/adam/Documents/flare/tests/Feature/Game/Messages/Controllers/Api/CommandsControllerTest.php" tests="3" assertions="6" errors="0" failures="0" skipped="0" time="0.726752">
        <testcase name="testUsePcCommand" file="/home/adam/Documents/flare/tests/Feature/Game/Messages/Controllers/Api/CommandsControllerTest.php" line="37" class="Tests\Feature\Game\Messages\Controllers\Api\CommandsControllerTest" classname="Tests.Feature.Game.Messages.Controllers.Api.CommandsControllerTest" assertions="2" time="0.245030"/>
        <testcase name="testUsePctCommand" file="/home/adam/Documents/flare/tests/Feature/Game/Messages/Controllers/Api/CommandsControllerTest.php" line="70" class="Tests\Feature\Game\Messages\Controllers\Api\CommandsControllerTest" classname="Tests.Feature.Game.Messages.Controllers.Api.CommandsControllerTest" assertions="2" time="0.218096"/>
        <testcase name="testUsePctCommandWhenDead" file="/home/adam/Documents/flare/tests/Feature/Game/Messages/Controllers/Api/CommandsControllerTest.php" line="104" class="Tests\Feature\Game\Messages\Controllers\Api\CommandsControllerTest" classname="Tests.Feature.Game.Messages.Controllers.Api.CommandsControllerTest" assertions="2" time="0.263626"/>
      </testsuite>
      <testsuite name="Tests\Feature\Game\Messages\Controllers\Api\FetchMessagesControllerTest" file="/home/adam/Documents/flare/tests/Feature/Game/Messages/Controllers/Api/FetchMessagesControllerTest.php" tests="1" assertions="3" errors="0" failures="0" skipped="0" time="0.235837">
        <testcase name="testGetLastMessages" file="/home/adam/Documents/flare/tests/Feature/Game/Messages/Controllers/Api/FetchMessagesControllerTest.php" line="31" class="Tests\Feature\Game\Messages\Controllers\Api\FetchMessagesControllerTest" classname="Tests.Feature.Game.Messages.Controllers.Api.FetchMessagesControllerTest" assertions="3" time="0.235837"/>
      </testsuite>
      <testsuite name="Tests\Feature\Game\Messages\Controllers\Api\PostMessagesControllerTest" file="/home/adam/Documents/flare/tests/Feature/Game/Messages/Controllers/Api/PostMessagesControllerTest.php" tests="2" assertions="6" errors="0" failures="0" skipped="0" time="0.864217">
        <testcase name="testPostPublicMessage" file="/home/adam/Documents/flare/tests/Feature/Game/Messages/Controllers/Api/PostMessagesControllerTest.php" line="32" class="Tests\Feature\Game\Messages\Controllers\Api\PostMessagesControllerTest" classname="Tests.Feature.Game.Messages.Controllers.Api.PostMessagesControllerTest" assertions="2" time="0.366149"/>
        <testcase name="testPostPrivateMessage" file="/home/adam/Documents/flare/tests/Feature/Game/Messages/Controllers/Api/PostMessagesControllerTest.php" line="51" class="Tests\Feature\Game\Messages\Controllers\Api\PostMessagesControllerTest" classname="Tests.Feature.Game.Messages.Controllers.Api.PostMessagesControllerTest" assertions="4" time="0.498068"/>
      </testsuite>
      <testsuite name="Tests\Feature\Game\Messages\Controllers\Api\ServerMessageControllerTest" file="/home/adam/Documents/flare/tests/Feature/Game/Messages/Controllers/Api/ServerMessageControllerTest.php" tests="4" assertions="10" errors="0" failures="0" skipped="0" time="1.045630">
        <testcase name="testGenerateServerMessageWithCustomMessage" file="/home/adam/Documents/flare/tests/Feature/Game/Messages/Controllers/Api/ServerMessageControllerTest.php" line="32" class="Tests\Feature\Game\Messages\Controllers\Api\ServerMessageControllerTest" classname="Tests.Feature.Game.Messages.Controllers.Api.ServerMessageControllerTest" assertions="2" time="0.338482"/>
        <testcase name="testGenerateServerMessageWithType" file="/home/adam/Documents/flare/tests/Feature/Game/Messages/Controllers/Api/ServerMessageControllerTest.php" line="75" class="Tests\Feature\Game\Messages\Controllers\Api\ServerMessageControllerTest" classname="Tests.Feature.Game.Messages.Controllers.Api.ServerMessageControllerTest" assertions="2" time="0.249028"/>
        <testcase name="testFailToGenerateServerMessageForInvalidType" file="/home/adam/Documents/flare/tests/Feature/Game/Messages/Controllers/Api/ServerMessageControllerTest.php" line="92" class="Tests\Feature\Game\Messages\Controllers\Api\ServerMessageControllerTest" classname="Tests.Feature.Game.Messages.Controllers.Api.ServerMessageControllerTest" assertions="3" time="0.245615"/>
        <testcase name="testFailToGenerateServerMessage" file="/home/adam/Documents/flare/tests/Feature/Game/Messages/Controllers/Api/ServerMessageControllerTest.php" line="55" class="Tests\Feature\Game\Messages\Controllers\Api\ServerMessageControllerTest" classname="Tests.Feature.Game.Messages.Controllers.Api.ServerMessageControllerTest" assertions="3" time="0.212505"/>
      </testsuite>
      <testsuite name="Tests\Feature\Game\NpcActions\LabyrinthOracle\Controllers\Api\LabyrinthOracleControllerTest" file="/home/adam/Documents/flare/tests/Feature/Game/NpcActions/LabyrinthOracle/Controllers/Api/LabyrinthOracleControllerTest.php" tests="3" assertions="4" errors="0" failures="0" skipped="0" time="1.151949">
        <testcase name="testInventoryItems" file="/home/adam/Documents/flare/tests/Feature/Game/NpcActions/LabyrinthOracle/Controllers/Api/LabyrinthOracleControllerTest.php" line="35" class="Tests\Feature\Game\NpcActions\LabyrinthOracle\Controllers\Api\LabyrinthOracleControllerTest" classname="Tests.Feature.Game.NpcActions.LabyrinthOracle.Controllers.Api.LabyrinthOracleControllerTest" assertions="1" time="0.259466"/>
        <testcase name="testInventoryItemsWithOneOfEach" file="/home/adam/Documents/flare/tests/Feature/Game/NpcActions/LabyrinthOracle/Controllers/Api/LabyrinthOracleControllerTest.php" line="71" class="Tests\Feature\Game\NpcActions\LabyrinthOracle\Controllers\Api\LabyrinthOracleControllerTest" classname="Tests.Feature.Game.NpcActions.LabyrinthOracle.Controllers.Api.LabyrinthOracleControllerTest" assertions="1" time="0.547600"/>
        <testcase name="testUseLabyrinthOracleToTransferItem" file="/home/adam/Documents/flare/tests/Feature/Game/NpcActions/LabyrinthOracle/Controllers/Api/LabyrinthOracleControllerTest.php" line="133" class="Tests\Feature\Game\NpcActions\LabyrinthOracle\Controllers\Api\LabyrinthOracleControllerTest" classname="Tests.Feature.Game.NpcActions.LabyrinthOracle.Controllers.Api.LabyrinthOracleControllerTest" assertions="2" time="0.344883"/>
      </testsuite>
      <testsuite name="Tests\Feature\Game\NpcActions\QueenOfHearts\Controllers\Api\QueenOfHeartsControllerTest" file="/home/adam/Documents/flare/tests/Feature/Game/NpcActions/QueenOfHearts/Controllers/Api/QueenOfHeartsControllerTest.php" tests="3" assertions="5" errors="0" failures="0" skipped="0" time="1.034638">
        <testcase name="testReRoll" file="/home/adam/Documents/flare/tests/Feature/Game/NpcActions/QueenOfHearts/Controllers/Api/QueenOfHeartsControllerTest.php" line="58" class="Tests\Feature\Game\NpcActions\QueenOfHearts\Controllers\Api\QueenOfHeartsControllerTest" classname="Tests.Feature.Game.NpcActions.QueenOfHearts.Controllers.Api.QueenOfHeartsControllerTest" assertions="2" time="0.306965"/>
        <testcase name="testMoveAffixes" file="/home/adam/Documents/flare/tests/Feature/Game/NpcActions/QueenOfHearts/Controllers/Api/QueenOfHeartsControllerTest.php" line="95" class="Tests\Feature\Game\NpcActions\QueenOfHearts\Controllers\Api\QueenOfHeartsControllerTest" classname="Tests.Feature.Game.NpcActions.QueenOfHearts.Controllers.Api.QueenOfHeartsControllerTest" assertions="1" time="0.377380"/>
        <testcase name="testUniquesOnly" file="/home/adam/Documents/flare/tests/Feature/Game/NpcActions/QueenOfHearts/Controllers/Api/QueenOfHeartsControllerTest.php" line="37" class="Tests\Feature\Game\NpcActions\QueenOfHearts\Controllers\Api\QueenOfHeartsControllerTest" classname="Tests.Feature.Game.NpcActions.QueenOfHearts.Controllers.Api.QueenOfHeartsControllerTest" assertions="2" time="0.350292"/>
      </testsuite>
      <testsuite name="Tests\Feature\Game\NpcActions\SeerActions\Controllers\Api\SeerCampControllerTest" file="/home/adam/Documents/flare/tests/Feature/Game/NpcActions/SeerActions/Controllers/Api/SeerCampControllerTest.php" tests="7" assertions="9" errors="0" failures="0" skipped="0" time="2.433752">
        <testcase name="testRollSockets" file="/home/adam/Documents/flare/tests/Feature/Game/NpcActions/SeerActions/Controllers/Api/SeerCampControllerTest.php" line="65" class="Tests\Feature\Game\NpcActions\SeerActions\Controllers\Api\SeerCampControllerTest" classname="Tests.Feature.Game.NpcActions.SeerActions.Controllers.Api.SeerCampControllerTest" assertions="1" time="0.365729"/>
        <testcase name="testAttachGemToItem" file="/home/adam/Documents/flare/tests/Feature/Game/NpcActions/SeerActions/Controllers/Api/SeerCampControllerTest.php" line="98" class="Tests\Feature\Game\NpcActions\SeerActions\Controllers\Api\SeerCampControllerTest" classname="Tests.Feature.Game.NpcActions.SeerActions.Controllers.Api.SeerCampControllerTest" assertions="1" time="0.284033"/>
        <testcase name="testFetchItemsWithGems" file="/home/adam/Documents/flare/tests/Feature/Game/NpcActions/SeerActions/Controllers/Api/SeerCampControllerTest.php" line="191" class="Tests\Feature\Game\NpcActions\SeerActions\Controllers\Api\SeerCampControllerTest" classname="Tests.Feature.Game.NpcActions.SeerActions.Controllers.Api.SeerCampControllerTest" assertions="2" time="0.305363"/>
        <testcase name="testRemoveGemFromItem" file="/home/adam/Documents/flare/tests/Feature/Game/NpcActions/SeerActions/Controllers/Api/SeerCampControllerTest.php" line="214" class="Tests\Feature\Game\NpcActions\SeerActions\Controllers\Api\SeerCampControllerTest" classname="Tests.Feature.Game.NpcActions.SeerActions.Controllers.Api.SeerCampControllerTest" assertions="1" time="0.280423"/>
        <testcase name="testRemoveAllGemsFromItem" file="/home/adam/Documents/flare/tests/Feature/Game/NpcActions/SeerActions/Controllers/Api/SeerCampControllerTest.php" line="258" class="Tests\Feature\Game\NpcActions\SeerActions\Controllers\Api\SeerCampControllerTest" classname="Tests.Feature.Game.NpcActions.SeerActions.Controllers.Api.SeerCampControllerTest" assertions="1" time="0.346904"/>
        <testcase name="testReplaceGemOnItem" file="/home/adam/Documents/flare/tests/Feature/Game/NpcActions/SeerActions/Controllers/Api/SeerCampControllerTest.php" line="138" class="Tests\Feature\Game\NpcActions\SeerActions\Controllers\Api\SeerCampControllerTest" classname="Tests.Feature.Game.NpcActions.SeerActions.Controllers.Api.SeerCampControllerTest" assertions="1" time="0.477078"/>
        <testcase name="testVisitCamp" file="/home/adam/Documents/flare/tests/Feature/Game/NpcActions/SeerActions/Controllers/Api/SeerCampControllerTest.php" line="33" class="Tests\Feature\Game\NpcActions\SeerActions\Controllers\Api\SeerCampControllerTest" classname="Tests.Feature.Game.NpcActions.SeerActions.Controllers.Api.SeerCampControllerTest" assertions="2" time="0.374223"/>
      </testsuite>
      <testsuite name="Tests\Feature\Game\NpcActions\Workbench\Controllers\Api\HolyItemsControllerTest" file="/home/adam/Documents/flare/tests/Feature/Game/NpcActions/Workbench/Controllers/Api/HolyItemsControllerTest.php" tests="2" assertions="5" errors="0" failures="0" skipped="0" time="0.708398">
        <testcase name="testGetSmithingItems" file="/home/adam/Documents/flare/tests/Feature/Game/NpcActions/Workbench/Controllers/Api/HolyItemsControllerTest.php" line="31" class="Tests\Feature\Game\NpcActions\Workbench\Controllers\Api\HolyItemsControllerTest" classname="Tests.Feature.Game.NpcActions.Workbench.Controllers.Api.HolyItemsControllerTest" assertions="2" time="0.304431"/>
        <testcase name="testApplyOil" file="/home/adam/Documents/flare/tests/Feature/Game/NpcActions/Workbench/Controllers/Api/HolyItemsControllerTest.php" line="58" class="Tests\Feature\Game\NpcActions\Workbench\Controllers\Api\HolyItemsControllerTest" classname="Tests.Feature.Game.NpcActions.Workbench.Controllers.Api.HolyItemsControllerTest" assertions="3" time="0.403968"/>
      </testsuite>
      <testsuite name="Tests\Feature\Game\Reincarnation\Controllers\Api\ReincarnateControllerTest" file="/home/adam/Documents/flare/tests/Feature/Game/Reincarnation/Controllers/Api/ReincarnateControllerTest.php" tests="1" assertions="1" errors="0" failures="0" skipped="0" time="0.365445">
        <testcase name="testReincarnate" file="/home/adam/Documents/flare/tests/Feature/Game/Reincarnation/Controllers/Api/ReincarnateControllerTest.php" line="35" class="Tests\Feature\Game\Reincarnation\Controllers\Api\ReincarnateControllerTest" classname="Tests.Feature.Game.Reincarnation.Controllers.Api.ReincarnateControllerTest" assertions="1" time="0.365445"/>
      </testsuite>
      <testsuite name="Tests\Feature\Game\Skills\Controllers\Api\AlchemyControllerTest" file="/home/adam/Documents/flare/tests/Feature/Game/Skills/Controllers/Api/AlchemyControllerTest.php" tests="3" assertions="12" errors="0" failures="0" skipped="0" time="0.870845">
        <testcase name="testCannotTransmute" file="/home/adam/Documents/flare/tests/Feature/Game/Skills/Controllers/Api/AlchemyControllerTest.php" line="69" class="Tests\Feature\Game\Skills\Controllers\Api\AlchemyControllerTest" classname="Tests.Feature.Game.Skills.Controllers.Api.AlchemyControllerTest" assertions="2" time="0.282293"/>
        <testcase name="testGetAlchemyItems" file="/home/adam/Documents/flare/tests/Feature/Game/Skills/Controllers/Api/AlchemyControllerTest.php" line="49" class="Tests\Feature\Game\Skills\Controllers\Api\AlchemyControllerTest" classname="Tests.Feature.Game.Skills.Controllers.Api.AlchemyControllerTest" assertions="2" time="0.289761"/>
        <testcase name="testTransumteItem" file="/home/adam/Documents/flare/tests/Feature/Game/Skills/Controllers/Api/AlchemyControllerTest.php" line="98" class="Tests\Feature\Game\Skills\Controllers\Api\AlchemyControllerTest" classname="Tests.Feature.Game.Skills.Controllers.Api.AlchemyControllerTest" assertions="8" time="0.298792"/>
      </testsuite>
      <testsuite name="Tests\Feature\Game\Skills\Controllers\Api\CraftingControllerTest" file="/home/adam/Documents/flare/tests/Feature/Game/Skills/Controllers/Api/CraftingControllerTest.php" tests="5" assertions="19" errors="0" failures="0" skipped="0" time="1.351626">
        <testcase name="testGetCraftingItems" file="/home/adam/Documents/flare/tests/Feature/Game/Skills/Controllers/Api/CraftingControllerTest.php" line="158" class="Tests\Feature\Game\Skills\Controllers\Api\CraftingControllerTest" classname="Tests.Feature.Game.Skills.Controllers.Api.CraftingControllerTest" assertions="3" time="0.267388"/>
        <testcase name="testFetchItemsToCraftWithTheAbilityToShowCraftForNpc" file="/home/adam/Documents/flare/tests/Feature/Game/Skills/Controllers/Api/CraftingControllerTest.php" line="52" class="Tests\Feature\Game\Skills\Controllers\Api\CraftingControllerTest" classname="Tests.Feature.Game.Skills.Controllers.Api.CraftingControllerTest" assertions="3" time="0.253117"/>
        <testcase name="testCannotCraft" file="/home/adam/Documents/flare/tests/Feature/Game/Skills/Controllers/Api/CraftingControllerTest.php" line="179" class="Tests\Feature\Game\Skills\Controllers\Api\CraftingControllerTest" classname="Tests.Feature.Game.Skills.Controllers.Api.CraftingControllerTest" assertions="2" time="0.256505"/>
        <testcase name="testFetchItemsToCraftWhileNotShowingCraftForNPCDueToNotHelpingThatNPC" file="/home/adam/Documents/flare/tests/Feature/Game/Skills/Controllers/Api/CraftingControllerTest.php" line="105" class="Tests\Feature\Game\Skills\Controllers\Api\CraftingControllerTest" classname="Tests.Feature.Game.Skills.Controllers.Api.CraftingControllerTest" assertions="3" time="0.251727"/>
        <testcase name="testCraftItem" file="/home/adam/Documents/flare/tests/Feature/Game/Skills/Controllers/Api/CraftingControllerTest.php" line="208" class="Tests\Feature\Game\Skills\Controllers\Api\CraftingControllerTest" classname="Tests.Feature.Game.Skills.Controllers.Api.CraftingControllerTest" assertions="8" time="0.322889"/>
      </testsuite>
      <testsuite name="Tests\Feature\Game\Skills\Controllers\Api\DisenchantingControllerTest" file="/home/adam/Documents/flare/tests/Feature/Game/Skills/Controllers/Api/DisenchantingControllerTest.php" tests="1" assertions="5" errors="0" failures="0" skipped="0" time="0.382298">
        <testcase name="testDisenchantItem" file="/home/adam/Documents/flare/tests/Feature/Game/Skills/Controllers/Api/DisenchantingControllerTest.php" line="49" class="Tests\Feature\Game\Skills\Controllers\Api\DisenchantingControllerTest" classname="Tests.Feature.Game.Skills.Controllers.Api.DisenchantingControllerTest" assertions="5" time="0.382298"/>
      </testsuite>
      <testsuite name="Tests\Feature\Game\Skills\Controllers\Api\EnchantingControllerTest" file="/home/adam/Documents/flare/tests/Feature/Game/Skills/Controllers/Api/EnchantingControllerTest.php" tests="6" assertions="16" errors="0" failures="0" skipped="0" time="1.652656">
        <testcase name="testCannotEnchantWhenInventorySlotDoesNotExist" file="/home/adam/Documents/flare/tests/Feature/Game/Skills/Controllers/Api/EnchantingControllerTest.php" line="90" class="Tests\Feature\Game\Skills\Controllers\Api\EnchantingControllerTest" classname="Tests.Feature.Game.Skills.Controllers.Api.EnchantingControllerTest" assertions="2" time="0.272787"/>
        <testcase name="testGetEnchantingItems" file="/home/adam/Documents/flare/tests/Feature/Game/Skills/Controllers/Api/EnchantingControllerTest.php" line="52" class="Tests\Feature\Game\Skills\Controllers\Api\EnchantingControllerTest" classname="Tests.Feature.Game.Skills.Controllers.Api.EnchantingControllerTest" assertions="2" time="0.262687"/>
        <testcase name="testCannotEnchantQuestItems" file="/home/adam/Documents/flare/tests/Feature/Game/Skills/Controllers/Api/EnchantingControllerTest.php" line="106" class="Tests\Feature\Game\Skills\Controllers\Api\EnchantingControllerTest" classname="Tests.Feature.Game.Skills.Controllers.Api.EnchantingControllerTest" assertions="2" time="0.256811"/>
        <testcase name="testCannotEnchantWhenCanEnchantIsFalse" file="/home/adam/Documents/flare/tests/Feature/Game/Skills/Controllers/Api/EnchantingControllerTest.php" line="69" class="Tests\Feature\Game\Skills\Controllers\Api\EnchantingControllerTest" classname="Tests.Feature.Game.Skills.Controllers.Api.EnchantingControllerTest" assertions="2" time="0.237002"/>
        <testcase name="testCannotEnchantItemNotEnoughGold" file="/home/adam/Documents/flare/tests/Feature/Game/Skills/Controllers/Api/EnchantingControllerTest.php" line="139" class="Tests\Feature\Game\Skills\Controllers\Api\EnchantingControllerTest" classname="Tests.Feature.Game.Skills.Controllers.Api.EnchantingControllerTest" assertions="3" time="0.289105"/>
        <testcase name="testEnchantItem" file="/home/adam/Documents/flare/tests/Feature/Game/Skills/Controllers/Api/EnchantingControllerTest.php" line="177" class="Tests\Feature\Game\Skills\Controllers\Api\EnchantingControllerTest" classname="Tests.Feature.Game.Skills.Controllers.Api.EnchantingControllerTest" assertions="5" time="0.334265"/>
      </testsuite>
      <testsuite name="Tests\Feature\Game\Skills\Controllers\Api\GemCraftingControllerTest" file="/home/adam/Documents/flare/tests/Feature/Game/Skills/Controllers/Api/GemCraftingControllerTest.php" tests="2" assertions="9" errors="0" failures="0" skipped="0" time="0.654790">
        <testcase name="testGetCraftableGems" file="/home/adam/Documents/flare/tests/Feature/Game/Skills/Controllers/Api/GemCraftingControllerTest.php" line="51" class="Tests\Feature\Game\Skills\Controllers\Api\GemCraftingControllerTest" classname="Tests.Feature.Game.Skills.Controllers.Api.GemCraftingControllerTest" assertions="2" time="0.281157"/>
        <testcase name="testCraftGem" file="/home/adam/Documents/flare/tests/Feature/Game/Skills/Controllers/Api/GemCraftingControllerTest.php" line="62" class="Tests\Feature\Game\Skills\Controllers\Api\GemCraftingControllerTest" classname="Tests.Feature.Game.Skills.Controllers.Api.GemCraftingControllerTest" assertions="7" time="0.373633"/>
      </testsuite>
      <testsuite name="Tests\Feature\Game\Skills\Controllers\Api\ItemSkillControllerTest" file="/home/adam/Documents/flare/tests/Feature/Game/Skills/Controllers/Api/ItemSkillControllerTest.php" tests="2" assertions="6" errors="0" failures="0" skipped="0" time="2.313547">
        <testcase name="testTrainItemSkill" file="/home/adam/Documents/flare/tests/Feature/Game/Skills/Controllers/Api/ItemSkillControllerTest.php" line="33" class="Tests\Feature\Game\Skills\Controllers\Api\ItemSkillControllerTest" classname="Tests.Feature.Game.Skills.Controllers.Api.ItemSkillControllerTest" assertions="3" time="2.047772"/>
        <testcase name="testStopTrainingItemSkill" file="/home/adam/Documents/flare/tests/Feature/Game/Skills/Controllers/Api/ItemSkillControllerTest.php" line="89" class="Tests\Feature\Game\Skills\Controllers\Api\ItemSkillControllerTest" classname="Tests.Feature.Game.Skills.Controllers.Api.ItemSkillControllerTest" assertions="3" time="0.265775"/>
      </testsuite>
      <testsuite name="Tests\Feature\Game\Skills\Controllers\Api\SkillsControllerTest" file="/home/adam/Documents/flare/tests/Feature/Game/Skills/Controllers/Api/SkillsControllerTest.php" tests="6" assertions="13" errors="0" failures="0" skipped="0" time="1.646855">
        <testcase name="testStopTrainingSkill" file="/home/adam/Documents/flare/tests/Feature/Game/Skills/Controllers/Api/SkillsControllerTest.php" line="150" class="Tests\Feature\Game\Skills\Controllers\Api\SkillsControllerTest" classname="Tests.Feature.Game.Skills.Controllers.Api.SkillsControllerTest" assertions="3" time="0.261690"/>
        <testcase name="testTrainSkill" file="/home/adam/Documents/flare/tests/Feature/Game/Skills/Controllers/Api/SkillsControllerTest.php" line="99" class="Tests\Feature\Game\Skills\Controllers\Api\SkillsControllerTest" classname="Tests.Feature.Game.Skills.Controllers.Api.SkillsControllerTest" assertions="3" time="0.252486"/>
        <testcase name="testGetSkillInformation" file="/home/adam/Documents/flare/tests/Feature/Game/Skills/Controllers/Api/SkillsControllerTest.php" line="80" class="Tests\Feature\Game\Skills\Controllers\Api\SkillsControllerTest" classname="Tests.Feature.Game.Skills.Controllers.Api.SkillsControllerTest" assertions="1" time="0.284109"/>
        <testcase name="testGetSkillsForPlayer" file="/home/adam/Documents/flare/tests/Feature/Game/Skills/Controllers/Api/SkillsControllerTest.php" line="32" class="Tests\Feature\Game\Skills\Controllers\Api\SkillsControllerTest" classname="Tests.Feature.Game.Skills.Controllers.Api.SkillsControllerTest" assertions="2" time="0.252532"/>
        <testcase name="testFailToGetSkillInformation" file="/home/adam/Documents/flare/tests/Feature/Game/Skills/Controllers/Api/SkillsControllerTest.php" line="57" class="Tests\Feature\Game\Skills\Controllers\Api\SkillsControllerTest" classname="Tests.Feature.Game.Skills.Controllers.Api.SkillsControllerTest" assertions="2" time="0.281703"/>
        <testcase name="testFailToCancelSkillTraining" file="/home/adam/Documents/flare/tests/Feature/Game/Skills/Controllers/Api/SkillsControllerTest.php" line="127" class="Tests\Feature\Game\Skills\Controllers\Api\SkillsControllerTest" classname="Tests.Feature.Game.Skills.Controllers.Api.SkillsControllerTest" assertions="2" time="0.314335"/>
      </testsuite>
      <testsuite name="Tests\Feature\Game\Skills\Controllers\Api\TrinketCraftingControllerTest" file="/home/adam/Documents/flare/tests/Feature/Game/Skills/Controllers/Api/TrinketCraftingControllerTest.php" tests="2" assertions="6" errors="0" failures="0" skipped="0" time="0.563160">
        <testcase name="testGetCraftableTrinkets" file="/home/adam/Documents/flare/tests/Feature/Game/Skills/Controllers/Api/TrinketCraftingControllerTest.php" line="50" class="Tests\Feature\Game\Skills\Controllers\Api\TrinketCraftingControllerTest" classname="Tests.Feature.Game.Skills.Controllers.Api.TrinketCraftingControllerTest" assertions="2" time="0.247018"/>
        <testcase name="testCraftTrinket" file="/home/adam/Documents/flare/tests/Feature/Game/Skills/Controllers/Api/TrinketCraftingControllerTest.php" line="67" class="Tests\Feature\Game\Skills\Controllers\Api\TrinketCraftingControllerTest" classname="Tests.Feature.Game.Skills.Controllers.Api.TrinketCraftingControllerTest" assertions="4" time="0.316142"/>
      </testsuite>
      <testsuite name="Tests\Feature\Game\Survey\Controllers\Api\SurveyControllerTest" file="/home/adam/Documents/flare/tests/Feature/Game/Survey/Controllers/Api/SurveyControllerTest.php" tests="2" assertions="5" errors="0" failures="0" skipped="0" time="0.515569">
        <testcase name="testFetchSurvey" file="/home/adam/Documents/flare/tests/Feature/Game/Survey/Controllers/Api/SurveyControllerTest.php" line="38" class="Tests\Feature\Game\Survey\Controllers\Api\SurveyControllerTest" classname="Tests.Feature.Game.Survey.Controllers.Api.SurveyControllerTest" assertions="3" time="0.231102"/>
        <testcase name="testSubmitSurveyResponse" file="/home/adam/Documents/flare/tests/Feature/Game/Survey/Controllers/Api/SurveyControllerTest.php" line="49" class="Tests\Feature\Game\Survey\Controllers\Api\SurveyControllerTest" classname="Tests.Feature.Game.Survey.Controllers.Api.SurveyControllerTest" assertions="2" time="0.284467"/>
      </testsuite>
      <testsuite name="Tests\Feature\ReleasePageControllerTest" file="/home/adam/Documents/flare/tests/Feature/ReleasePageControllerTest.php" tests="1" assertions="2" errors="0" failures="0" skipped="0" time="0.166871">
[...]
        <testcase name="testCraftSkillDoesNotGetXpBecauseItsMaxLevel" file="/home/adam/Documents/flare/tests/Unit/Game/Skills/Services/SkillServiceTest.php" line="248" class="Tests\Unit\Game\Skills\Services\SkillServiceTest" classname="Tests.Unit.Game.Skills.Services.SkillServiceTest" assertions="1" time="0.257951"/>
        <testcase name="testDoNotAssignXpToMaxLevelSkill" file="/home/adam/Documents/flare/tests/Unit/Game/Skills/Services/SkillServiceTest.php" line="135" class="Tests\Unit\Game\Skills\Services\SkillServiceTest" classname="Tests.Unit.Game.Skills.Services.SkillServiceTest" assertions="1" time="0.250988"/>
        <testcase name="testAssignXpToSkillWhenEventIsRunning" file="/home/adam/Documents/flare/tests/Unit/Game/Skills/Services/SkillServiceTest.php" line="173" class="Tests\Unit\Game\Skills\Services\SkillServiceTest" classname="Tests.Unit.Game.Skills.Services.SkillServiceTest" assertions="1" time="0.377554">
          <failure type="PHPUnit\Framework\ExpectationFailedException">Tests\Unit\Game\Skills\Services\SkillServiceTest::testAssignXpToSkillWhenEventIsRunning
Failed asserting that 10 is greater than 10.

/home/adam/Documents/flare/tests/Unit/Game/Skills/Services/SkillServiceTest.php:196</failure>
        </testcase>
        <testcase name="testAssignXpToRegularSkillAndDoNotLevelItUpWhenMaxed" file="/home/adam/Documents/flare/tests/Unit/Game/Skills/Services/SkillServiceTest.php" line="322" class="Tests\Unit\Game\Skills\Services\SkillServiceTest" classname="Tests.Unit.Game.Skills.Services.SkillServiceTest" assertions="2" time="0.277272"/>
        <testcase name="testGetSpecificSkill" file="/home/adam/Documents/flare/tests/Unit/Game/Skills/Services/SkillServiceTest.php" line="62" class="Tests\Unit\Game\Skills\Services\SkillServiceTest" classname="Tests.Unit.Game.Skills.Services.SkillServiceTest" assertions="1" time="0.238309"/>
        <testcase name="testAssignXpToSkill" file="/home/adam/Documents/flare/tests/Unit/Game/Skills/Services/SkillServiceTest.php" line="153" class="Tests\Unit\Game\Skills\Services\SkillServiceTest" classname="Tests.Unit.Game.Skills.Services.SkillServiceTest" assertions="1" time="0.238702"/>
        <testcase name="testLevelSkillWhereSkillBonusWillNotGoAboveOne" file="/home/adam/Documents/flare/tests/Unit/Game/Skills/Services/SkillServiceTest.php" line="223" class="Tests\Unit\Game\Skills\Services\SkillServiceTest" classname="Tests.Unit.Game.Skills.Services.SkillServiceTest" assertions="3" time="0.276922"/>
        <testcase name="testAssignXpToRegularSkillAndDoNotLevelItBeyondLevel400" file="/home/adam/Documents/flare/tests/Unit/Game/Skills/Services/SkillServiceTest.php" line="340" class="Tests\Unit\Game\Skills\Services\SkillServiceTest" classname="Tests.Unit.Game.Skills.Services.SkillServiceTest" assertions="2" time="0.304767"/>
        <testcase name="testLevelSkill" file="/home/adam/Documents/flare/tests/Unit/Game/Skills/Services/SkillServiceTest.php" line="199" class="Tests\Unit\Game\Skills\Services\SkillServiceTest" classname="Tests.Unit.Game.Skills.Services.SkillServiceTest" assertions="2" time="0.284003"/>
        <testcase name="testAssignXpToCraftingSkillWhenFeedBackEventIsRunning" file="/home/adam/Documents/flare/tests/Unit/Game/Skills/Services/SkillServiceTest.php" line="263" class="Tests\Unit\Game\Skills\Services\SkillServiceTest" classname="Tests.Unit.Game.Skills.Services.SkillServiceTest" assertions="1" time="0.556487"/>
        <testcase name="testAssignXpToRegularSkillWhenFeedBackEventIsRunning" file="/home/adam/Documents/flare/tests/Unit/Game/Skills/Services/SkillServiceTest.php" line="284" class="Tests\Unit\Game\Skills\Services\SkillServiceTest" classname="Tests.Unit.Game.Skills.Services.SkillServiceTest" assertions="1" time="0.479418"/>
        <testcase name="testAssignXpToRegularSkillAndLevelItUp" file="/home/adam/Documents/flare/tests/Unit/Game/Skills/Services/SkillServiceTest.php" line="305" class="Tests\Unit\Game\Skills\Services\SkillServiceTest" classname="Tests.Unit.Game.Skills.Services.SkillServiceTest" assertions="1" time="1.220831"/>
      </testsuite>
      <testsuite name="Tests\Unit\Game\Skills\Services\TrinketCraftingServiceTest" file="/home/adam/Documents/flare/tests/Unit/Game/Skills/Services/TrinketCraftingServiceTest.php" tests="12" assertions="30" errors="0" failures="0" skipped="0" time="3.106154">
        <testcase name="testCannotAffordToCraftTrinket" file="/home/adam/Documents/flare/tests/Unit/Game/Skills/Services/TrinketCraftingServiceTest.php" line="102" class="Tests\Unit\Game\Skills\Services\TrinketCraftingServiceTest" classname="Tests.Unit.Game.Skills.Services.TrinketCraftingServiceTest" assertions="1" time="0.263490"/>
        <testcase name="testCannotCraftTrinketWhenTooHard" file="/home/adam/Documents/flare/tests/Unit/Game/Skills/Services/TrinketCraftingServiceTest.php" line="132" class="Tests\Unit\Game\Skills\Services\TrinketCraftingServiceTest" classname="Tests.Unit.Game.Skills.Services.TrinketCraftingServiceTest" assertions="1" time="0.220091"/>
        <testcase name="testFetchCharacterTrinketCraftingXP" file="/home/adam/Documents/flare/tests/Unit/Game/Skills/Services/TrinketCraftingServiceTest.php" line="340" class="Tests\Unit\Game\Skills\Services\TrinketCraftingServiceTest" classname="Tests.Unit.Game.Skills.Services.TrinketCraftingServiceTest" assertions="1" time="0.212929"/>
        <testcase name="testGetTrinketsToCraft" file="/home/adam/Documents/flare/tests/Unit/Game/Skills/Services/TrinketCraftingServiceTest.php" line="74" class="Tests\Unit\Game\Skills\Services\TrinketCraftingServiceTest" classname="Tests.Unit.Game.Skills.Services.TrinketCraftingServiceTest" assertions="1" time="0.226014"/>
        <testcase name="testCannotAffordToCraftTrinketNotEnoughnCopperCoins" file="/home/adam/Documents/flare/tests/Unit/Game/Skills/Services/TrinketCraftingServiceTest.php" line="115" class="Tests\Unit\Game\Skills\Services\TrinketCraftingServiceTest" classname="Tests.Unit.Game.Skills.Services.TrinketCraftingServiceTest" assertions="1" time="0.253607"/>
        <testcase name="testFailToCraftTheTrinket" file="/home/adam/Documents/flare/tests/Unit/Game/Skills/Services/TrinketCraftingServiceTest.php" line="184" class="Tests\Unit\Game\Skills\Services\TrinketCraftingServiceTest" classname="Tests.Unit.Game.Skills.Services.TrinketCraftingServiceTest" assertions="4" time="0.250187"/>
        <testcase name="testCraftTheItemButInventoryIsFull" file="/home/adam/Documents/flare/tests/Unit/Game/Skills/Services/TrinketCraftingServiceTest.php" line="303" class="Tests\Unit\Game\Skills\Services\TrinketCraftingServiceTest" classname="Tests.Unit.Game.Skills.Services.TrinketCraftingServiceTest" assertions="5" time="0.225551"/>
        <testcase name="testCraftTheItem" file="/home/adam/Documents/flare/tests/Unit/Game/Skills/Services/TrinketCraftingServiceTest.php" line="219" class="Tests\Unit\Game\Skills\Services\TrinketCraftingServiceTest" classname="Tests.Unit.Game.Skills.Services.TrinketCraftingServiceTest" assertions="2" time="0.304156"/>
        <testcase name="testCraftTheItemAndGiveitem" file="/home/adam/Documents/flare/tests/Unit/Game/Skills/Services/TrinketCraftingServiceTest.php" line="238" class="Tests\Unit\Game\Skills\Services\TrinketCraftingServiceTest" classname="Tests.Unit.Game.Skills.Services.TrinketCraftingServiceTest" assertions="4" time="0.253252"/>
        <testcase name="testCraftTrinketWhenTooEasy" file="/home/adam/Documents/flare/tests/Unit/Game/Skills/Services/TrinketCraftingServiceTest.php" line="156" class="Tests\Unit\Game\Skills\Services\TrinketCraftingServiceTest" classname="Tests.Unit.Game.Skills.Services.TrinketCraftingServiceTest" assertions="2" time="0.232594"/>
        <testcase name="testGetTrinketsToCraftAsMerchant" file="/home/adam/Documents/flare/tests/Unit/Game/Skills/Services/TrinketCraftingServiceTest.php" line="83" class="Tests\Unit\Game\Skills\Services\TrinketCraftingServiceTest" classname="Tests.Unit.Game.Skills.Services.TrinketCraftingServiceTest" assertions="4" time="0.347919"/>
        <testcase name="testCraftTheItemAsMerchant" file="/home/adam/Documents/flare/tests/Unit/Game/Skills/Services/TrinketCraftingServiceTest.php" line="268" class="Tests\Unit\Game\Skills\Services\TrinketCraftingServiceTest" classname="Tests.Unit.Game.Skills.Services.TrinketCraftingServiceTest" assertions="4" time="0.316365"/>
      </testsuite>
      <testsuite name="Tests\Unit\Game\Skills\Services\UpdateCharacterSkillsServiceTest" file="/home/adam/Documents/flare/tests/Unit/Game/Skills/Services/UpdateCharacterSkillsServiceTest.php" tests="2" assertions="2" errors="0" failures="0" skipped="0" time="0.506952">
        <testcase name="testUpdateCharactercraftingSkills" file="/home/adam/Documents/flare/tests/Unit/Game/Skills/Services/UpdateCharacterSkillsServiceTest.php" line="62" class="Tests\Unit\Game\Skills\Services\UpdateCharacterSkillsServiceTest" classname="Tests.Unit.Game.Skills.Services.UpdateCharacterSkillsServiceTest" assertions="1" time="0.229936"/>
        <testcase name="testUpdateCharacterTrainingSkills" file="/home/adam/Documents/flare/tests/Unit/Game/Skills/Services/UpdateCharacterSkillsServiceTest.php" line="51" class="Tests\Unit\Game\Skills\Services\UpdateCharacterSkillsServiceTest" classname="Tests.Unit.Game.Skills.Services.UpdateCharacterSkillsServiceTest" assertions="1" time="0.277017"/>
      </testsuite>
      <testsuite name="Tests\Unit\Game\Skills\Values\SkillTypeValueTest" file="/home/adam/Documents/flare/tests/Unit/Game/Skills/Values/SkillTypeValueTest.php" tests="16" assertions="16" errors="0" failures="0" skipped="0" time="1.763014">
        <testcase name="testIsCrafting" file="/home/adam/Documents/flare/tests/Unit/Game/Skills/Values/SkillTypeValueTest.php" line="15" class="Tests\Unit\Game\Skills\Values\SkillTypeValueTest" classname="Tests.Unit.Game.Skills.Values.SkillTypeValueTest" assertions="1" time="0.096945"/>
        <testcase name="testIsAlchemy" file="/home/adam/Documents/flare/tests/Unit/Game/Skills/Values/SkillTypeValueTest.php" line="30" class="Tests\Unit\Game\Skills\Values\SkillTypeValueTest" classname="Tests.Unit.Game.Skills.Values.SkillTypeValueTest" assertions="1" time="0.097428"/>
        <testcase name="testIsKingdom" file="/home/adam/Documents/flare/tests/Unit/Game/Skills/Values/SkillTypeValueTest.php" line="70" class="Tests\Unit\Game\Skills\Values\SkillTypeValueTest" classname="Tests.Unit.Game.Skills.Values.SkillTypeValueTest" assertions="1" time="0.098909"/>
        <testcase name="testIsBattleTimer" file="/home/adam/Documents/flare/tests/Unit/Game/Skills/Values/SkillTypeValueTest.php" line="35" class="Tests\Unit\Game\Skills\Values\SkillTypeValueTest" classname="Tests.Unit.Game.Skills.Values.SkillTypeValueTest" assertions="1" time="0.149760"/>
        <testcase name="testIsKingdomBuildingTimer" file="/home/adam/Documents/flare/tests/Unit/Game/Skills/Values/SkillTypeValueTest.php" line="50" class="Tests\Unit\Game\Skills\Values\SkillTypeValueTest" classname="Tests.Unit.Game.Skills.Values.SkillTypeValueTest" assertions="1" time="0.096331"/>
        <testcase name="testIsUnitRecruitmentTimer" file="/home/adam/Documents/flare/tests/Unit/Game/Skills/Values/SkillTypeValueTest.php" line="55" class="Tests\Unit\Game\Skills\Values\SkillTypeValueTest" classname="Tests.Unit.Game.Skills.Values.SkillTypeValueTest" assertions="1" time="0.097261"/>
        <testcase name="testIsTraining" file="/home/adam/Documents/flare/tests/Unit/Game/Skills/Values/SkillTypeValueTest.php" line="10" class="Tests\Unit\Game\Skills\Values\SkillTypeValueTest" classname="Tests.Unit.Game.Skills.Values.SkillTypeValueTest" assertions="1" time="0.100485"/>
        <testcase name="testIsDirectionalTimer" file="/home/adam/Documents/flare/tests/Unit/Game/Skills/Values/SkillTypeValueTest.php" line="45" class="Tests\Unit\Game\Skills\Values\SkillTypeValueTest" classname="Tests.Unit.Game.Skills.Values.SkillTypeValueTest" assertions="1" time="0.148438"/>
        <testcase name="testEffectsClass" file="/home/adam/Documents/flare/tests/Unit/Game/Skills/Values/SkillTypeValueTest.php" line="75" class="Tests\Unit\Game\Skills\Values\SkillTypeValueTest" classname="Tests.Unit.Game.Skills.Values.SkillTypeValueTest" assertions="1" time="0.097246"/>
        <testcase name="testIsDisenchanting" file="/home/adam/Documents/flare/tests/Unit/Game/Skills/Values/SkillTypeValueTest.php" line="25" class="Tests\Unit\Game\Skills\Values\SkillTypeValueTest" classname="Tests.Unit.Game.Skills.Values.SkillTypeValueTest" assertions="1" time="0.097442"/>
        <testcase name="testIsMovementTimer" file="/home/adam/Documents/flare/tests/Unit/Game/Skills/Values/SkillTypeValueTest.php" line="40" class="Tests\Unit\Game\Skills\Values\SkillTypeValueTest" classname="Tests.Unit.Game.Skills.Values.SkillTypeValueTest" assertions="1" time="0.097796"/>
        <testcase name="testIsGemCrafting" file="/home/adam/Documents/flare/tests/Unit/Game/Skills/Values/SkillTypeValueTest.php" line="80" class="Tests\Unit\Game\Skills\Values\SkillTypeValueTest" classname="Tests.Unit.Game.Skills.Values.SkillTypeValueTest" assertions="1" time="0.150765"/>
        <testcase name="testIsEnchanting" file="/home/adam/Documents/flare/tests/Unit/Game/Skills/Values/SkillTypeValueTest.php" line="20" class="Tests\Unit\Game\Skills\Values\SkillTypeValueTest" classname="Tests.Unit.Game.Skills.Values.SkillTypeValueTest" assertions="1" time="0.096810"/>
        <testcase name="testGetNamedValue" file="/home/adam/Documents/flare/tests/Unit/Game/Skills/Values/SkillTypeValueTest.php" line="85" class="Tests\Unit\Game\Skills\Values\SkillTypeValueTest" classname="Tests.Unit.Game.Skills.Values.SkillTypeValueTest" assertions="1" time="0.096728"/>
        <testcase name="testIsSpellEvasion" file="/home/adam/Documents/flare/tests/Unit/Game/Skills/Values/SkillTypeValueTest.php" line="65" class="Tests\Unit\Game\Skills\Values\SkillTypeValueTest" classname="Tests.Unit.Game.Skills.Values.SkillTypeValueTest" assertions="1" time="0.095172"/>
        <testcase name="testIsUnitMovementTimer" file="/home/adam/Documents/flare/tests/Unit/Game/Skills/Values/SkillTypeValueTest.php" line="60" class="Tests\Unit\Game\Skills\Values\SkillTypeValueTest" classname="Tests.Unit.Game.Skills.Values.SkillTypeValueTest" assertions="1" time="0.145498"/>
      </testsuite>
      <testsuite name="Tests\Unit\Game\SpecialtyShops\Services\SpecialtyShopTest" file="/home/adam/Documents/flare/tests/Unit/Game/SpecialtyShops/Services/SpecialtyShopTest.php" tests="8" assertions="26" errors="0" failures="0" skipped="0" time="1.925018">
        <testcase name="testCannotFindItemToPurchase" file="/home/adam/Documents/flare/tests/Unit/Game/SpecialtyShops/Services/SpecialtyShopTest.php" line="40" class="Tests\Unit\Game\SpecialtyShops\Services\SpecialtyShopTest" classname="Tests.Unit.Game.SpecialtyShops.Services.SpecialtyShopTest" assertions="2" time="0.210676"/>
        <testcase name="testDoesNotHaveTheCurrencyRequired" file="/home/adam/Documents/flare/tests/Unit/Game/SpecialtyShops/Services/SpecialtyShopTest.php" line="50" class="Tests\Unit\Game\SpecialtyShops\Services\SpecialtyShopTest" classname="Tests.Unit.Game.SpecialtyShops.Services.SpecialtyShopTest" assertions="2" time="0.216533"/>
        <testcase name="testDoesNotHaveTheBaseItemRequiredForUpgrade" file="/home/adam/Documents/flare/tests/Unit/Game/SpecialtyShops/Services/SpecialtyShopTest.php" line="68" class="Tests\Unit\Game\SpecialtyShops\Services\SpecialtyShopTest" classname="Tests.Unit.Game.SpecialtyShops.Services.SpecialtyShopTest" assertions="2" time="0.272689"/>
        <testcase name="testMissingPurgatoryChainGearToUpgrade" file="/home/adam/Documents/flare/tests/Unit/Game/SpecialtyShops/Services/SpecialtyShopTest.php" line="89" class="Tests\Unit\Game\SpecialtyShops\Services\SpecialtyShopTest" classname="Tests.Unit.Game.SpecialtyShops.Services.SpecialtyShopTest" assertions="2" time="0.212831"/>
        <testcase name="testPurchaseHellForgedItem" file="/home/adam/Documents/flare/tests/Unit/Game/SpecialtyShops/Services/SpecialtyShopTest.php" line="110" class="Tests\Unit\Game\SpecialtyShops\Services\SpecialtyShopTest" classname="Tests.Unit.Game.SpecialtyShops.Services.SpecialtyShopTest" assertions="4" time="0.223892"/>
        <testcase name="testPurchasePurgatoryChainItem" file="/home/adam/Documents/flare/tests/Unit/Game/SpecialtyShops/Services/SpecialtyShopTest.php" line="178" class="Tests\Unit\Game\SpecialtyShops\Services\SpecialtyShopTest" classname="Tests.Unit.Game.SpecialtyShops.Services.SpecialtyShopTest" assertions="4" time="0.238295"/>
        <testcase name="testMovesAffixesAndHolyOver" file="/home/adam/Documents/flare/tests/Unit/Game/SpecialtyShops/Services/SpecialtyShopTest.php" line="210" class="Tests\Unit\Game\SpecialtyShops\Services\SpecialtyShopTest" classname="Tests.Unit.Game.SpecialtyShops.Services.SpecialtyShopTest" assertions="6" time="0.301290"/>
        <testcase name="testPurchaseHellForgedItemAsMerchant" file="/home/adam/Documents/flare/tests/Unit/Game/SpecialtyShops/Services/SpecialtyShopTest.php" line="141" class="Tests\Unit\Game\SpecialtyShops\Services\SpecialtyShopTest" classname="Tests.Unit.Game.SpecialtyShops.Services.SpecialtyShopTest" assertions="4" time="0.248810"/>
      </testsuite>
      <testsuite name="Tests\Unit\Game\Survey\Services\SurveyServiceTest" file="/home/adam/Documents/flare/tests/Unit/Game/Survey/Services/SurveyServiceTest.php" tests="2" assertions="5" errors="0" failures="0" skipped="0" time="0.476048">
        <testcase name="testSurveyIsMissingFields" file="/home/adam/Documents/flare/tests/Unit/Game/Survey/Services/SurveyServiceTest.php" line="28" class="Tests\Unit\Game\Survey\Services\SurveyServiceTest" classname="Tests.Unit.Game.Survey.Services.SurveyServiceTest" assertions="2" time="0.210184"/>
        <testcase name="testSurveyIsSubmitted" file="/home/adam/Documents/flare/tests/Unit/Game/Survey/Services/SurveyServiceTest.php" line="39" class="Tests\Unit\Game\Survey\Services\SurveyServiceTest" classname="Tests.Unit.Game.Survey.Services.SurveyServiceTest" assertions="3" time="0.265864"/>
      </testsuite>
      <testsuite name="Tests\Unit\Game\Survey\Validator\SurveyValidatorTest" file="/home/adam/Documents/flare/tests/Unit/Game/Survey/Validator/SurveyValidatorTest.php" tests="4" assertions="4" errors="0" failures="0" skipped="0" time="0.500476">
        <testcase name="testSectionLabelDoesNotHaveAValue" file="/home/adam/Documents/flare/tests/Unit/Game/Survey/Validator/SurveyValidatorTest.php" line="37" class="Tests\Unit\Game\Survey\Validator\SurveyValidatorTest" classname="Tests.Unit.Game.Survey.Validator.SurveyValidatorTest" assertions="1" time="0.107054"/>
        <testcase name="testSectionIsInvalidWhenUsingInvalidType" file="/home/adam/Documents/flare/tests/Unit/Game/Survey/Validator/SurveyValidatorTest.php" line="48" class="Tests\Unit\Game\Survey\Validator\SurveyValidatorTest" classname="Tests.Unit.Game.Survey.Validator.SurveyValidatorTest" assertions="1" time="0.120114"/>
        <testcase name="testSectionsAreValid" file="/home/adam/Documents/flare/tests/Unit/Game/Survey/Validator/SurveyValidatorTest.php" line="103" class="Tests\Unit\Game\Survey\Validator\SurveyValidatorTest" classname="Tests.Unit.Game.Survey.Validator.SurveyValidatorTest" assertions="1" time="0.108950"/>
        <testcase name="testSectionIsInvalidWhenCheckBoxOptionIsNotAValidSelection" file="/home/adam/Documents/flare/tests/Unit/Game/Survey/Validator/SurveyValidatorTest.php" line="76" class="Tests\Unit\Game\Survey\Validator\SurveyValidatorTest" classname="Tests.Unit.Game.Survey.Validator.SurveyValidatorTest" assertions="1" time="0.164357"/>
      </testsuite>
    </testsuite>
  </testsuite>
</testsuites>
